Using launch settings from src\Services\Catalog\SupplyChain.Catalog.API\Properties\launchSettings.json...
Building...
[12:29:42 INF] Executed DbCommand (33ms) [Parameters=[], CommandType='Text', CommandTimeout='30']
SELECT 1
[12:29:42 INF] Acquiring an exclusive lock for migration application. See https://aka.ms/efcore-docs-migrations-lock for more information if this takes too long.
[12:29:42 INF] Executed DbCommand (32ms) [Parameters=[], CommandType='Text', CommandTimeout='30']
DECLARE @result int;
EXEC @result = sp_getapplock @Resource = '__EFMigrationsLock', @LockOwner = 'Session', @LockMode = 'Exclusive';
SELECT @result
[12:29:42 INF] Executed DbCommand (4ms) [Parameters=[], CommandType='Text', CommandTimeout='30']
IF OBJECT_ID(N'[__EFMigrationsHistory]') IS NULL
BEGIN
    CREATE TABLE [__EFMigrationsHistory] (
        [MigrationId] nvarchar(150) NOT NULL,
        [ProductVersion] nvarchar(32) NOT NULL,
        CONSTRAINT [PK___EFMigrationsHistory] PRIMARY KEY ([MigrationId])
    );
END;
[12:29:42 INF] Executed DbCommand (1ms) [Parameters=[], CommandType='Text', CommandTimeout='30']
SELECT 1
[12:29:42 INF] Executed DbCommand (1ms) [Parameters=[], CommandType='Text', CommandTimeout='30']
SELECT OBJECT_ID(N'[__EFMigrationsHistory]');
[12:29:42 INF] Executed DbCommand (14ms) [Parameters=[], CommandType='Text', CommandTimeout='30']
SELECT [MigrationId], [ProductVersion]
FROM [__EFMigrationsHistory]
ORDER BY [MigrationId];
[12:29:43 INF] No migrations were applied. The database is already up to date.
[12:29:43 INF] Executed DbCommand (4ms) [Parameters=[], CommandType='Text', CommandTimeout='30']
DECLARE @result int;
EXEC @result = sp_releaseapplock @Resource = '__EFMigrationsLock', @LockOwner = 'Session';
SELECT @result
[12:29:43 INF] Executed DbCommand (7ms) [Parameters=[], CommandType='Text', CommandTimeout='30']
SELECT CASE
    WHEN EXISTS (
        SELECT 1
        FROM [Categories] AS [c]) THEN CAST(1 AS bit)
    ELSE CAST(0 AS bit)
END
[12:29:43 INF] User profile is available. Using 'C:\Users\Srikaran\AppData\Local\ASP.NET\DataProtection-Keys' as key repository and Windows DPAPI to encrypt keys at rest.
[12:29:43 INF] Now listening on: http://localhost:5004
[12:29:43 INF] Application started. Press Ctrl+C to shut down.
[12:29:43 INF] Hosting environment: Development
[12:29:43 INF] Content root path: D:\Early Sprint\EnterpriseB2BSupplyChain\EnterpriseB2BSupplyChain\src\Services\Catalog\SupplyChain.Catalog.API
[12:29:54 INF] Request starting HTTP/1.1 GET http://localhost:5004/health - null null
[12:29:54 INF] Executing endpoint 'Health checks'
[12:29:54 INF] Executed endpoint 'Health checks'
[12:29:54 INF] HTTP GET /health responded 200 in 44.2786 ms
[12:29:54 INF] Request finished HTTP/1.1 GET http://localhost:5004/health - 200 null text/plain 83.5351ms
