Using launch settings from src\Services\Payment\SupplyChain.Payment.API\Properties\launchSettings.json...
Building...
[15:17:32 INF] Executed DbCommand (119ms) [Parameters=[], CommandType='Text', CommandTimeout='30']
SELECT 1
[15:17:33 INF] Acquiring an exclusive lock for migration application. See https://aka.ms/efcore-docs-migrations-lock for more information if this takes too long.
[15:17:33 INF] Executed DbCommand (94ms) [Parameters=[], CommandType='Text', CommandTimeout='30']
DECLARE @result int;
EXEC @result = sp_getapplock @Resource = '__EFMigrationsLock', @LockOwner = 'Session', @LockMode = 'Exclusive';
SELECT @result
[15:17:33 INF] Executed DbCommand (6ms) [Parameters=[], CommandType='Text', CommandTimeout='30']
IF OBJECT_ID(N'[__EFMigrationsHistory]') IS NULL
BEGIN
    CREATE TABLE [__EFMigrationsHistory] (
        [MigrationId] nvarchar(150) NOT NULL,
        [ProductVersion] nvarchar(32) NOT NULL,
        CONSTRAINT [PK___EFMigrationsHistory] PRIMARY KEY ([MigrationId])
    );
END;
[15:17:33 INF] Executed DbCommand (1ms) [Parameters=[], CommandType='Text', CommandTimeout='30']
SELECT 1
[15:17:33 INF] Executed DbCommand (2ms) [Parameters=[], CommandType='Text', CommandTimeout='30']
SELECT OBJECT_ID(N'[__EFMigrationsHistory]');
[15:17:33 INF] Executed DbCommand (18ms) [Parameters=[], CommandType='Text', CommandTimeout='30']
SELECT [MigrationId], [ProductVersion]
FROM [__EFMigrationsHistory]
ORDER BY [MigrationId];
[15:17:33 INF] No migrations were applied. The database is already up to date.
[15:17:33 INF] Executed DbCommand (7ms) [Parameters=[], CommandType='Text', CommandTimeout='30']
DECLARE @result int;
EXEC @result = sp_releaseapplock @Resource = '__EFMigrationsLock', @LockOwner = 'Session';
SELECT @result
[15:17:34 INF] User profile is available. Using 'C:\Users\Srikaran\AppData\Local\ASP.NET\DataProtection-Keys' as key repository and Windows DPAPI to encrypt keys at rest.
[15:17:34 INF] Now listening on: http://localhost:5010
[15:17:34 INF] Application started. Press Ctrl+C to shut down.
[15:17:34 INF] Hosting environment: Development
[15:17:34 INF] Content root path: D:\Early Sprint\EnterpriseB2BSupplyChain\EnterpriseB2BSupplyChain\src\Services\Payment\SupplyChain.Payment.API
[15:17:44 INF] Request starting HTTP/1.1 GET http://localhost:5010/health - null null
[15:17:44 INF] Executing endpoint 'Health checks'
[15:17:44 INF] Executed endpoint 'Health checks'
[15:17:44 INF] HTTP GET /health responded 200 in 93.8653 ms
[15:17:44 INF] Request finished HTTP/1.1 GET http://localhost:5010/health - 200 null text/plain 147.7356ms
