Using launch settings from src\Services\Payment\SupplyChain.Payment.API\Properties\launchSettings.json...
Building...
[15:18:52 INF] Executed DbCommand (75ms) [Parameters=[], CommandType='Text', CommandTimeout='30']
SELECT 1
[15:18:53 INF] Acquiring an exclusive lock for migration application. See https://aka.ms/efcore-docs-migrations-lock for more information if this takes too long.
[15:18:53 INF] Executed DbCommand (107ms) [Parameters=[], CommandType='Text', CommandTimeout='30']
DECLARE @result int;
EXEC @result = sp_getapplock @Resource = '__EFMigrationsLock', @LockOwner = 'Session', @LockMode = 'Exclusive';
SELECT @result
[15:18:53 INF] Executed DbCommand (8ms) [Parameters=[], CommandType='Text', CommandTimeout='30']
IF OBJECT_ID(N'[__EFMigrationsHistory]') IS NULL
BEGIN
    CREATE TABLE [__EFMigrationsHistory] (
        [MigrationId] nvarchar(150) NOT NULL,
        [ProductVersion] nvarchar(32) NOT NULL,
        CONSTRAINT [PK___EFMigrationsHistory] PRIMARY KEY ([MigrationId])
    );
END;
[15:18:53 INF] Executed DbCommand (19ms) [Parameters=[], CommandType='Text', CommandTimeout='30']
SELECT 1
[15:18:53 INF] Executed DbCommand (7ms) [Parameters=[], CommandType='Text', CommandTimeout='30']
SELECT OBJECT_ID(N'[__EFMigrationsHistory]');
[15:18:53 INF] Executed DbCommand (23ms) [Parameters=[], CommandType='Text', CommandTimeout='30']
SELECT [MigrationId], [ProductVersion]
FROM [__EFMigrationsHistory]
ORDER BY [MigrationId];
[15:18:53 INF] No migrations were applied. The database is already up to date.
[15:18:53 INF] Executed DbCommand (6ms) [Parameters=[], CommandType='Text', CommandTimeout='30']
DECLARE @result int;
EXEC @result = sp_releaseapplock @Resource = '__EFMigrationsLock', @LockOwner = 'Session';
SELECT @result
[15:18:53 INF] User profile is available. Using 'C:\Users\Srikaran\AppData\Local\ASP.NET\DataProtection-Keys' as key repository and Windows DPAPI to encrypt keys at rest.
[15:18:54 INF] Now listening on: http://localhost:5010
[15:18:54 INF] Application started. Press Ctrl+C to shut down.
[15:18:54 INF] Hosting environment: Development
[15:18:54 INF] Content root path: D:\Early Sprint\EnterpriseB2BSupplyChain\EnterpriseB2BSupplyChain\src\Services\Payment\SupplyChain.Payment.API
[15:19:00 INF] Request starting HTTP/1.1 GET http://localhost:5010/health - null null
[15:19:01 INF] Executing endpoint 'Health checks'
[15:19:01 INF] Executed endpoint 'Health checks'
[15:19:01 INF] HTTP GET /health responded 200 in 70.7694 ms
[15:19:01 INF] Request finished HTTP/1.1 GET http://localhost:5010/health - 200 null text/plain 110.1222ms
[15:23:25 INF] Request starting HTTP/1.1 GET http://localhost:5010/api/payment/dealers/fc14248d-5271-4a67-9db9-9f90d95f369f/credit-check?amount=2388.00 - null null
[15:23:25 INF] Authorization failed. These requirements were not met:
DenyAnonymousAuthorizationRequirement: Requires an authenticated user.
RolesAuthorizationRequirement:User.IsInRole must be true for one of the following roles: (Admin|Dealer)
[15:23:25 INF] AuthenticationScheme: Bearer was challenged.
[15:23:25 INF] HTTP GET /api/payment/dealers/fc14248d-5271-4a67-9db9-9f90d95f369f/credit-check responded 401 in 34.2811 ms
[15:23:25 INF] Request finished HTTP/1.1 GET http://localhost:5010/api/payment/dealers/fc14248d-5271-4a67-9db9-9f90d95f369f/credit-check?amount=2388.00 - 401 0 null 51.3278ms
[15:24:54 INF] Request starting HTTP/1.1 GET http://localhost:5010/api/payment/dealers/fc14248d-5271-4a67-9db9-9f90d95f369f/credit-check?amount=2388.00 - null null
[15:24:54 INF] Authorization failed. These requirements were not met:
DenyAnonymousAuthorizationRequirement: Requires an authenticated user.
RolesAuthorizationRequirement:User.IsInRole must be true for one of the following roles: (Admin|Dealer)
[15:24:54 INF] AuthenticationScheme: Bearer was challenged.
[15:24:54 INF] HTTP GET /api/payment/dealers/fc14248d-5271-4a67-9db9-9f90d95f369f/credit-check responded 401 in 4.2066 ms
[15:24:54 INF] Request finished HTTP/1.1 GET http://localhost:5010/api/payment/dealers/fc14248d-5271-4a67-9db9-9f90d95f369f/credit-check?amount=2388.00 - 401 0 null 7.6677ms
