Using launch settings from src\Services\Notification\SupplyChain.Notification.API\Properties\launchSettings.json...
Building...
[15:18:52 INF] Executed DbCommand (149ms) [Parameters=[], CommandType='Text', CommandTimeout='30']
SELECT 1
[15:18:52 INF] Acquiring an exclusive lock for migration application. See https://aka.ms/efcore-docs-migrations-lock for more information if this takes too long.
[15:18:53 INF] Executed DbCommand (78ms) [Parameters=[], CommandType='Text', CommandTimeout='30']
DECLARE @result int;
EXEC @result = sp_getapplock @Resource = '__EFMigrationsLock', @LockOwner = 'Session', @LockMode = 'Exclusive';
SELECT @result
[15:18:53 INF] Executed DbCommand (4ms) [Parameters=[], CommandType='Text', CommandTimeout='30']
IF OBJECT_ID(N'[__EFMigrationsHistory]') IS NULL
BEGIN
    CREATE TABLE [__EFMigrationsHistory] (
        [MigrationId] nvarchar(150) NOT NULL,
        [ProductVersion] nvarchar(32) NOT NULL,
        CONSTRAINT [PK___EFMigrationsHistory] PRIMARY KEY ([MigrationId])
    );
END;
[15:18:53 INF] Executed DbCommand (1ms) [Parameters=[], CommandType='Text', CommandTimeout='30']
SELECT 1
[15:18:53 INF] Executed DbCommand (2ms) [Parameters=[], CommandType='Text', CommandTimeout='30']
SELECT OBJECT_ID(N'[__EFMigrationsHistory]');
[15:18:53 INF] Executed DbCommand (19ms) [Parameters=[], CommandType='Text', CommandTimeout='30']
SELECT [MigrationId], [ProductVersion]
FROM [__EFMigrationsHistory]
ORDER BY [MigrationId];
[15:18:53 INF] No migrations were applied. The database is already up to date.
[15:18:53 INF] Executed DbCommand (7ms) [Parameters=[], CommandType='Text', CommandTimeout='30']
DECLARE @result int;
EXEC @result = sp_releaseapplock @Resource = '__EFMigrationsLock', @LockOwner = 'Session';
SELECT @result
[15:18:54 INF] Executed DbCommand (8ms) [Parameters=[], CommandType='Text', CommandTimeout='30']
SELECT CASE
    WHEN EXISTS (
        SELECT 1
        FROM [EmailTemplates] AS [e]) THEN CAST(1 AS bit)
    ELSE CAST(0 AS bit)
END
[15:18:54 INF] User profile is available. Using 'C:\Users\Srikaran\AppData\Local\ASP.NET\DataProtection-Keys' as key repository and Windows DPAPI to encrypt keys at rest.
[15:18:55 INF] Now listening on: http://localhost:5012
[15:18:55 INF] Application started. Press Ctrl+C to shut down.
[15:18:55 INF] Hosting environment: Development
[15:18:55 INF] Content root path: D:\Early Sprint\EnterpriseB2BSupplyChain\EnterpriseB2BSupplyChain\src\Services\Notification\SupplyChain.Notification.API
[15:18:55 INF] Notification consumer started. Queue: notification.email.queue
[15:19:01 INF] Request starting HTTP/1.1 GET http://localhost:5012/health - null null
[15:19:01 INF] Executing endpoint 'Health checks'
[15:19:01 INF] Executed endpoint 'Health checks'
[15:19:01 INF] HTTP GET /health responded 200 in 70.0323 ms
[15:19:01 INF] Request finished HTTP/1.1 GET http://localhost:5012/health - 200 null text/plain 112.8954ms
[15:23:27 WRN] Skipping event OrderPlaced. No recipient email in payload.
[15:24:57 WRN] Skipping event OrderPlaced. No recipient email in payload.
