Using launch settings from src\Gateway\SupplyChain.Gateway\Properties\launchSettings.json...
Building...
[15:18:36 INF] User profile is available. Using 'C:\Users\Srikaran\AppData\Local\ASP.NET\DataProtection-Keys' as key repository and Windows DPAPI to encrypt keys at rest.
[15:18:37 INF] Now listening on: http://localhost:5000
[15:18:37 INF] Application started. Press Ctrl+C to shut down.
[15:18:37 INF] Hosting environment: Development
[15:18:37 INF] Content root path: D:\Early Sprint\EnterpriseB2BSupplyChain\EnterpriseB2BSupplyChain\src\Gateway\SupplyChain.Gateway
[15:19:16 INF] Request starting HTTP/1.1 POST http://localhost:5000/api/auth/register - application/json 423
[15:19:16 INF] RequestId: 0HNK9HAECK3CG:00000001, PreviousRequestId: -
Rate limiting is disabled for route '/api/auth/{everything}' via the EnableRateLimiting option.
[15:19:16 INF] RequestId: 0HNK9HAECK3CG:00000001, PreviousRequestId: -
No authentication is required for the path '/api/auth/register' in the route /api/auth/{everything}.
[15:19:20 WRN] RequestId: 0HNK9HAECK3CG:00000001, PreviousRequestId: -
409 Conflict status code of request URI: http://localhost:5002/api/auth/register
[15:19:20 INF] HTTP POST /api/auth/register responded 409 in 4205.2137 ms
[15:19:20 INF] Request finished HTTP/1.1 POST http://localhost:5000/api/auth/register - 409 null application/json 4233.8307ms
[15:19:20 INF] Request reached the end of the middleware pipeline without being handled by application code. Request path: POST http://localhost:5000/api/auth/register, Response status code: 409
[15:19:35 INF] Request starting HTTP/1.1 POST http://localhost:5000/api/auth/register - application/json 423
[15:19:35 INF] RequestId: 0HNK9HAECK3CG:00000002, PreviousRequestId: -
Rate limiting is disabled for route '/api/auth/{everything}' via the EnableRateLimiting option.
[15:19:35 INF] RequestId: 0HNK9HAECK3CG:00000002, PreviousRequestId: -
No authentication is required for the path '/api/auth/register' in the route /api/auth/{everything}.
[15:19:36 WRN] RequestId: 0HNK9HAECK3CG:00000002, PreviousRequestId: -
409 Conflict status code of request URI: http://localhost:5002/api/auth/register
[15:19:36 INF] HTTP POST /api/auth/register responded 409 in 153.4327 ms
[15:19:36 INF] Request finished HTTP/1.1 POST http://localhost:5000/api/auth/register - 409 null application/json 156.0846ms
[15:19:36 INF] Request reached the end of the middleware pipeline without being handled by application code. Request path: POST http://localhost:5000/api/auth/register, Response status code: 409
[15:19:48 INF] Request starting HTTP/1.1 POST http://localhost:5000/api/auth/register - application/json 419
[15:19:48 INF] RequestId: 0HNK9HAECK3CG:00000003, PreviousRequestId: -
Rate limiting is disabled for route '/api/auth/{everything}' via the EnableRateLimiting option.
[15:19:48 INF] RequestId: 0HNK9HAECK3CG:00000003, PreviousRequestId: -
No authentication is required for the path '/api/auth/register' in the route /api/auth/{everything}.
[15:19:48 WRN] RequestId: 0HNK9HAECK3CG:00000003, PreviousRequestId: -
400 Bad Request status code of request URI: http://localhost:5002/api/auth/register
[15:19:48 INF] HTTP POST /api/auth/register responded 400 in 34.6724 ms
[15:19:48 INF] Request finished HTTP/1.1 POST http://localhost:5000/api/auth/register - 400 null application/json 36.0379ms
[15:19:48 INF] Request reached the end of the middleware pipeline without being handled by application code. Request path: POST http://localhost:5000/api/auth/register, Response status code: 400
[15:20:21 INF] Request starting HTTP/1.1 POST http://localhost:5000/api/auth/register - application/json 415
[15:20:21 INF] RequestId: 0HNK9HAECK3CG:00000004, PreviousRequestId: -
Rate limiting is disabled for route '/api/auth/{everything}' via the EnableRateLimiting option.
[15:20:21 INF] RequestId: 0HNK9HAECK3CG:00000004, PreviousRequestId: -
No authentication is required for the path '/api/auth/register' in the route /api/auth/{everything}.
[15:20:22 INF] RequestId: 0HNK9HAECK3CG:00000004, PreviousRequestId: -
201 Created status code of request URI: http://localhost:5002/api/auth/register
[15:20:22 INF] HTTP POST /api/auth/register responded 201 in 532.2073 ms
[15:20:22 INF] Request finished HTTP/1.1 POST http://localhost:5000/api/auth/register - 201 null application/json; charset=utf-8 533.3008ms
[15:20:22 INF] Request reached the end of the middleware pipeline without being handled by application code. Request path: POST http://localhost:5000/api/auth/register, Response status code: 201
[15:21:02 INF] Request starting HTTP/1.1 POST http://localhost:5000/api/auth/login - application/json 79
[15:21:02 INF] RequestId: 0HNK9HAECK3CG:00000005, PreviousRequestId: -
Rate limiting is disabled for route '/api/auth/{everything}' via the EnableRateLimiting option.
[15:21:02 INF] RequestId: 0HNK9HAECK3CG:00000005, PreviousRequestId: -
No authentication is required for the path '/api/auth/login' in the route /api/auth/{everything}.
[15:21:02 WRN] RequestId: 0HNK9HAECK3CG:00000005, PreviousRequestId: -
409 Conflict status code of request URI: http://localhost:5002/api/auth/login
[15:21:02 INF] HTTP POST /api/auth/login responded 409 in 594.2710 ms
[15:21:02 INF] Request finished HTTP/1.1 POST http://localhost:5000/api/auth/login - 409 null application/json 596.252ms
[15:21:02 INF] Request reached the end of the middleware pipeline without being handled by application code. Request path: POST http://localhost:5000/api/auth/login, Response status code: 409
[15:21:16 INF] Request starting HTTP/1.1 POST http://localhost:5000/api/auth/login - application/json 79
[15:21:16 INF] RequestId: 0HNK9HAECK3CG:00000006, PreviousRequestId: -
Rate limiting is disabled for route '/api/auth/{everything}' via the EnableRateLimiting option.
[15:21:16 INF] RequestId: 0HNK9HAECK3CG:00000006, PreviousRequestId: -
No authentication is required for the path '/api/auth/login' in the route /api/auth/{everything}.
[15:21:16 WRN] RequestId: 0HNK9HAECK3CG:00000006, PreviousRequestId: -
409 Conflict status code of request URI: http://localhost:5002/api/auth/login
[15:21:16 INF] HTTP POST /api/auth/login responded 409 in 17.0045 ms
[15:21:16 INF] Request finished HTTP/1.1 POST http://localhost:5000/api/auth/login - 409 null application/json 17.9396ms
[15:21:16 INF] Request reached the end of the middleware pipeline without being handled by application code. Request path: POST http://localhost:5000/api/auth/login, Response status code: 409
[15:22:18 INF] Request starting HTTP/1.1 POST http://localhost:5000/api/auth/login - application/json 79
[15:22:18 INF] RequestId: 0HNK9HAECK3CG:00000007, PreviousRequestId: -
Rate limiting is disabled for route '/api/auth/{everything}' via the EnableRateLimiting option.
[15:22:18 INF] RequestId: 0HNK9HAECK3CG:00000007, PreviousRequestId: -
No authentication is required for the path '/api/auth/login' in the route /api/auth/{everything}.
[15:22:18 INF] RequestId: 0HNK9HAECK3CG:00000007, PreviousRequestId: -
200 OK status code of request URI: http://localhost:5002/api/auth/login
[15:22:18 INF] HTTP POST /api/auth/login responded 200 in 283.1721 ms
[15:22:18 INF] Request finished HTTP/1.1 POST http://localhost:5000/api/auth/login - 200 null application/json; charset=utf-8 284.7728ms
[15:22:18 INF] Request reached the end of the middleware pipeline without being handled by application code. Request path: POST http://localhost:5000/api/auth/login, Response status code: 200
[15:22:31 INF] Request starting HTTP/1.1 GET http://localhost:5000/api/products - null null
[15:22:31 INF] RequestId: 0HNK9HAECK3CG:00000008, PreviousRequestId: -
Rate limiting is disabled for route '/api/products/{everything}' via the EnableRateLimiting option.
[15:22:31 INF] RequestId: 0HNK9HAECK3CG:00000008, PreviousRequestId: -
The path '/api/products' is an authenticated route! AuthenticationMiddleware checking if client is authenticated...
[15:22:31 INF] RequestId: 0HNK9HAECK3CG:00000008, PreviousRequestId: -
Client has been authenticated for path '/api/products' by 'AuthenticationTypes.Federation' scheme.
[15:22:32 INF] RequestId: 0HNK9HAECK3CG:00000008, PreviousRequestId: -
200 OK status code of request URI: http://localhost:5004/api/products
[15:22:32 INF] HTTP GET /api/products responded 200 in 1164.2011 ms
[15:22:32 INF] Request finished HTTP/1.1 GET http://localhost:5000/api/products - 200 null application/json; charset=utf-8 1165.4097ms
[15:22:32 INF] Request reached the end of the middleware pipeline without being handled by application code. Request path: GET http://localhost:5000/api/products, Response status code: 200
[15:22:43 INF] Request starting HTTP/1.1 POST http://localhost:5000/api/orders - application/json 495
[15:22:43 INF] RequestId: 0HNK9HAECK3CG:00000009, PreviousRequestId: -
Rate limiting is disabled for route '/api/orders/{everything}' via the EnableRateLimiting option.
[15:22:43 INF] RequestId: 0HNK9HAECK3CG:00000009, PreviousRequestId: -
The path '/api/orders' is an authenticated route! AuthenticationMiddleware checking if client is authenticated...
[15:22:43 INF] RequestId: 0HNK9HAECK3CG:00000009, PreviousRequestId: -
Client has been authenticated for path '/api/orders' by 'AuthenticationTypes.Federation' scheme.
[15:22:43 WRN] RequestId: 0HNK9HAECK3CG:00000009, PreviousRequestId: -
400 Bad Request status code of request URI: http://localhost:5006/api/orders
[15:22:43 INF] HTTP POST /api/orders responded 400 in 597.3542 ms
[15:22:43 INF] Request finished HTTP/1.1 POST http://localhost:5000/api/orders - 400 null application/json 598.9851ms
[15:22:43 INF] Request reached the end of the middleware pipeline without being handled by application code. Request path: POST http://localhost:5000/api/orders, Response status code: 400
[15:22:55 INF] Request starting HTTP/1.1 POST http://localhost:5000/api/orders - application/json 495
[15:22:55 INF] RequestId: 0HNK9HAECK3CG:0000000A, PreviousRequestId: -
Rate limiting is disabled for route '/api/orders/{everything}' via the EnableRateLimiting option.
[15:22:55 INF] RequestId: 0HNK9HAECK3CG:0000000A, PreviousRequestId: -
The path '/api/orders' is an authenticated route! AuthenticationMiddleware checking if client is authenticated...
[15:22:55 INF] RequestId: 0HNK9HAECK3CG:0000000A, PreviousRequestId: -
Client has been authenticated for path '/api/orders' by 'AuthenticationTypes.Federation' scheme.
[15:22:55 WRN] RequestId: 0HNK9HAECK3CG:0000000A, PreviousRequestId: -
400 Bad Request status code of request URI: http://localhost:5006/api/orders
[15:22:55 INF] HTTP POST /api/orders responded 400 in 32.7164 ms
[15:22:55 INF] Request finished HTTP/1.1 POST http://localhost:5000/api/orders - 400 null application/json 34.3819ms
[15:22:56 INF] Request reached the end of the middleware pipeline without being handled by application code. Request path: POST http://localhost:5000/api/orders, Response status code: 400
[15:23:25 INF] Request starting HTTP/1.1 POST http://localhost:5000/api/orders - application/json 496
[15:23:25 INF] RequestId: 0HNK9HAECK3CG:0000000B, PreviousRequestId: -
Rate limiting is disabled for route '/api/orders/{everything}' via the EnableRateLimiting option.
[15:23:25 INF] RequestId: 0HNK9HAECK3CG:0000000B, PreviousRequestId: -
The path '/api/orders' is an authenticated route! AuthenticationMiddleware checking if client is authenticated...
[15:23:25 INF] RequestId: 0HNK9HAECK3CG:0000000B, PreviousRequestId: -
Client has been authenticated for path '/api/orders' by 'AuthenticationTypes.Federation' scheme.
[15:23:25 INF] RequestId: 0HNK9HAECK3CG:0000000B, PreviousRequestId: -
201 Created status code of request URI: http://localhost:5006/api/orders
[15:23:25 INF] HTTP POST /api/orders responded 201 in 857.5190 ms
[15:23:25 INF] Request finished HTTP/1.1 POST http://localhost:5000/api/orders - 201 null application/json; charset=utf-8 859.3865ms
[15:23:25 INF] Request reached the end of the middleware pipeline without being handled by application code. Request path: POST http://localhost:5000/api/orders, Response status code: 201
[15:23:37 INF] Request starting HTTP/1.1 GET http://localhost:5000/api/orders/my - null null
[15:23:37 INF] RequestId: 0HNK9HAECK3CG:0000000C, PreviousRequestId: -
Rate limiting is disabled for route '/api/orders/{everything}' via the EnableRateLimiting option.
[15:23:37 INF] RequestId: 0HNK9HAECK3CG:0000000C, PreviousRequestId: -
The path '/api/orders/my' is an authenticated route! AuthenticationMiddleware checking if client is authenticated...
[15:23:37 INF] RequestId: 0HNK9HAECK3CG:0000000C, PreviousRequestId: -
Client has been authenticated for path '/api/orders/my' by 'AuthenticationTypes.Federation' scheme.
[15:23:38 INF] RequestId: 0HNK9HAECK3CG:0000000C, PreviousRequestId: -
200 OK status code of request URI: http://localhost:5006/api/orders/my
[15:23:38 INF] HTTP GET /api/orders/my responded 200 in 169.0834 ms
[15:23:38 INF] Request finished HTTP/1.1 GET http://localhost:5000/api/orders/my - 200 null application/json; charset=utf-8 170.5838ms
[15:23:38 INF] Request reached the end of the middleware pipeline without being handled by application code. Request path: GET http://localhost:5000/api/orders/my, Response status code: 200
[15:24:54 INF] Request starting HTTP/1.1 POST http://localhost:5000/api/orders - application/json 498
[15:24:54 INF] RequestId: 0HNK9HAECK3CG:0000000D, PreviousRequestId: -
Rate limiting is disabled for route '/api/orders/{everything}' via the EnableRateLimiting option.
[15:24:54 INF] RequestId: 0HNK9HAECK3CG:0000000D, PreviousRequestId: -
The path '/api/orders' is an authenticated route! AuthenticationMiddleware checking if client is authenticated...
[15:24:54 INF] RequestId: 0HNK9HAECK3CG:0000000D, PreviousRequestId: -
Client has been authenticated for path '/api/orders' by 'AuthenticationTypes.Federation' scheme.
[15:24:54 INF] RequestId: 0HNK9HAECK3CG:0000000D, PreviousRequestId: -
201 Created status code of request URI: http://localhost:5006/api/orders
[15:24:54 INF] HTTP POST /api/orders responded 201 in 37.8799 ms
[15:24:54 INF] Request finished HTTP/1.1 POST http://localhost:5000/api/orders - 201 null application/json; charset=utf-8 39.2769ms
[15:24:54 INF] Request reached the end of the middleware pipeline without being handled by application code. Request path: POST http://localhost:5000/api/orders, Response status code: 201
