Using launch settings from src\Services\Catalog\SupplyChain.Catalog.API\Properties\launchSettings.json...
Building...
[15:18:52 INF] Executed DbCommand (149ms) [Parameters=[], CommandType='Text', CommandTimeout='30']
SELECT 1
[15:18:52 INF] Acquiring an exclusive lock for migration application. See https://aka.ms/efcore-docs-migrations-lock for more information if this takes too long.
[15:18:53 INF] Executed DbCommand (71ms) [Parameters=[], CommandType='Text', CommandTimeout='30']
DECLARE @result int;
EXEC @result = sp_getapplock @Resource = '__EFMigrationsLock', @LockOwner = 'Session', @LockMode = 'Exclusive';
SELECT @result
[15:18:53 INF] Executed DbCommand (4ms) [Parameters=[], CommandType='Text', CommandTimeout='30']
IF OBJECT_ID(N'[__EFMigrationsHistory]') IS NULL
BEGIN
    CREATE TABLE [__EFMigrationsHistory] (
        [MigrationId] nvarchar(150) NOT NULL,
        [ProductVersion] nvarchar(32) NOT NULL,
        CONSTRAINT [PK___EFMigrationsHistory] PRIMARY KEY ([MigrationId])
    );
END;
[15:18:53 INF] Executed DbCommand (2ms) [Parameters=[], CommandType='Text', CommandTimeout='30']
SELECT 1
[15:18:53 INF] Executed DbCommand (2ms) [Parameters=[], CommandType='Text', CommandTimeout='30']
SELECT OBJECT_ID(N'[__EFMigrationsHistory]');
[15:18:53 INF] Executed DbCommand (18ms) [Parameters=[], CommandType='Text', CommandTimeout='30']
SELECT [MigrationId], [ProductVersion]
FROM [__EFMigrationsHistory]
ORDER BY [MigrationId];
[15:18:53 INF] No migrations were applied. The database is already up to date.
[15:18:53 INF] Executed DbCommand (7ms) [Parameters=[], CommandType='Text', CommandTimeout='30']
DECLARE @result int;
EXEC @result = sp_releaseapplock @Resource = '__EFMigrationsLock', @LockOwner = 'Session';
SELECT @result
[15:18:54 INF] Executed DbCommand (5ms) [Parameters=[], CommandType='Text', CommandTimeout='30']
SELECT CASE
    WHEN EXISTS (
        SELECT 1
        FROM [Categories] AS [c]) THEN CAST(1 AS bit)
    ELSE CAST(0 AS bit)
END
[15:18:54 INF] User profile is available. Using 'C:\Users\Srikaran\AppData\Local\ASP.NET\DataProtection-Keys' as key repository and Windows DPAPI to encrypt keys at rest.
[15:18:55 INF] Now listening on: http://localhost:5004
[15:18:55 INF] Application started. Press Ctrl+C to shut down.
[15:18:55 INF] Hosting environment: Development
[15:18:55 INF] Content root path: D:\Early Sprint\EnterpriseB2BSupplyChain\EnterpriseB2BSupplyChain\src\Services\Catalog\SupplyChain.Catalog.API
[15:19:00 INF] Request starting HTTP/1.1 GET http://localhost:5004/health - null null
[15:19:00 INF] Executing endpoint 'Health checks'
[15:19:00 INF] Executed endpoint 'Health checks'
[15:19:00 INF] HTTP GET /health responded 200 in 54.2044 ms
[15:19:00 INF] Request finished HTTP/1.1 GET http://localhost:5004/health - 200 null text/plain 92.3902ms
[15:22:31 INF] Request starting HTTP/1.1 GET http://localhost:5004/api/products - null null
[15:22:31 INF] Executing endpoint 'SupplyChain.Catalog.API.Controllers.ProductsController.GetProducts (SupplyChain.Catalog.API)'
[15:22:31 INF] Route matched with {action = "GetProducts", controller = "Products"}. Executing controller action with signature System.Threading.Tasks.Task`1[Microsoft.AspNetCore.Mvc.IActionResult] GetProducts(System.Nullable`1[System.Guid], System.Nullable`1[System.Boolean], System.String, System.Threading.CancellationToken) on controller SupplyChain.Catalog.API.Controllers.ProductsController (SupplyChain.Catalog.API).
[15:22:31 WRN] You do not have a valid license key for the Lucky Penny software MediatR. This is allowed for development and testing scenarios. If you are running in production you are required to have a licensed version. Please visit https://luckypennysoftware.com to obtain a valid license.
[15:22:31 INF] Handling GetProductsQuery
[15:22:31 INF] Executed DbCommand (35ms) [Parameters=[], CommandType='Text', CommandTimeout='30']
SELECT [p].[ProductId], [p].[Brand], [p].[CategoryId], [p].[CreatedAt], [p].[Description], [p].[ImageUrl], [p].[MinOrderQuantity], [p].[Name], [p].[ReservedStock], [p].[SKU], [p].[Status], [p].[TotalStock], [p].[UnitPrice], [p].[UpdatedAt], [c].[CategoryId], [c].[CreatedAt], [c].[Description], [c].[IsActive], [c].[Name], [c].[ParentCategoryId]
FROM [Products] AS [p]
INNER JOIN [Categories] AS [c] ON [p].[CategoryId] = [c].[CategoryId]
WHERE [p].[Status] = N'Active'
ORDER BY [p].[Name]
[15:22:32 INF] Handled GetProductsQuery in 713ms
[15:22:32 INF] Executing OkObjectResult, writing value of type 'System.Collections.Generic.List`1[[SupplyChain.Catalog.Application.DTOs.ProductDto, SupplyChain.Catalog.Application, Version=1.0.0.0, Culture=neutral, PublicKeyToken=null]]'.
[15:22:32 INF] Executed action SupplyChain.Catalog.API.Controllers.ProductsController.GetProducts (SupplyChain.Catalog.API) in 764.0776ms
[15:22:32 INF] Executed endpoint 'SupplyChain.Catalog.API.Controllers.ProductsController.GetProducts (SupplyChain.Catalog.API)'
[15:22:32 INF] HTTP GET /api/products responded 200 in 991.7658 ms
[15:22:32 INF] Request finished HTTP/1.1 GET http://localhost:5004/api/products - 200 null application/json; charset=utf-8 1003.2186ms
