Using launch settings from src\Services\Identity\SupplyChain.Identity.API\Properties\launchSettings.json...
Building...
[15:18:40 INF] User profile is available. Using 'C:\Users\Srikaran\AppData\Local\ASP.NET\DataProtection-Keys' as key repository and Windows DPAPI to encrypt keys at rest.
[15:18:41 INF] Now listening on: http://localhost:5002
[15:18:42 INF] Application started. Press Ctrl+C to shut down.
[15:18:42 INF] Hosting environment: Development
[15:18:43 INF] Content root path: D:\Early Sprint\EnterpriseB2BSupplyChain\EnterpriseB2BSupplyChain\src\Services\Identity\SupplyChain.Identity.API
[15:19:00 INF] Request starting HTTP/1.1 GET http://localhost:5002/health - null null
[15:19:00 INF] Executing endpoint 'Health checks'
[15:19:00 INF] Executed endpoint 'Health checks'
[15:19:00 INF] HTTP GET /health responded 200 in 70.5625 ms
[15:19:00 INF] Request finished HTTP/1.1 GET http://localhost:5002/health - 200 null text/plain 120.582ms
[15:19:16 INF] Request starting HTTP/1.1 POST http://localhost:5002/api/auth/register - application/json 423
[15:19:16 INF] Executing endpoint 'SupplyChain.Identity.API.Controllers.AuthController.Register (SupplyChain.Identity.API)'
[15:19:16 INF] Route matched with {action = "Register", controller = "Auth"}. Executing controller action with signature System.Threading.Tasks.Task`1[Microsoft.AspNetCore.Mvc.IActionResult] Register(SupplyChain.Identity.Application.Commands.RegisterDealer.RegisterDealerCommand, System.Threading.CancellationToken) on controller SupplyChain.Identity.API.Controllers.AuthController (SupplyChain.Identity.API).
[15:19:16 WRN] You do not have a valid license key for the Lucky Penny software MediatR. This is allowed for development and testing scenarios. If you are running in production you are required to have a licensed version. Please visit https://luckypennysoftware.com to obtain a valid license.
[15:19:16 INF] Handling RegisterDealerCommand
[15:19:20 INF] Executed DbCommand (78ms) [Parameters=[@ToLowerInvariant='?' (Size = 256)], CommandType='Text', CommandTimeout='30']
SELECT CASE
    WHEN EXISTS (
        SELECT 1
        FROM [Users] AS [u]
        WHERE [u].[Email] = @ToLowerInvariant) THEN CAST(1 AS bit)
    ELSE CAST(0 AS bit)
END
[15:19:20 INF] Executed DbCommand (5ms) [Parameters=[@ToUpperInvariant='?' (Size = 20)], CommandType='Text', CommandTimeout='30']
SELECT CASE
    WHEN EXISTS (
        SELECT 1
        FROM [DealerProfiles] AS [d]
        WHERE [d].[GstNumber] = @ToUpperInvariant) THEN CAST(1 AS bit)
    ELSE CAST(0 AS bit)
END
[15:19:20 ERR] Error handling RegisterDealerCommand after 3783ms
System.InvalidOperationException: GST number '27ABCDE1234F1Z5' is already registered.
   at SupplyChain.Identity.Application.Commands.RegisterDealer.RegisterDealerCommandHandler.Handle(RegisterDealerCommand command, CancellationToken ct) in D:\Early Sprint\EnterpriseB2BSupplyChain\EnterpriseB2BSupplyChain\src\Services\Identity\SupplyChain.Identity.Application\Commands\RegisterDealer\RegisterDealerCommandHandler.cs:line 25
   at SupplyChain.Identity.Application.Behaviors.ValidationBehavior`2.Handle(TRequest request, RequestHandlerDelegate`1 next, CancellationToken ct) in D:\Early Sprint\EnterpriseB2BSupplyChain\EnterpriseB2BSupplyChain\src\Services\Identity\SupplyChain.Identity.Application\Behaviors\ValidationBehavior.cs:line 32
   at SupplyChain.Identity.Application.Behaviors.LoggingBehavior`2.Handle(TRequest request, RequestHandlerDelegate`1 next, CancellationToken ct) in D:\Early Sprint\EnterpriseB2BSupplyChain\EnterpriseB2BSupplyChain\src\Services\Identity\SupplyChain.Identity.Application\Behaviors\LoggingBehavior.cs:line 25
[15:19:20 INF] Executed action SupplyChain.Identity.API.Controllers.AuthController.Register (SupplyChain.Identity.API) in 3910.7741ms
[15:19:20 INF] Executed endpoint 'SupplyChain.Identity.API.Controllers.AuthController.Register (SupplyChain.Identity.API)'
[15:19:20 INF] HTTP POST /api/auth/register responded 409 in 3970.9796 ms
[15:19:20 INF] Request finished HTTP/1.1 POST http://localhost:5002/api/auth/register - 409 null application/json 3985.7693ms
[15:19:35 INF] Request starting HTTP/1.1 POST http://localhost:5002/api/auth/register - application/json 423
[15:19:35 INF] Executing endpoint 'SupplyChain.Identity.API.Controllers.AuthController.Register (SupplyChain.Identity.API)'
[15:19:35 INF] Route matched with {action = "Register", controller = "Auth"}. Executing controller action with signature System.Threading.Tasks.Task`1[Microsoft.AspNetCore.Mvc.IActionResult] Register(SupplyChain.Identity.Application.Commands.RegisterDealer.RegisterDealerCommand, System.Threading.CancellationToken) on controller SupplyChain.Identity.API.Controllers.AuthController (SupplyChain.Identity.API).
[15:19:35 INF] Handling RegisterDealerCommand
[15:19:36 INF] Executed DbCommand (3ms) [Parameters=[@ToLowerInvariant='?' (Size = 256)], CommandType='Text', CommandTimeout='30']
SELECT CASE
    WHEN EXISTS (
        SELECT 1
        FROM [Users] AS [u]
        WHERE [u].[Email] = @ToLowerInvariant) THEN CAST(1 AS bit)
    ELSE CAST(0 AS bit)
END
[15:19:36 INF] Executed DbCommand (3ms) [Parameters=[@ToUpperInvariant='?' (Size = 20)], CommandType='Text', CommandTimeout='30']
SELECT CASE
    WHEN EXISTS (
        SELECT 1
        FROM [DealerProfiles] AS [d]
        WHERE [d].[GstNumber] = @ToUpperInvariant) THEN CAST(1 AS bit)
    ELSE CAST(0 AS bit)
END
[15:19:36 ERR] Error handling RegisterDealerCommand after 127ms
System.InvalidOperationException: GST number '27ABCDE1234F1Z5' is already registered.
   at SupplyChain.Identity.Application.Commands.RegisterDealer.RegisterDealerCommandHandler.Handle(RegisterDealerCommand command, CancellationToken ct) in D:\Early Sprint\EnterpriseB2BSupplyChain\EnterpriseB2BSupplyChain\src\Services\Identity\SupplyChain.Identity.Application\Commands\RegisterDealer\RegisterDealerCommandHandler.cs:line 25
   at SupplyChain.Identity.Application.Behaviors.ValidationBehavior`2.Handle(TRequest request, RequestHandlerDelegate`1 next, CancellationToken ct) in D:\Early Sprint\EnterpriseB2BSupplyChain\EnterpriseB2BSupplyChain\src\Services\Identity\SupplyChain.Identity.Application\Behaviors\ValidationBehavior.cs:line 32
   at SupplyChain.Identity.Application.Behaviors.LoggingBehavior`2.Handle(TRequest request, RequestHandlerDelegate`1 next, CancellationToken ct) in D:\Early Sprint\EnterpriseB2BSupplyChain\EnterpriseB2BSupplyChain\src\Services\Identity\SupplyChain.Identity.Application\Behaviors\LoggingBehavior.cs:line 25
[15:19:36 INF] Executed action SupplyChain.Identity.API.Controllers.AuthController.Register (SupplyChain.Identity.API) in 134.0111ms
[15:19:36 INF] Executed endpoint 'SupplyChain.Identity.API.Controllers.AuthController.Register (SupplyChain.Identity.API)'
[15:19:36 INF] HTTP POST /api/auth/register responded 409 in 142.2162 ms
[15:19:36 INF] Request finished HTTP/1.1 POST http://localhost:5002/api/auth/register - 409 null application/json 146.0572ms
[15:19:48 INF] Request starting HTTP/1.1 POST http://localhost:5002/api/auth/register - application/json 419
[15:19:48 INF] Executing endpoint 'SupplyChain.Identity.API.Controllers.AuthController.Register (SupplyChain.Identity.API)'
[15:19:48 INF] Route matched with {action = "Register", controller = "Auth"}. Executing controller action with signature System.Threading.Tasks.Task`1[Microsoft.AspNetCore.Mvc.IActionResult] Register(SupplyChain.Identity.Application.Commands.RegisterDealer.RegisterDealerCommand, System.Threading.CancellationToken) on controller SupplyChain.Identity.API.Controllers.AuthController (SupplyChain.Identity.API).
[15:19:48 INF] Handling RegisterDealerCommand
[15:19:48 ERR] Error handling RegisterDealerCommand after 6ms
FluentValidation.ValidationException: Validation failed: 
 -- GstNumber: GST number must be exactly 15 characters. Severity: Error
 -- GstNumber: Invalid GST number format. Severity: Error
   at SupplyChain.Identity.Application.Behaviors.ValidationBehavior`2.Handle(TRequest request, RequestHandlerDelegate`1 next, CancellationToken ct) in D:\Early Sprint\EnterpriseB2BSupplyChain\EnterpriseB2BSupplyChain\src\Services\Identity\SupplyChain.Identity.Application\Behaviors\ValidationBehavior.cs:line 30
   at SupplyChain.Identity.Application.Behaviors.LoggingBehavior`2.Handle(TRequest request, RequestHandlerDelegate`1 next, CancellationToken ct) in D:\Early Sprint\EnterpriseB2BSupplyChain\EnterpriseB2BSupplyChain\src\Services\Identity\SupplyChain.Identity.Application\Behaviors\LoggingBehavior.cs:line 25
[15:19:48 INF] Executed action SupplyChain.Identity.API.Controllers.AuthController.Register (SupplyChain.Identity.API) in 17.9628ms
[15:19:48 INF] Executed endpoint 'SupplyChain.Identity.API.Controllers.AuthController.Register (SupplyChain.Identity.API)'
[15:19:48 INF] HTTP POST /api/auth/register responded 400 in 26.8412 ms
[15:19:48 INF] Request finished HTTP/1.1 POST http://localhost:5002/api/auth/register - 400 null application/json 28.0958ms
[15:20:21 INF] Request starting HTTP/1.1 POST http://localhost:5002/api/auth/register - application/json 415
[15:20:21 INF] Executing endpoint 'SupplyChain.Identity.API.Controllers.AuthController.Register (SupplyChain.Identity.API)'
[15:20:21 INF] Route matched with {action = "Register", controller = "Auth"}. Executing controller action with signature System.Threading.Tasks.Task`1[Microsoft.AspNetCore.Mvc.IActionResult] Register(SupplyChain.Identity.Application.Commands.RegisterDealer.RegisterDealerCommand, System.Threading.CancellationToken) on controller SupplyChain.Identity.API.Controllers.AuthController (SupplyChain.Identity.API).
[15:20:21 INF] Handling RegisterDealerCommand
[15:20:21 INF] Executed DbCommand (3ms) [Parameters=[@ToLowerInvariant='?' (Size = 256)], CommandType='Text', CommandTimeout='30']
SELECT CASE
    WHEN EXISTS (
        SELECT 1
        FROM [Users] AS [u]
        WHERE [u].[Email] = @ToLowerInvariant) THEN CAST(1 AS bit)
    ELSE CAST(0 AS bit)
END
[15:20:21 INF] Executed DbCommand (2ms) [Parameters=[@ToUpperInvariant='?' (Size = 20)], CommandType='Text', CommandTimeout='30']
SELECT CASE
    WHEN EXISTS (
        SELECT 1
        FROM [DealerProfiles] AS [d]
        WHERE [d].[GstNumber] = @ToUpperInvariant) THEN CAST(1 AS bit)
    ELSE CAST(0 AS bit)
END
[15:20:22 INF] Executed DbCommand (8ms) [Parameters=[@p0='?' (DbType = Guid), @p1='?' (DbType = DateTime2), @p2='?' (Size = 256), @p3='?' (Size = 200), @p4='?' (Size = 4000), @p5='?' (Size = 20), @p6='?' (Size = 50), @p7='?' (Size = 30), @p8='?' (DbType = DateTime2), @p9='?' (DbType = Guid), @p10='?' (Size = 300), @p11='?' (DbType = DateTime2), @p12='?' (DbType = Guid), @p13='?' (Size = 300), @p14='?' (Size = 100), @p15='?' (Size = 20), @p16='?' (DbType = Boolean), @p17='?' (Size = 10), @p18='?' (Size = 100), @p19='?' (Size = 100), @p20='?' (DbType = Guid)], CommandType='Text', CommandTimeout='30']
SET NOCOUNT ON;
INSERT INTO [Users] ([UserId], [CreatedAt], [Email], [FullName], [PasswordHash], [PhoneNumber], [Role], [Status], [UpdatedAt])
VALUES (@p0, @p1, @p2, @p3, @p4, @p5, @p6, @p7, @p8);
INSERT INTO [DealerProfiles] ([DealerProfileId], [AddressLine1], [ApprovedAt], [ApprovedByAdminId], [BusinessName], [City], [GstNumber], [IsInterstate], [PinCode], [State], [TradeLicenseNumber], [UserId])
VALUES (@p9, @p10, @p11, @p12, @p13, @p14, @p15, @p16, @p17, @p18, @p19, @p20);
[15:20:22 INF] Handled RegisterDealerCommand in 475ms
[15:20:22 INF] Executing CreatedAtActionResult, writing value of type '<>f__AnonymousType2`2[[System.Guid, System.Private.CoreLib, Version=10.0.0.0, Culture=neutral, PublicKeyToken=7cec85d7bea7798e],[System.String, System.Private.CoreLib, Version=10.0.0.0, Culture=neutral, PublicKeyToken=7cec85d7bea7798e]]'.
[15:20:22 INF] Executed action SupplyChain.Identity.API.Controllers.AuthController.Register (SupplyChain.Identity.API) in 524.9098ms
[15:20:22 INF] Executed endpoint 'SupplyChain.Identity.API.Controllers.AuthController.Register (SupplyChain.Identity.API)'
[15:20:22 INF] HTTP POST /api/auth/register responded 201 in 526.8174 ms
[15:20:22 INF] Request finished HTTP/1.1 POST http://localhost:5002/api/auth/register - 201 null application/json; charset=utf-8 528.1771ms
[15:21:02 INF] Request starting HTTP/1.1 POST http://localhost:5002/api/auth/login - application/json 79
[15:21:02 INF] Executing endpoint 'SupplyChain.Identity.API.Controllers.AuthController.Login (SupplyChain.Identity.API)'
[15:21:02 INF] Route matched with {action = "Login", controller = "Auth"}. Executing controller action with signature System.Threading.Tasks.Task`1[Microsoft.AspNetCore.Mvc.IActionResult] Login(SupplyChain.Identity.Application.Commands.Login.LoginCommand, System.Threading.CancellationToken) on controller SupplyChain.Identity.API.Controllers.AuthController (SupplyChain.Identity.API).
[15:21:02 INF] Handling LoginCommand
[15:21:02 INF] Executed DbCommand (15ms) [Parameters=[@ToLowerInvariant='?' (Size = 256)], CommandType='Text', CommandTimeout='30']
SELECT TOP(1) [u].[UserId], [u].[CreatedAt], [u].[Email], [u].[FullName], [u].[PasswordHash], [u].[PhoneNumber], [u].[Role], [u].[Status], [u].[UpdatedAt], [d].[DealerProfileId], [d].[AddressLine1], [d].[ApprovedAt], [d].[ApprovedByAdminId], [d].[BusinessName], [d].[City], [d].[GstNumber], [d].[IsInterstate], [d].[PinCode], [d].[State], [d].[TradeLicenseNumber], [d].[UserId]
FROM [Users] AS [u]
LEFT JOIN [DealerProfiles] AS [d] ON [u].[UserId] = [d].[UserId]
WHERE [u].[Email] = @ToLowerInvariant
[15:21:02 ERR] An exception occurred while iterating over the results of a query for context type 'SupplyChain.Identity.Infrastructure.Persistence.IdentityDbContext'.
System.InvalidOperationException: Cannot convert string value 'Approved' from the database to any value in the mapped 'UserStatus' enum.
   at lambda_method331(Closure, String)
   at lambda_method328(Closure, QueryContext, DbDataReader, ResultContext, SingleQueryResultCoordinator)
   at Microsoft.EntityFrameworkCore.Query.Internal.SingleQueryingEnumerable`1.AsyncEnumerator.MoveNextAsync()
System.InvalidOperationException: Cannot convert string value 'Approved' from the database to any value in the mapped 'UserStatus' enum.
   at lambda_method331(Closure, String)
   at lambda_method328(Closure, QueryContext, DbDataReader, ResultContext, SingleQueryResultCoordinator)
   at Microsoft.EntityFrameworkCore.Query.Internal.SingleQueryingEnumerable`1.AsyncEnumerator.MoveNextAsync()
[15:21:02 ERR] Error handling LoginCommand after 491ms
System.InvalidOperationException: Cannot convert string value 'Approved' from the database to any value in the mapped 'UserStatus' enum.
   at lambda_method331(Closure, String)
   at lambda_method328(Closure, QueryContext, DbDataReader, ResultContext, SingleQueryResultCoordinator)
   at Microsoft.EntityFrameworkCore.Query.Internal.SingleQueryingEnumerable`1.AsyncEnumerator.MoveNextAsync()
   at Microsoft.EntityFrameworkCore.Query.ShapedQueryCompilingExpressionVisitor.SingleOrDefaultAsync[TSource](IAsyncEnumerable`1 asyncEnumerable, CancellationToken cancellationToken)
   at Microsoft.EntityFrameworkCore.Query.ShapedQueryCompilingExpressionVisitor.SingleOrDefaultAsync[TSource](IAsyncEnumerable`1 asyncEnumerable, CancellationToken cancellationToken)
   at SupplyChain.Identity.Infrastructure.Persistence.Repositories.UserRepository.GetByEmailAsync(String email, CancellationToken ct) in D:\Early Sprint\EnterpriseB2BSupplyChain\EnterpriseB2BSupplyChain\src\Services\Identity\SupplyChain.Identity.Infrastructure\Persistence\Repositories\UserRepository.cs:line 21
   at SupplyChain.Identity.Application.Commands.Login.LoginCommandHandler.Handle(LoginCommand command, CancellationToken ct) in D:\Early Sprint\EnterpriseB2BSupplyChain\EnterpriseB2BSupplyChain\src\Services\Identity\SupplyChain.Identity.Application\Commands\Login\LoginCommandHandler.cs:line 26
   at SupplyChain.Identity.Application.Behaviors.ValidationBehavior`2.Handle(TRequest request, RequestHandlerDelegate`1 next, CancellationToken ct) in D:\Early Sprint\EnterpriseB2BSupplyChain\EnterpriseB2BSupplyChain\src\Services\Identity\SupplyChain.Identity.Application\Behaviors\ValidationBehavior.cs:line 20
   at SupplyChain.Identity.Application.Behaviors.LoggingBehavior`2.Handle(TRequest request, RequestHandlerDelegate`1 next, CancellationToken ct) in D:\Early Sprint\EnterpriseB2BSupplyChain\EnterpriseB2BSupplyChain\src\Services\Identity\SupplyChain.Identity.Application\Behaviors\LoggingBehavior.cs:line 25
[15:21:02 INF] Executed action SupplyChain.Identity.API.Controllers.AuthController.Login (SupplyChain.Identity.API) in 553.2425ms
[15:21:02 INF] Executed endpoint 'SupplyChain.Identity.API.Controllers.AuthController.Login (SupplyChain.Identity.API)'
[15:21:02 INF] HTTP POST /api/auth/login responded 409 in 586.4373 ms
[15:21:02 INF] Request finished HTTP/1.1 POST http://localhost:5002/api/auth/login - 409 null application/json 588.688ms
[15:21:16 INF] Request starting HTTP/1.1 POST http://localhost:5002/api/auth/login - application/json 79
[15:21:16 INF] Executing endpoint 'SupplyChain.Identity.API.Controllers.AuthController.Login (SupplyChain.Identity.API)'
[15:21:16 INF] Route matched with {action = "Login", controller = "Auth"}. Executing controller action with signature System.Threading.Tasks.Task`1[Microsoft.AspNetCore.Mvc.IActionResult] Login(SupplyChain.Identity.Application.Commands.Login.LoginCommand, System.Threading.CancellationToken) on controller SupplyChain.Identity.API.Controllers.AuthController (SupplyChain.Identity.API).
[15:21:16 INF] Handling LoginCommand
[15:21:16 INF] Executed DbCommand (5ms) [Parameters=[@ToLowerInvariant='?' (Size = 256)], CommandType='Text', CommandTimeout='30']
SELECT TOP(1) [u].[UserId], [u].[CreatedAt], [u].[Email], [u].[FullName], [u].[PasswordHash], [u].[PhoneNumber], [u].[Role], [u].[Status], [u].[UpdatedAt], [d].[DealerProfileId], [d].[AddressLine1], [d].[ApprovedAt], [d].[ApprovedByAdminId], [d].[BusinessName], [d].[City], [d].[GstNumber], [d].[IsInterstate], [d].[PinCode], [d].[State], [d].[TradeLicenseNumber], [d].[UserId]
FROM [Users] AS [u]
LEFT JOIN [DealerProfiles] AS [d] ON [u].[UserId] = [d].[UserId]
WHERE [u].[Email] = @ToLowerInvariant
[15:21:16 ERR] An exception occurred while iterating over the results of a query for context type 'SupplyChain.Identity.Infrastructure.Persistence.IdentityDbContext'.
System.InvalidOperationException: Cannot convert string value 'Approved' from the database to any value in the mapped 'UserStatus' enum.
   at lambda_method331(Closure, String)
   at lambda_method328(Closure, QueryContext, DbDataReader, ResultContext, SingleQueryResultCoordinator)
   at Microsoft.EntityFrameworkCore.Query.Internal.SingleQueryingEnumerable`1.AsyncEnumerator.MoveNextAsync()
System.InvalidOperationException: Cannot convert string value 'Approved' from the database to any value in the mapped 'UserStatus' enum.
   at lambda_method331(Closure, String)
   at lambda_method328(Closure, QueryContext, DbDataReader, ResultContext, SingleQueryResultCoordinator)
   at Microsoft.EntityFrameworkCore.Query.Internal.SingleQueryingEnumerable`1.AsyncEnumerator.MoveNextAsync()
[15:21:16 ERR] Error handling LoginCommand after 9ms
System.InvalidOperationException: Cannot convert string value 'Approved' from the database to any value in the mapped 'UserStatus' enum.
   at lambda_method331(Closure, String)
   at lambda_method328(Closure, QueryContext, DbDataReader, ResultContext, SingleQueryResultCoordinator)
   at Microsoft.EntityFrameworkCore.Query.Internal.SingleQueryingEnumerable`1.AsyncEnumerator.MoveNextAsync()
   at Microsoft.EntityFrameworkCore.Query.ShapedQueryCompilingExpressionVisitor.SingleOrDefaultAsync[TSource](IAsyncEnumerable`1 asyncEnumerable, CancellationToken cancellationToken)
   at Microsoft.EntityFrameworkCore.Query.ShapedQueryCompilingExpressionVisitor.SingleOrDefaultAsync[TSource](IAsyncEnumerable`1 asyncEnumerable, CancellationToken cancellationToken)
   at SupplyChain.Identity.Infrastructure.Persistence.Repositories.UserRepository.GetByEmailAsync(String email, CancellationToken ct) in D:\Early Sprint\EnterpriseB2BSupplyChain\EnterpriseB2BSupplyChain\src\Services\Identity\SupplyChain.Identity.Infrastructure\Persistence\Repositories\UserRepository.cs:line 21
   at SupplyChain.Identity.Application.Commands.Login.LoginCommandHandler.Handle(LoginCommand command, CancellationToken ct) in D:\Early Sprint\EnterpriseB2BSupplyChain\EnterpriseB2BSupplyChain\src\Services\Identity\SupplyChain.Identity.Application\Commands\Login\LoginCommandHandler.cs:line 26
   at SupplyChain.Identity.Application.Behaviors.ValidationBehavior`2.Handle(TRequest request, RequestHandlerDelegate`1 next, CancellationToken ct) in D:\Early Sprint\EnterpriseB2BSupplyChain\EnterpriseB2BSupplyChain\src\Services\Identity\SupplyChain.Identity.Application\Behaviors\ValidationBehavior.cs:line 20
   at SupplyChain.Identity.Application.Behaviors.LoggingBehavior`2.Handle(TRequest request, RequestHandlerDelegate`1 next, CancellationToken ct) in D:\Early Sprint\EnterpriseB2BSupplyChain\EnterpriseB2BSupplyChain\src\Services\Identity\SupplyChain.Identity.Application\Behaviors\LoggingBehavior.cs:line 25
[15:21:16 INF] Executed action SupplyChain.Identity.API.Controllers.AuthController.Login (SupplyChain.Identity.API) in 12.3384ms
[15:21:16 INF] Executed endpoint 'SupplyChain.Identity.API.Controllers.AuthController.Login (SupplyChain.Identity.API)'
[15:21:16 INF] HTTP POST /api/auth/login responded 409 in 13.8111 ms
[15:21:16 INF] Request finished HTTP/1.1 POST http://localhost:5002/api/auth/login - 409 null application/json 15.0507ms
[15:21:38 INF] Request starting HTTP/1.1 POST http://localhost:5002/api/auth/login - application/json 79
[15:21:38 INF] Executing endpoint 'SupplyChain.Identity.API.Controllers.AuthController.Login (SupplyChain.Identity.API)'
[15:21:38 INF] Route matched with {action = "Login", controller = "Auth"}. Executing controller action with signature System.Threading.Tasks.Task`1[Microsoft.AspNetCore.Mvc.IActionResult] Login(SupplyChain.Identity.Application.Commands.Login.LoginCommand, System.Threading.CancellationToken) on controller SupplyChain.Identity.API.Controllers.AuthController (SupplyChain.Identity.API).
[15:21:38 INF] Handling LoginCommand
[15:21:38 INF] Executed DbCommand (7ms) [Parameters=[@ToLowerInvariant='?' (Size = 256)], CommandType='Text', CommandTimeout='30']
SELECT TOP(1) [u].[UserId], [u].[CreatedAt], [u].[Email], [u].[FullName], [u].[PasswordHash], [u].[PhoneNumber], [u].[Role], [u].[Status], [u].[UpdatedAt], [d].[DealerProfileId], [d].[AddressLine1], [d].[ApprovedAt], [d].[ApprovedByAdminId], [d].[BusinessName], [d].[City], [d].[GstNumber], [d].[IsInterstate], [d].[PinCode], [d].[State], [d].[TradeLicenseNumber], [d].[UserId]
FROM [Users] AS [u]
LEFT JOIN [DealerProfiles] AS [d] ON [u].[UserId] = [d].[UserId]
WHERE [u].[Email] = @ToLowerInvariant
[15:21:38 ERR] An exception occurred while iterating over the results of a query for context type 'SupplyChain.Identity.Infrastructure.Persistence.IdentityDbContext'.
System.InvalidOperationException: Cannot convert string value 'Approved' from the database to any value in the mapped 'UserStatus' enum.
   at lambda_method331(Closure, String)
   at lambda_method328(Closure, QueryContext, DbDataReader, ResultContext, SingleQueryResultCoordinator)
   at Microsoft.EntityFrameworkCore.Query.Internal.SingleQueryingEnumerable`1.AsyncEnumerator.MoveNextAsync()
System.InvalidOperationException: Cannot convert string value 'Approved' from the database to any value in the mapped 'UserStatus' enum.
   at lambda_method331(Closure, String)
   at lambda_method328(Closure, QueryContext, DbDataReader, ResultContext, SingleQueryResultCoordinator)
   at Microsoft.EntityFrameworkCore.Query.Internal.SingleQueryingEnumerable`1.AsyncEnumerator.MoveNextAsync()
[15:21:38 ERR] Error handling LoginCommand after 17ms
System.InvalidOperationException: Cannot convert string value 'Approved' from the database to any value in the mapped 'UserStatus' enum.
   at lambda_method331(Closure, String)
   at lambda_method328(Closure, QueryContext, DbDataReader, ResultContext, SingleQueryResultCoordinator)
   at Microsoft.EntityFrameworkCore.Query.Internal.SingleQueryingEnumerable`1.AsyncEnumerator.MoveNextAsync()
   at Microsoft.EntityFrameworkCore.Query.ShapedQueryCompilingExpressionVisitor.SingleOrDefaultAsync[TSource](IAsyncEnumerable`1 asyncEnumerable, CancellationToken cancellationToken)
   at Microsoft.EntityFrameworkCore.Query.ShapedQueryCompilingExpressionVisitor.SingleOrDefaultAsync[TSource](IAsyncEnumerable`1 asyncEnumerable, CancellationToken cancellationToken)
   at SupplyChain.Identity.Infrastructure.Persistence.Repositories.UserRepository.GetByEmailAsync(String email, CancellationToken ct) in D:\Early Sprint\EnterpriseB2BSupplyChain\EnterpriseB2BSupplyChain\src\Services\Identity\SupplyChain.Identity.Infrastructure\Persistence\Repositories\UserRepository.cs:line 21
   at SupplyChain.Identity.Application.Commands.Login.LoginCommandHandler.Handle(LoginCommand command, CancellationToken ct) in D:\Early Sprint\EnterpriseB2BSupplyChain\EnterpriseB2BSupplyChain\src\Services\Identity\SupplyChain.Identity.Application\Commands\Login\LoginCommandHandler.cs:line 26
   at SupplyChain.Identity.Application.Behaviors.ValidationBehavior`2.Handle(TRequest request, RequestHandlerDelegate`1 next, CancellationToken ct) in D:\Early Sprint\EnterpriseB2BSupplyChain\EnterpriseB2BSupplyChain\src\Services\Identity\SupplyChain.Identity.Application\Behaviors\ValidationBehavior.cs:line 20
   at SupplyChain.Identity.Application.Behaviors.LoggingBehavior`2.Handle(TRequest request, RequestHandlerDelegate`1 next, CancellationToken ct) in D:\Early Sprint\EnterpriseB2BSupplyChain\EnterpriseB2BSupplyChain\src\Services\Identity\SupplyChain.Identity.Application\Behaviors\LoggingBehavior.cs:line 25
[15:21:38 INF] Executed action SupplyChain.Identity.API.Controllers.AuthController.Login (SupplyChain.Identity.API) in 24.2811ms
[15:21:38 INF] Executed endpoint 'SupplyChain.Identity.API.Controllers.AuthController.Login (SupplyChain.Identity.API)'
[15:21:38 INF] HTTP POST /api/auth/login responded 409 in 27.3837 ms
[15:21:38 INF] Request finished HTTP/1.1 POST http://localhost:5002/api/auth/login - 409 null application/json 28.698ms
[15:22:18 INF] Request starting HTTP/1.1 POST http://localhost:5002/api/auth/login - application/json 79
[15:22:18 INF] Executing endpoint 'SupplyChain.Identity.API.Controllers.AuthController.Login (SupplyChain.Identity.API)'
[15:22:18 INF] Route matched with {action = "Login", controller = "Auth"}. Executing controller action with signature System.Threading.Tasks.Task`1[Microsoft.AspNetCore.Mvc.IActionResult] Login(SupplyChain.Identity.Application.Commands.Login.LoginCommand, System.Threading.CancellationToken) on controller SupplyChain.Identity.API.Controllers.AuthController (SupplyChain.Identity.API).
[15:22:18 INF] Handling LoginCommand
[15:22:18 INF] Executed DbCommand (6ms) [Parameters=[@ToLowerInvariant='?' (Size = 256)], CommandType='Text', CommandTimeout='30']
SELECT TOP(1) [u].[UserId], [u].[CreatedAt], [u].[Email], [u].[FullName], [u].[PasswordHash], [u].[PhoneNumber], [u].[Role], [u].[Status], [u].[UpdatedAt], [d].[DealerProfileId], [d].[AddressLine1], [d].[ApprovedAt], [d].[ApprovedByAdminId], [d].[BusinessName], [d].[City], [d].[GstNumber], [d].[IsInterstate], [d].[PinCode], [d].[State], [d].[TradeLicenseNumber], [d].[UserId]
FROM [Users] AS [u]
LEFT JOIN [DealerProfiles] AS [d] ON [u].[UserId] = [d].[UserId]
WHERE [u].[Email] = @ToLowerInvariant
[15:22:18 INF] Handled LoginCommand in 256ms
[15:22:18 INF] Executing OkObjectResult, writing value of type 'SupplyChain.Identity.Application.DTOs.AuthResultDto'.
[15:22:18 INF] Executed action SupplyChain.Identity.API.Controllers.AuthController.Login (SupplyChain.Identity.API) in 267.2304ms
[15:22:18 INF] Executed endpoint 'SupplyChain.Identity.API.Controllers.AuthController.Login (SupplyChain.Identity.API)'
[15:22:18 INF] HTTP POST /api/auth/login responded 200 in 269.6057 ms
[15:22:18 INF] Request finished HTTP/1.1 POST http://localhost:5002/api/auth/login - 200 null application/json; charset=utf-8 270.8803ms
