Using launch settings from src\Services\Order\SupplyChain.Order.API\Properties\launchSettings.json...
Building...
[15:18:52 INF] Executed DbCommand (135ms) [Parameters=[], CommandType='Text', CommandTimeout='30']
SELECT 1
[15:18:52 INF] Acquiring an exclusive lock for migration application. See https://aka.ms/efcore-docs-migrations-lock for more information if this takes too long.
[15:18:53 INF] Executed DbCommand (68ms) [Parameters=[], CommandType='Text', CommandTimeout='30']
DECLARE @result int;
EXEC @result = sp_getapplock @Resource = '__EFMigrationsLock', @LockOwner = 'Session', @LockMode = 'Exclusive';
SELECT @result
[15:18:53 INF] Executed DbCommand (4ms) [Parameters=[], CommandType='Text', CommandTimeout='30']
IF OBJECT_ID(N'[__EFMigrationsHistory]') IS NULL
BEGIN
    CREATE TABLE [__EFMigrationsHistory] (
        [MigrationId] nvarchar(150) NOT NULL,
        [ProductVersion] nvarchar(32) NOT NULL,
        CONSTRAINT [PK___EFMigrationsHistory] PRIMARY KEY ([MigrationId])
    );
END;
[15:18:53 INF] Executed DbCommand (1ms) [Parameters=[], CommandType='Text', CommandTimeout='30']
SELECT 1
[15:18:53 INF] Executed DbCommand (2ms) [Parameters=[], CommandType='Text', CommandTimeout='30']
SELECT OBJECT_ID(N'[__EFMigrationsHistory]');
[15:18:53 INF] Executed DbCommand (20ms) [Parameters=[], CommandType='Text', CommandTimeout='30']
SELECT [MigrationId], [ProductVersion]
FROM [__EFMigrationsHistory]
ORDER BY [MigrationId];
[15:18:53 INF] No migrations were applied. The database is already up to date.
[15:18:53 INF] Executed DbCommand (8ms) [Parameters=[], CommandType='Text', CommandTimeout='30']
DECLARE @result int;
EXEC @result = sp_releaseapplock @Resource = '__EFMigrationsLock', @LockOwner = 'Session';
SELECT @result
[15:18:53 INF] Start installing Hangfire SQL objects...
[15:18:55 INF] Hangfire SQL objects installed.
[15:18:55 INF] User profile is available. Using 'C:\Users\Srikaran\AppData\Local\ASP.NET\DataProtection-Keys' as key repository and Windows DPAPI to encrypt keys at rest.
[15:18:55 INF] Now listening on: http://localhost:5006
[15:18:55 INF] Starting Hangfire Server using job storage: 'SQL Server: ASUS-VIVOBOOK-1\SQLEXPRESS@OrderDB'
[15:18:55 INF] Using the following options for SQL Server job storage: Queue poll interval: 00:00:00.
[15:18:55 INF] Using the following options for Hangfire Server:
    Worker count: 20
    Listening queues: 'default'
    Shutdown timeout: 00:00:15
    Schedule polling interval: 00:00:15
[15:18:55 INF] Application started. Press Ctrl+C to shut down.
[15:18:55 INF] Hosting environment: Development
[15:18:55 INF] Content root path: D:\Early Sprint\EnterpriseB2BSupplyChain\EnterpriseB2BSupplyChain\src\Services\Order\SupplyChain.Order.API
[15:18:55 INF] Server asus-vivobook-1:23204:2587cd9d successfully announced in 28.2016 ms
[15:18:55 INF] Server asus-vivobook-1:23204:2587cd9d is starting the registered dispatchers: ServerWatchdog, ServerJobCancellationWatcher, SqlServerHeartbeatProcess, ExpirationManager, CountersAggregator, Worker, DelayedJobScheduler, RecurringJobScheduler...
[15:18:55 INF] Server asus-vivobook-1:23204:2587cd9d all the dispatchers started
[15:18:57 INF] Executed DbCommand (6ms) [Parameters=[@p='?' (DbType = Int32)], CommandType='Text', CommandTimeout='30']
SELECT TOP(@p) [o].[MessageId], [o].[CreatedAt], [o].[Error], [o].[EventType], [o].[Payload], [o].[PublishedAt], [o].[RetryCount], [o].[Status]
FROM [OutboxMessages] AS [o]
WHERE [o].[Status] = N'Pending'
ORDER BY [o].[CreatedAt]
[15:19:00 INF] Request starting HTTP/1.1 GET http://localhost:5006/health - null null
[15:19:00 INF] Executing endpoint 'Health checks'
[15:19:00 INF] Executed endpoint 'Health checks'
[15:19:00 INF] HTTP GET /health responded 200 in 73.8417 ms
[15:19:00 INF] Request finished HTTP/1.1 GET http://localhost:5006/health - 200 null text/plain 124.4718ms
[15:19:12 INF] Executed DbCommand (3ms) [Parameters=[@p='?' (DbType = Int32)], CommandType='Text', CommandTimeout='30']
SELECT TOP(@p) [o].[MessageId], [o].[CreatedAt], [o].[Error], [o].[EventType], [o].[Payload], [o].[PublishedAt], [o].[RetryCount], [o].[Status]
FROM [OutboxMessages] AS [o]
WHERE [o].[Status] = N'Pending'
ORDER BY [o].[CreatedAt]
[15:19:26 INF] Executed DbCommand (4ms) [Parameters=[@p='?' (DbType = Int32)], CommandType='Text', CommandTimeout='30']
SELECT TOP(@p) [o].[MessageId], [o].[CreatedAt], [o].[Error], [o].[EventType], [o].[Payload], [o].[PublishedAt], [o].[RetryCount], [o].[Status]
FROM [OutboxMessages] AS [o]
WHERE [o].[Status] = N'Pending'
ORDER BY [o].[CreatedAt]
[15:19:41 INF] Executed DbCommand (3ms) [Parameters=[@p='?' (DbType = Int32)], CommandType='Text', CommandTimeout='30']
SELECT TOP(@p) [o].[MessageId], [o].[CreatedAt], [o].[Error], [o].[EventType], [o].[Payload], [o].[PublishedAt], [o].[RetryCount], [o].[Status]
FROM [OutboxMessages] AS [o]
WHERE [o].[Status] = N'Pending'
ORDER BY [o].[CreatedAt]
[15:19:56 INF] Executed DbCommand (4ms) [Parameters=[@p='?' (DbType = Int32)], CommandType='Text', CommandTimeout='30']
SELECT TOP(@p) [o].[MessageId], [o].[CreatedAt], [o].[Error], [o].[EventType], [o].[Payload], [o].[PublishedAt], [o].[RetryCount], [o].[Status]
FROM [OutboxMessages] AS [o]
WHERE [o].[Status] = N'Pending'
ORDER BY [o].[CreatedAt]
[15:20:11 INF] Executed DbCommand (1ms) [Parameters=[@p='?' (DbType = Int32)], CommandType='Text', CommandTimeout='30']
SELECT TOP(@p) [o].[MessageId], [o].[CreatedAt], [o].[Error], [o].[EventType], [o].[Payload], [o].[PublishedAt], [o].[RetryCount], [o].[Status]
FROM [OutboxMessages] AS [o]
WHERE [o].[Status] = N'Pending'
ORDER BY [o].[CreatedAt]
[15:20:26 INF] Executed DbCommand (3ms) [Parameters=[@p='?' (DbType = Int32)], CommandType='Text', CommandTimeout='30']
SELECT TOP(@p) [o].[MessageId], [o].[CreatedAt], [o].[Error], [o].[EventType], [o].[Payload], [o].[PublishedAt], [o].[RetryCount], [o].[Status]
FROM [OutboxMessages] AS [o]
WHERE [o].[Status] = N'Pending'
ORDER BY [o].[CreatedAt]
[15:20:41 INF] Executed DbCommand (13ms) [Parameters=[@p='?' (DbType = Int32)], CommandType='Text', CommandTimeout='30']
SELECT TOP(@p) [o].[MessageId], [o].[CreatedAt], [o].[Error], [o].[EventType], [o].[Payload], [o].[PublishedAt], [o].[RetryCount], [o].[Status]
FROM [OutboxMessages] AS [o]
WHERE [o].[Status] = N'Pending'
ORDER BY [o].[CreatedAt]
[15:20:56 INF] Executed DbCommand (6ms) [Parameters=[@p='?' (DbType = Int32)], CommandType='Text', CommandTimeout='30']
SELECT TOP(@p) [o].[MessageId], [o].[CreatedAt], [o].[Error], [o].[EventType], [o].[Payload], [o].[PublishedAt], [o].[RetryCount], [o].[Status]
FROM [OutboxMessages] AS [o]
WHERE [o].[Status] = N'Pending'
ORDER BY [o].[CreatedAt]
[15:21:11 INF] Executed DbCommand (4ms) [Parameters=[@p='?' (DbType = Int32)], CommandType='Text', CommandTimeout='30']
SELECT TOP(@p) [o].[MessageId], [o].[CreatedAt], [o].[Error], [o].[EventType], [o].[Payload], [o].[PublishedAt], [o].[RetryCount], [o].[Status]
FROM [OutboxMessages] AS [o]
WHERE [o].[Status] = N'Pending'
ORDER BY [o].[CreatedAt]
[15:21:26 INF] Executed DbCommand (2ms) [Parameters=[@p='?' (DbType = Int32)], CommandType='Text', CommandTimeout='30']
SELECT TOP(@p) [o].[MessageId], [o].[CreatedAt], [o].[Error], [o].[EventType], [o].[Payload], [o].[PublishedAt], [o].[RetryCount], [o].[Status]
FROM [OutboxMessages] AS [o]
WHERE [o].[Status] = N'Pending'
ORDER BY [o].[CreatedAt]
[15:21:41 INF] Executed DbCommand (2ms) [Parameters=[@p='?' (DbType = Int32)], CommandType='Text', CommandTimeout='30']
SELECT TOP(@p) [o].[MessageId], [o].[CreatedAt], [o].[Error], [o].[EventType], [o].[Payload], [o].[PublishedAt], [o].[RetryCount], [o].[Status]
FROM [OutboxMessages] AS [o]
WHERE [o].[Status] = N'Pending'
ORDER BY [o].[CreatedAt]
[15:21:56 INF] Executed DbCommand (5ms) [Parameters=[@p='?' (DbType = Int32)], CommandType='Text', CommandTimeout='30']
SELECT TOP(@p) [o].[MessageId], [o].[CreatedAt], [o].[Error], [o].[EventType], [o].[Payload], [o].[PublishedAt], [o].[RetryCount], [o].[Status]
FROM [OutboxMessages] AS [o]
WHERE [o].[Status] = N'Pending'
ORDER BY [o].[CreatedAt]
[15:22:11 INF] Executed DbCommand (3ms) [Parameters=[@p='?' (DbType = Int32)], CommandType='Text', CommandTimeout='30']
SELECT TOP(@p) [o].[MessageId], [o].[CreatedAt], [o].[Error], [o].[EventType], [o].[Payload], [o].[PublishedAt], [o].[RetryCount], [o].[Status]
FROM [OutboxMessages] AS [o]
WHERE [o].[Status] = N'Pending'
ORDER BY [o].[CreatedAt]
[15:22:27 INF] Executed DbCommand (5ms) [Parameters=[@p='?' (DbType = Int32)], CommandType='Text', CommandTimeout='30']
SELECT TOP(@p) [o].[MessageId], [o].[CreatedAt], [o].[Error], [o].[EventType], [o].[Payload], [o].[PublishedAt], [o].[RetryCount], [o].[Status]
FROM [OutboxMessages] AS [o]
WHERE [o].[Status] = N'Pending'
ORDER BY [o].[CreatedAt]
[15:22:42 INF] Executed DbCommand (4ms) [Parameters=[@p='?' (DbType = Int32)], CommandType='Text', CommandTimeout='30']
SELECT TOP(@p) [o].[MessageId], [o].[CreatedAt], [o].[Error], [o].[EventType], [o].[Payload], [o].[PublishedAt], [o].[RetryCount], [o].[Status]
FROM [OutboxMessages] AS [o]
WHERE [o].[Status] = N'Pending'
ORDER BY [o].[CreatedAt]
[15:22:43 INF] Request starting HTTP/1.1 POST http://localhost:5006/api/orders - application/json 495
[15:22:43 INF] Executing endpoint 'SupplyChain.Order.API.Controllers.OrdersController.PlaceOrder (SupplyChain.Order.API)'
[15:22:43 INF] Route matched with {action = "PlaceOrder", controller = "Orders"}. Executing controller action with signature System.Threading.Tasks.Task`1[Microsoft.AspNetCore.Mvc.IActionResult] PlaceOrder(SupplyChain.Order.Application.Commands.PlaceOrder.PlaceOrderCommand, System.Threading.CancellationToken) on controller SupplyChain.Order.API.Controllers.OrdersController (SupplyChain.Order.API).
[15:22:43 WRN] You do not have a valid license key for the Lucky Penny software MediatR. This is allowed for development and testing scenarios. If you are running in production you are required to have a licensed version. Please visit https://luckypennysoftware.com to obtain a valid license.
[15:22:43 INF] Handling PlaceOrderCommand
[15:22:43 INF] Executed action SupplyChain.Order.API.Controllers.OrdersController.PlaceOrder (SupplyChain.Order.API) in 303.1664ms
[15:22:43 INF] Executed endpoint 'SupplyChain.Order.API.Controllers.OrdersController.PlaceOrder (SupplyChain.Order.API)'
[15:22:43 WRN] Validation failed
FluentValidation.ValidationException: Validation failed: 
 -- PaymentMode: Payment mode must be COD or PrePaid. Severity: Error
   at SupplyChain.Order.Application.Behaviors.ValidationBehavior`2.Handle(TRequest request, RequestHandlerDelegate`1 next, CancellationToken cancellationToken) in D:\Early Sprint\EnterpriseB2BSupplyChain\EnterpriseB2BSupplyChain\src\Services\Order\SupplyChain.Order.Application\Behaviors\ValidationBehavior.cs:line 27
   at SupplyChain.Order.Application.Behaviors.LoggingBehavior`2.Handle(TRequest request, RequestHandlerDelegate`1 next, CancellationToken cancellationToken) in D:\Early Sprint\EnterpriseB2BSupplyChain\EnterpriseB2BSupplyChain\src\Services\Order\SupplyChain.Order.Application\Behaviors\LoggingBehavior.cs:line 24
   at SupplyChain.Order.API.Controllers.OrdersController.PlaceOrder(PlaceOrderCommand command, CancellationToken ct) in D:\Early Sprint\EnterpriseB2BSupplyChain\EnterpriseB2BSupplyChain\src\Services\Order\SupplyChain.Order.API\Controllers\OrdersController.cs:line 37
   at Microsoft.AspNetCore.Mvc.Infrastructure.ActionMethodExecutor.TaskOfIActionResultExecutor.Execute(ActionContext actionContext, IActionResultTypeMapper mapper, ObjectMethodExecutor executor, Object controller, Object[] arguments)
   at Microsoft.AspNetCore.Mvc.Infrastructure.ControllerActionInvoker.<InvokeActionMethodAsync>g__Awaited|12_0(ControllerActionInvoker invoker, ValueTask`1 actionResultValueTask)
   at Microsoft.AspNetCore.Mvc.Infrastructure.ControllerActionInvoker.<InvokeNextActionFilterAsync>g__Awaited|10_0(ControllerActionInvoker invoker, Task lastTask, State next, Scope scope, Object state, Boolean isCompleted)
   at Microsoft.AspNetCore.Mvc.Infrastructure.ControllerActionInvoker.Rethrow(ActionExecutedContextSealed context)
   at Microsoft.AspNetCore.Mvc.Infrastructure.ControllerActionInvoker.Next(State& next, Scope& scope, Object& state, Boolean& isCompleted)
   at Microsoft.AspNetCore.Mvc.Infrastructure.ControllerActionInvoker.InvokeInnerFilterAsync()
--- End of stack trace from previous location ---
   at Microsoft.AspNetCore.Mvc.Infrastructure.ResourceInvoker.<InvokeFilterPipelineAsync>g__Awaited|20_0(ResourceInvoker invoker, Task lastTask, State next, Scope scope, Object state, Boolean isCompleted)
   at Microsoft.AspNetCore.Mvc.Infrastructure.ResourceInvoker.<InvokeAsync>g__Logged|17_1(ResourceInvoker invoker)
   at Microsoft.AspNetCore.Mvc.Infrastructure.ResourceInvoker.<InvokeAsync>g__Logged|17_1(ResourceInvoker invoker)
   at Microsoft.AspNetCore.Routing.EndpointMiddleware.<Invoke>g__AwaitRequestTask|7_0(Endpoint endpoint, Task requestTask, ILogger logger)
   at Microsoft.AspNetCore.Authorization.AuthorizationMiddleware.Invoke(HttpContext context)
   at Microsoft.AspNetCore.Authentication.AuthenticationMiddleware.Invoke(HttpContext context)
   at SupplyChain.Order.API.Middleware.ExceptionHandlingMiddleware.InvokeAsync(HttpContext context) in D:\Early Sprint\EnterpriseB2BSupplyChain\EnterpriseB2BSupplyChain\src\Services\Order\SupplyChain.Order.API\Middleware\ExceptionHandlingMiddleware.cs:line 23
[15:22:43 INF] HTTP POST /api/orders responded 400 in 581.6895 ms
[15:22:43 INF] Request finished HTTP/1.1 POST http://localhost:5006/api/orders - 400 null application/json 586.514ms
[15:22:55 INF] Request starting HTTP/1.1 POST http://localhost:5006/api/orders - application/json 495
[15:22:55 INF] Executing endpoint 'SupplyChain.Order.API.Controllers.OrdersController.PlaceOrder (SupplyChain.Order.API)'
[15:22:55 INF] Route matched with {action = "PlaceOrder", controller = "Orders"}. Executing controller action with signature System.Threading.Tasks.Task`1[Microsoft.AspNetCore.Mvc.IActionResult] PlaceOrder(SupplyChain.Order.Application.Commands.PlaceOrder.PlaceOrderCommand, System.Threading.CancellationToken) on controller SupplyChain.Order.API.Controllers.OrdersController (SupplyChain.Order.API).
[15:22:55 INF] Handling PlaceOrderCommand
[15:22:55 INF] Executed action SupplyChain.Order.API.Controllers.OrdersController.PlaceOrder (SupplyChain.Order.API) in 7.2678ms
[15:22:55 INF] Executed endpoint 'SupplyChain.Order.API.Controllers.OrdersController.PlaceOrder (SupplyChain.Order.API)'
[15:22:55 WRN] Validation failed
FluentValidation.ValidationException: Validation failed: 
 -- PaymentMode: Payment mode must be COD or PrePaid. Severity: Error
   at SupplyChain.Order.Application.Behaviors.ValidationBehavior`2.Handle(TRequest request, RequestHandlerDelegate`1 next, CancellationToken cancellationToken) in D:\Early Sprint\EnterpriseB2BSupplyChain\EnterpriseB2BSupplyChain\src\Services\Order\SupplyChain.Order.Application\Behaviors\ValidationBehavior.cs:line 27
   at SupplyChain.Order.Application.Behaviors.LoggingBehavior`2.Handle(TRequest request, RequestHandlerDelegate`1 next, CancellationToken cancellationToken) in D:\Early Sprint\EnterpriseB2BSupplyChain\EnterpriseB2BSupplyChain\src\Services\Order\SupplyChain.Order.Application\Behaviors\LoggingBehavior.cs:line 24
   at SupplyChain.Order.API.Controllers.OrdersController.PlaceOrder(PlaceOrderCommand command, CancellationToken ct) in D:\Early Sprint\EnterpriseB2BSupplyChain\EnterpriseB2BSupplyChain\src\Services\Order\SupplyChain.Order.API\Controllers\OrdersController.cs:line 37
   at Microsoft.AspNetCore.Mvc.Infrastructure.ActionMethodExecutor.TaskOfIActionResultExecutor.Execute(ActionContext actionContext, IActionResultTypeMapper mapper, ObjectMethodExecutor executor, Object controller, Object[] arguments)
   at Microsoft.AspNetCore.Mvc.Infrastructure.ControllerActionInvoker.<InvokeActionMethodAsync>g__Awaited|12_0(ControllerActionInvoker invoker, ValueTask`1 actionResultValueTask)
   at Microsoft.AspNetCore.Mvc.Infrastructure.ControllerActionInvoker.<InvokeNextActionFilterAsync>g__Awaited|10_0(ControllerActionInvoker invoker, Task lastTask, State next, Scope scope, Object state, Boolean isCompleted)
   at Microsoft.AspNetCore.Mvc.Infrastructure.ControllerActionInvoker.Rethrow(ActionExecutedContextSealed context)
   at Microsoft.AspNetCore.Mvc.Infrastructure.ControllerActionInvoker.Next(State& next, Scope& scope, Object& state, Boolean& isCompleted)
   at Microsoft.AspNetCore.Mvc.Infrastructure.ControllerActionInvoker.InvokeInnerFilterAsync()
--- End of stack trace from previous location ---
   at Microsoft.AspNetCore.Mvc.Infrastructure.ResourceInvoker.<InvokeFilterPipelineAsync>g__Awaited|20_0(ResourceInvoker invoker, Task lastTask, State next, Scope scope, Object state, Boolean isCompleted)
   at Microsoft.AspNetCore.Mvc.Infrastructure.ResourceInvoker.<InvokeAsync>g__Logged|17_1(ResourceInvoker invoker)
   at Microsoft.AspNetCore.Mvc.Infrastructure.ResourceInvoker.<InvokeAsync>g__Logged|17_1(ResourceInvoker invoker)
   at Microsoft.AspNetCore.Routing.EndpointMiddleware.<Invoke>g__AwaitRequestTask|7_0(Endpoint endpoint, Task requestTask, ILogger logger)
   at Microsoft.AspNetCore.Authorization.AuthorizationMiddleware.Invoke(HttpContext context)
   at Microsoft.AspNetCore.Authentication.AuthenticationMiddleware.Invoke(HttpContext context)
   at SupplyChain.Order.API.Middleware.ExceptionHandlingMiddleware.InvokeAsync(HttpContext context) in D:\Early Sprint\EnterpriseB2BSupplyChain\EnterpriseB2BSupplyChain\src\Services\Order\SupplyChain.Order.API\Middleware\ExceptionHandlingMiddleware.cs:line 23
[15:22:55 INF] HTTP POST /api/orders responded 400 in 25.2979 ms
[15:22:55 INF] Request finished HTTP/1.1 POST http://localhost:5006/api/orders - 400 null application/json 27.8379ms
[15:22:57 INF] Executed DbCommand (3ms) [Parameters=[@p='?' (DbType = Int32)], CommandType='Text', CommandTimeout='30']
SELECT TOP(@p) [o].[MessageId], [o].[CreatedAt], [o].[Error], [o].[EventType], [o].[Payload], [o].[PublishedAt], [o].[RetryCount], [o].[Status]
FROM [OutboxMessages] AS [o]
WHERE [o].[Status] = N'Pending'
ORDER BY [o].[CreatedAt]
[15:23:12 INF] Executed DbCommand (5ms) [Parameters=[@p='?' (DbType = Int32)], CommandType='Text', CommandTimeout='30']
SELECT TOP(@p) [o].[MessageId], [o].[CreatedAt], [o].[Error], [o].[EventType], [o].[Payload], [o].[PublishedAt], [o].[RetryCount], [o].[Status]
FROM [OutboxMessages] AS [o]
WHERE [o].[Status] = N'Pending'
ORDER BY [o].[CreatedAt]
[15:23:25 INF] Request starting HTTP/1.1 POST http://localhost:5006/api/orders - application/json 496
[15:23:25 INF] Executing endpoint 'SupplyChain.Order.API.Controllers.OrdersController.PlaceOrder (SupplyChain.Order.API)'
[15:23:25 INF] Route matched with {action = "PlaceOrder", controller = "Orders"}. Executing controller action with signature System.Threading.Tasks.Task`1[Microsoft.AspNetCore.Mvc.IActionResult] PlaceOrder(SupplyChain.Order.Application.Commands.PlaceOrder.PlaceOrderCommand, System.Threading.CancellationToken) on controller SupplyChain.Order.API.Controllers.OrdersController (SupplyChain.Order.API).
[15:23:25 INF] Handling PlaceOrderCommand
[15:23:25 INF] Start processing HTTP request GET http://localhost:5010/api/payment/dealers/fc14248d-5271-4a67-9db9-9f90d95f369f/credit-check?*
[15:23:25 INF] Sending HTTP request GET http://localhost:5010/api/payment/dealers/fc14248d-5271-4a67-9db9-9f90d95f369f/credit-check?*
[15:23:25 INF] Received HTTP response headers after 140.1115ms - 401
[15:23:25 INF] End processing HTTP request after 156.7063ms - 401
[15:23:25 INF] Executed DbCommand (5ms) [Parameters=[], CommandType='Text', CommandTimeout='30']
SELECT COUNT(*)
FROM [Orders] AS [o]
[15:23:25 INF] Executed DbCommand (16ms) [Parameters=[@p0='?' (DbType = Guid), @p1='?' (DbType = DateTime2), @p2='?' (DbType = Guid), @p3='?' (Size = 1000), @p4='?' (Size = 30), @p5='?' (Size = 20), @p6='?' (DbType = DateTime2), @p7='?' (Size = 30), @p8='?' (Precision = 18) (Scale = 2) (DbType = Decimal), @p9='?' (DbType = DateTime2), @p10='?' (DbType = Guid), @p11='?' (DbType = DateTime2), @p12='?' (Size = 4000), @p13='?' (Size = 100), @p14='?' (Size = 4000), @p15='?' (DbType = DateTime2), @p16='?' (DbType = Int32), @p17='?' (Size = 20), @p18='?' (DbType = Guid), @p19='?' (DbType = Guid), @p20='?' (DbType = Guid), @p21='?' (Size = 300), @p22='?' (DbType = Int32), @p23='?' (Size = 50), @p24='?' (Precision = 18) (Scale = 2) (DbType = Decimal), @p25='?' (DbType = Guid), @p26='?' (DbType = DateTime2), @p27='?' (DbType = Guid), @p28='?' (Size = 30), @p29='?' (Size = 500), @p30='?' (DbType = Guid), @p31='?' (Size = 30)], CommandType='Text', CommandTimeout='30']
SET NOCOUNT ON;
INSERT INTO [Orders] ([OrderId], [ClosedAt], [DealerId], [Notes], [OrderNumber], [PaymentMode], [PlacedAt], [Status], [TotalAmount], [UpdatedAt])
VALUES (@p0, @p1, @p2, @p3, @p4, @p5, @p6, @p7, @p8, @p9);
INSERT INTO [OutboxMessages] ([MessageId], [CreatedAt], [Error], [EventType], [Payload], [PublishedAt], [RetryCount], [Status])
VALUES (@p10, @p11, @p12, @p13, @p14, @p15, @p16, @p17);
INSERT INTO [OrderLines] ([OrderLineId], [OrderId], [ProductId], [ProductName], [Quantity], [SKU], [UnitPrice])
VALUES (@p18, @p19, @p20, @p21, @p22, @p23, @p24);
INSERT INTO [OrderStatusHistory] ([HistoryId], [ChangedAt], [ChangedByUserId], [FromStatus], [Notes], [OrderId], [ToStatus])
VALUES (@p25, @p26, @p27, @p28, @p29, @p30, @p31);
[15:23:25 INF] Handled PlaceOrderCommand in 788ms
[15:23:25 INF] Executing CreatedAtActionResult, writing value of type 'SupplyChain.Order.Application.Commands.PlaceOrder.PlaceOrderResult'.
[15:23:25 INF] Executed action SupplyChain.Order.API.Controllers.OrdersController.PlaceOrder (SupplyChain.Order.API) in 841.6769ms
[15:23:25 INF] Executed endpoint 'SupplyChain.Order.API.Controllers.OrdersController.PlaceOrder (SupplyChain.Order.API)'
[15:23:25 INF] HTTP POST /api/orders responded 201 in 851.9546 ms
[15:23:25 INF] Request finished HTTP/1.1 POST http://localhost:5006/api/orders - 201 null application/json; charset=utf-8 853.6617ms
[15:23:27 INF] Executed DbCommand (8ms) [Parameters=[@p='?' (DbType = Int32)], CommandType='Text', CommandTimeout='30']
SELECT TOP(@p) [o].[MessageId], [o].[CreatedAt], [o].[Error], [o].[EventType], [o].[Payload], [o].[PublishedAt], [o].[RetryCount], [o].[Status]
FROM [OutboxMessages] AS [o]
WHERE [o].[Status] = N'Pending'
ORDER BY [o].[CreatedAt]
[15:23:27 INF] Published outbox message 2437ff3c-b74d-4a9d-8e26-5486b932f1c0 — OrderPlaced
[15:23:27 INF] Executed DbCommand (6ms) [Parameters=[@p2='?' (DbType = Guid), @p0='?' (DbType = DateTime2), @p1='?' (Size = 20)], CommandType='Text', CommandTimeout='30']
SET IMPLICIT_TRANSACTIONS OFF;
SET NOCOUNT ON;
UPDATE [OutboxMessages] SET [PublishedAt] = @p0, [Status] = @p1
OUTPUT 1
WHERE [MessageId] = @p2;
[15:23:37 INF] Request starting HTTP/1.1 GET http://localhost:5006/api/orders/my - null null
[15:23:37 INF] Executing endpoint 'SupplyChain.Order.API.Controllers.OrdersController.GetMyOrders (SupplyChain.Order.API)'
[15:23:37 INF] Route matched with {action = "GetMyOrders", controller = "Orders"}. Executing controller action with signature System.Threading.Tasks.Task`1[Microsoft.AspNetCore.Mvc.IActionResult] GetMyOrders(System.String, System.Threading.CancellationToken) on controller SupplyChain.Order.API.Controllers.OrdersController (SupplyChain.Order.API).
[15:23:37 INF] Handling GetMyOrdersQuery
[15:23:38 INF] Executed DbCommand (13ms) [Parameters=[@dealerId='?' (DbType = Guid)], CommandType='Text', CommandTimeout='30']
SELECT [o].[OrderId], [o].[ClosedAt], [o].[DealerId], [o].[Notes], [o].[OrderNumber], [o].[PaymentMode], [o].[PlacedAt], [o].[Status], [o].[TotalAmount], [o].[UpdatedAt], [o0].[OrderLineId], [o0].[OrderId], [o0].[ProductId], [o0].[ProductName], [o0].[Quantity], [o0].[SKU], [o0].[UnitPrice]
FROM [Orders] AS [o]
LEFT JOIN [OrderLines] AS [o0] ON [o].[OrderId] = [o0].[OrderId]
WHERE [o].[DealerId] = @dealerId
ORDER BY [o].[PlacedAt] DESC, [o].[OrderId]
[15:23:38 INF] Handled GetMyOrdersQuery in 140ms
[15:23:38 INF] Executing OkObjectResult, writing value of type 'System.Collections.Generic.List`1[[SupplyChain.Order.Application.DTOs.OrderSummaryDto, SupplyChain.Order.Application, Version=1.0.0.0, Culture=neutral, PublicKeyToken=null]]'.
[15:23:38 INF] Executed action SupplyChain.Order.API.Controllers.OrdersController.GetMyOrders (SupplyChain.Order.API) in 156.7357ms
[15:23:38 INF] Executed endpoint 'SupplyChain.Order.API.Controllers.OrdersController.GetMyOrders (SupplyChain.Order.API)'
[15:23:38 INF] HTTP GET /api/orders/my responded 200 in 165.7353 ms
[15:23:38 INF] Request finished HTTP/1.1 GET http://localhost:5006/api/orders/my - 200 null application/json; charset=utf-8 167.0425ms
[15:23:42 INF] Executed DbCommand (1ms) [Parameters=[@p='?' (DbType = Int32)], CommandType='Text', CommandTimeout='30']
SELECT TOP(@p) [o].[MessageId], [o].[CreatedAt], [o].[Error], [o].[EventType], [o].[Payload], [o].[PublishedAt], [o].[RetryCount], [o].[Status]
FROM [OutboxMessages] AS [o]
WHERE [o].[Status] = N'Pending'
ORDER BY [o].[CreatedAt]
[15:23:55 INF] 1 servers were removed due to timeout
[15:23:57 INF] Executed DbCommand (1ms) [Parameters=[@p='?' (DbType = Int32)], CommandType='Text', CommandTimeout='30']
SELECT TOP(@p) [o].[MessageId], [o].[CreatedAt], [o].[Error], [o].[EventType], [o].[Payload], [o].[PublishedAt], [o].[RetryCount], [o].[Status]
FROM [OutboxMessages] AS [o]
WHERE [o].[Status] = N'Pending'
ORDER BY [o].[CreatedAt]
[15:24:12 INF] Executed DbCommand (2ms) [Parameters=[@p='?' (DbType = Int32)], CommandType='Text', CommandTimeout='30']
SELECT TOP(@p) [o].[MessageId], [o].[CreatedAt], [o].[Error], [o].[EventType], [o].[Payload], [o].[PublishedAt], [o].[RetryCount], [o].[Status]
FROM [OutboxMessages] AS [o]
WHERE [o].[Status] = N'Pending'
ORDER BY [o].[CreatedAt]
[15:24:27 INF] Executed DbCommand (2ms) [Parameters=[@p='?' (DbType = Int32)], CommandType='Text', CommandTimeout='30']
SELECT TOP(@p) [o].[MessageId], [o].[CreatedAt], [o].[Error], [o].[EventType], [o].[Payload], [o].[PublishedAt], [o].[RetryCount], [o].[Status]
FROM [OutboxMessages] AS [o]
WHERE [o].[Status] = N'Pending'
ORDER BY [o].[CreatedAt]
[15:24:42 INF] Executed DbCommand (1ms) [Parameters=[@p='?' (DbType = Int32)], CommandType='Text', CommandTimeout='30']
SELECT TOP(@p) [o].[MessageId], [o].[CreatedAt], [o].[Error], [o].[EventType], [o].[Payload], [o].[PublishedAt], [o].[RetryCount], [o].[Status]
FROM [OutboxMessages] AS [o]
WHERE [o].[Status] = N'Pending'
ORDER BY [o].[CreatedAt]
[15:24:54 INF] Request starting HTTP/1.1 POST http://localhost:5006/api/orders - application/json 498
[15:24:54 INF] Executing endpoint 'SupplyChain.Order.API.Controllers.OrdersController.PlaceOrder (SupplyChain.Order.API)'
[15:24:54 INF] Route matched with {action = "PlaceOrder", controller = "Orders"}. Executing controller action with signature System.Threading.Tasks.Task`1[Microsoft.AspNetCore.Mvc.IActionResult] PlaceOrder(SupplyChain.Order.Application.Commands.PlaceOrder.PlaceOrderCommand, System.Threading.CancellationToken) on controller SupplyChain.Order.API.Controllers.OrdersController (SupplyChain.Order.API).
[15:24:54 INF] Handling PlaceOrderCommand
[15:24:54 INF] Start processing HTTP request GET http://localhost:5010/api/payment/dealers/fc14248d-5271-4a67-9db9-9f90d95f369f/credit-check?*
[15:24:54 INF] Sending HTTP request GET http://localhost:5010/api/payment/dealers/fc14248d-5271-4a67-9db9-9f90d95f369f/credit-check?*
[15:24:54 INF] Received HTTP response headers after 11.5505ms - 401
[15:24:54 INF] End processing HTTP request after 12.6906ms - 401
[15:24:54 INF] Executed DbCommand (2ms) [Parameters=[], CommandType='Text', CommandTimeout='30']
SELECT COUNT(*)
FROM [Orders] AS [o]
[15:24:54 INF] Executed DbCommand (4ms) [Parameters=[@p0='?' (DbType = Guid), @p1='?' (DbType = DateTime2), @p2='?' (DbType = Guid), @p3='?' (Size = 1000), @p4='?' (Size = 30), @p5='?' (Size = 20), @p6='?' (DbType = DateTime2), @p7='?' (Size = 30), @p8='?' (Precision = 18) (Scale = 2) (DbType = Decimal), @p9='?' (DbType = DateTime2), @p10='?' (DbType = Guid), @p11='?' (DbType = DateTime2), @p12='?' (Size = 4000), @p13='?' (Size = 100), @p14='?' (Size = 4000), @p15='?' (DbType = DateTime2), @p16='?' (DbType = Int32), @p17='?' (Size = 20), @p18='?' (DbType = Guid), @p19='?' (DbType = Guid), @p20='?' (DbType = Guid), @p21='?' (Size = 300), @p22='?' (DbType = Int32), @p23='?' (Size = 50), @p24='?' (Precision = 18) (Scale = 2) (DbType = Decimal), @p25='?' (DbType = Guid), @p26='?' (DbType = DateTime2), @p27='?' (DbType = Guid), @p28='?' (Size = 30), @p29='?' (Size = 500), @p30='?' (DbType = Guid), @p31='?' (Size = 30)], CommandType='Text', CommandTimeout='30']
SET NOCOUNT ON;
INSERT INTO [Orders] ([OrderId], [ClosedAt], [DealerId], [Notes], [OrderNumber], [PaymentMode], [PlacedAt], [Status], [TotalAmount], [UpdatedAt])
VALUES (@p0, @p1, @p2, @p3, @p4, @p5, @p6, @p7, @p8, @p9);
INSERT INTO [OutboxMessages] ([MessageId], [CreatedAt], [Error], [EventType], [Payload], [PublishedAt], [RetryCount], [Status])
VALUES (@p10, @p11, @p12, @p13, @p14, @p15, @p16, @p17);
INSERT INTO [OrderLines] ([OrderLineId], [OrderId], [ProductId], [ProductName], [Quantity], [SKU], [UnitPrice])
VALUES (@p18, @p19, @p20, @p21, @p22, @p23, @p24);
INSERT INTO [OrderStatusHistory] ([HistoryId], [ChangedAt], [ChangedByUserId], [FromStatus], [Notes], [OrderId], [ToStatus])
VALUES (@p25, @p26, @p27, @p28, @p29, @p30, @p31);
[15:24:54 INF] Handled PlaceOrderCommand in 27ms
[15:24:54 INF] Executing CreatedAtActionResult, writing value of type 'SupplyChain.Order.Application.Commands.PlaceOrder.PlaceOrderResult'.
[15:24:54 INF] Executed action SupplyChain.Order.API.Controllers.OrdersController.PlaceOrder (SupplyChain.Order.API) in 30.9463ms
[15:24:54 INF] Executed endpoint 'SupplyChain.Order.API.Controllers.OrdersController.PlaceOrder (SupplyChain.Order.API)'
[15:24:54 INF] HTTP POST /api/orders responded 201 in 33.2330 ms
[15:24:54 INF] Request finished HTTP/1.1 POST http://localhost:5006/api/orders - 201 null application/json; charset=utf-8 34.1872ms
[15:24:57 INF] Executed DbCommand (1ms) [Parameters=[@p='?' (DbType = Int32)], CommandType='Text', CommandTimeout='30']
SELECT TOP(@p) [o].[MessageId], [o].[CreatedAt], [o].[Error], [o].[EventType], [o].[Payload], [o].[PublishedAt], [o].[RetryCount], [o].[Status]
FROM [OutboxMessages] AS [o]
WHERE [o].[Status] = N'Pending'
ORDER BY [o].[CreatedAt]
[15:24:57 INF] Published outbox message cacc226d-b7a8-478c-86b3-5bc537264ced — OrderPlaced
[15:24:57 INF] Executed DbCommand (4ms) [Parameters=[@p2='?' (DbType = Guid), @p0='?' (DbType = DateTime2), @p1='?' (Size = 20)], CommandType='Text', CommandTimeout='30']
SET IMPLICIT_TRANSACTIONS OFF;
SET NOCOUNT ON;
UPDATE [OutboxMessages] SET [PublishedAt] = @p0, [Status] = @p1
OUTPUT 1
WHERE [MessageId] = @p2;
[15:25:12 INF] Executed DbCommand (5ms) [Parameters=[@p='?' (DbType = Int32)], CommandType='Text', CommandTimeout='30']
SELECT TOP(@p) [o].[MessageId], [o].[CreatedAt], [o].[Error], [o].[EventType], [o].[Payload], [o].[PublishedAt], [o].[RetryCount], [o].[Status]
FROM [OutboxMessages] AS [o]
WHERE [o].[Status] = N'Pending'
ORDER BY [o].[CreatedAt]
[15:25:27 INF] Executed DbCommand (3ms) [Parameters=[@p='?' (DbType = Int32)], CommandType='Text', CommandTimeout='30']
SELECT TOP(@p) [o].[MessageId], [o].[CreatedAt], [o].[Error], [o].[EventType], [o].[Payload], [o].[PublishedAt], [o].[RetryCount], [o].[Status]
FROM [OutboxMessages] AS [o]
WHERE [o].[Status] = N'Pending'
ORDER BY [o].[CreatedAt]
[15:25:42 INF] Executed DbCommand (1ms) [Parameters=[@p='?' (DbType = Int32)], CommandType='Text', CommandTimeout='30']
SELECT TOP(@p) [o].[MessageId], [o].[CreatedAt], [o].[Error], [o].[EventType], [o].[Payload], [o].[PublishedAt], [o].[RetryCount], [o].[Status]
FROM [OutboxMessages] AS [o]
WHERE [o].[Status] = N'Pending'
ORDER BY [o].[CreatedAt]
[15:25:57 INF] Executed DbCommand (1ms) [Parameters=[@p='?' (DbType = Int32)], CommandType='Text', CommandTimeout='30']
SELECT TOP(@p) [o].[MessageId], [o].[CreatedAt], [o].[Error], [o].[EventType], [o].[Payload], [o].[PublishedAt], [o].[RetryCount], [o].[Status]
FROM [OutboxMessages] AS [o]
WHERE [o].[Status] = N'Pending'
ORDER BY [o].[CreatedAt]
[15:26:12 INF] Executed DbCommand (3ms) [Parameters=[@p='?' (DbType = Int32)], CommandType='Text', CommandTimeout='30']
SELECT TOP(@p) [o].[MessageId], [o].[CreatedAt], [o].[Error], [o].[EventType], [o].[Payload], [o].[PublishedAt], [o].[RetryCount], [o].[Status]
FROM [OutboxMessages] AS [o]
WHERE [o].[Status] = N'Pending'
ORDER BY [o].[CreatedAt]
[15:26:27 INF] Executed DbCommand (8ms) [Parameters=[@p='?' (DbType = Int32)], CommandType='Text', CommandTimeout='30']
SELECT TOP(@p) [o].[MessageId], [o].[CreatedAt], [o].[Error], [o].[EventType], [o].[Payload], [o].[PublishedAt], [o].[RetryCount], [o].[Status]
FROM [OutboxMessages] AS [o]
WHERE [o].[Status] = N'Pending'
ORDER BY [o].[CreatedAt]
[15:26:47 INF] Executed DbCommand (4ms) [Parameters=[@p='?' (DbType = Int32)], CommandType='Text', CommandTimeout='30']
SELECT TOP(@p) [o].[MessageId], [o].[CreatedAt], [o].[Error], [o].[EventType], [o].[Payload], [o].[PublishedAt], [o].[RetryCount], [o].[Status]
FROM [OutboxMessages] AS [o]
WHERE [o].[Status] = N'Pending'
ORDER BY [o].[CreatedAt]
[15:27:00 INF] Executed DbCommand (5ms) [Parameters=[@p='?' (DbType = Int32)], CommandType='Text', CommandTimeout='30']
SELECT TOP(@p) [o].[MessageId], [o].[CreatedAt], [o].[Error], [o].[EventType], [o].[Payload], [o].[PublishedAt], [o].[RetryCount], [o].[Status]
FROM [OutboxMessages] AS [o]
WHERE [o].[Status] = N'Pending'
ORDER BY [o].[CreatedAt]
[15:27:14 INF] Executed DbCommand (18ms) [Parameters=[@p='?' (DbType = Int32)], CommandType='Text', CommandTimeout='30']
SELECT TOP(@p) [o].[MessageId], [o].[CreatedAt], [o].[Error], [o].[EventType], [o].[Payload], [o].[PublishedAt], [o].[RetryCount], [o].[Status]
FROM [OutboxMessages] AS [o]
WHERE [o].[Status] = N'Pending'
ORDER BY [o].[CreatedAt]
[15:27:30 INF] Executed DbCommand (17ms) [Parameters=[@p='?' (DbType = Int32)], CommandType='Text', CommandTimeout='30']
SELECT TOP(@p) [o].[MessageId], [o].[CreatedAt], [o].[Error], [o].[EventType], [o].[Payload], [o].[PublishedAt], [o].[RetryCount], [o].[Status]
FROM [OutboxMessages] AS [o]
WHERE [o].[Status] = N'Pending'
ORDER BY [o].[CreatedAt]
[15:27:30 INF] Executed DbCommand (6ms) [Parameters=[@p='?' (DbType = Int32)], CommandType='Text', CommandTimeout='30']
SELECT TOP(@p) [o].[MessageId], [o].[CreatedAt], [o].[Error], [o].[EventType], [o].[Payload], [o].[PublishedAt], [o].[RetryCount], [o].[Status]
FROM [OutboxMessages] AS [o]
WHERE [o].[Status] = N'Pending'
ORDER BY [o].[CreatedAt]
[15:27:45 INF] Executed DbCommand (38ms) [Parameters=[@p='?' (DbType = Int32)], CommandType='Text', CommandTimeout='30']
SELECT TOP(@p) [o].[MessageId], [o].[CreatedAt], [o].[Error], [o].[EventType], [o].[Payload], [o].[PublishedAt], [o].[RetryCount], [o].[Status]
FROM [OutboxMessages] AS [o]
WHERE [o].[Status] = N'Pending'
ORDER BY [o].[CreatedAt]
[15:28:00 INF] Executed DbCommand (15ms) [Parameters=[@p='?' (DbType = Int32)], CommandType='Text', CommandTimeout='30']
SELECT TOP(@p) [o].[MessageId], [o].[CreatedAt], [o].[Error], [o].[EventType], [o].[Payload], [o].[PublishedAt], [o].[RetryCount], [o].[Status]
FROM [OutboxMessages] AS [o]
WHERE [o].[Status] = N'Pending'
ORDER BY [o].[CreatedAt]
[15:28:15 INF] Executed DbCommand (7ms) [Parameters=[@p='?' (DbType = Int32)], CommandType='Text', CommandTimeout='30']
SELECT TOP(@p) [o].[MessageId], [o].[CreatedAt], [o].[Error], [o].[EventType], [o].[Payload], [o].[PublishedAt], [o].[RetryCount], [o].[Status]
FROM [OutboxMessages] AS [o]
WHERE [o].[Status] = N'Pending'
ORDER BY [o].[CreatedAt]
[15:28:30 INF] Executed DbCommand (18ms) [Parameters=[@p='?' (DbType = Int32)], CommandType='Text', CommandTimeout='30']
SELECT TOP(@p) [o].[MessageId], [o].[CreatedAt], [o].[Error], [o].[EventType], [o].[Payload], [o].[PublishedAt], [o].[RetryCount], [o].[Status]
FROM [OutboxMessages] AS [o]
WHERE [o].[Status] = N'Pending'
ORDER BY [o].[CreatedAt]
[15:28:46 INF] Executed DbCommand (31ms) [Parameters=[@p='?' (DbType = Int32)], CommandType='Text', CommandTimeout='30']
SELECT TOP(@p) [o].[MessageId], [o].[CreatedAt], [o].[Error], [o].[EventType], [o].[Payload], [o].[PublishedAt], [o].[RetryCount], [o].[Status]
FROM [OutboxMessages] AS [o]
WHERE [o].[Status] = N'Pending'
ORDER BY [o].[CreatedAt]
[15:29:01 INF] Executed DbCommand (5ms) [Parameters=[@p='?' (DbType = Int32)], CommandType='Text', CommandTimeout='30']
SELECT TOP(@p) [o].[MessageId], [o].[CreatedAt], [o].[Error], [o].[EventType], [o].[Payload], [o].[PublishedAt], [o].[RetryCount], [o].[Status]
FROM [OutboxMessages] AS [o]
WHERE [o].[Status] = N'Pending'
ORDER BY [o].[CreatedAt]
[15:29:16 INF] Executed DbCommand (5ms) [Parameters=[@p='?' (DbType = Int32)], CommandType='Text', CommandTimeout='30']
SELECT TOP(@p) [o].[MessageId], [o].[CreatedAt], [o].[Error], [o].[EventType], [o].[Payload], [o].[PublishedAt], [o].[RetryCount], [o].[Status]
FROM [OutboxMessages] AS [o]
WHERE [o].[Status] = N'Pending'
ORDER BY [o].[CreatedAt]
[15:29:31 INF] Executed DbCommand (1ms) [Parameters=[@p='?' (DbType = Int32)], CommandType='Text', CommandTimeout='30']
SELECT TOP(@p) [o].[MessageId], [o].[CreatedAt], [o].[Error], [o].[EventType], [o].[Payload], [o].[PublishedAt], [o].[RetryCount], [o].[Status]
FROM [OutboxMessages] AS [o]
WHERE [o].[Status] = N'Pending'
ORDER BY [o].[CreatedAt]
[15:29:46 INF] Executed DbCommand (5ms) [Parameters=[@p='?' (DbType = Int32)], CommandType='Text', CommandTimeout='30']
SELECT TOP(@p) [o].[MessageId], [o].[CreatedAt], [o].[Error], [o].[EventType], [o].[Payload], [o].[PublishedAt], [o].[RetryCount], [o].[Status]
FROM [OutboxMessages] AS [o]
WHERE [o].[Status] = N'Pending'
ORDER BY [o].[CreatedAt]
[15:30:01 INF] Executed DbCommand (22ms) [Parameters=[@p='?' (DbType = Int32)], CommandType='Text', CommandTimeout='30']
SELECT TOP(@p) [o].[MessageId], [o].[CreatedAt], [o].[Error], [o].[EventType], [o].[Payload], [o].[PublishedAt], [o].[RetryCount], [o].[Status]
FROM [OutboxMessages] AS [o]
WHERE [o].[Status] = N'Pending'
ORDER BY [o].[CreatedAt]
[15:30:16 INF] Executed DbCommand (3ms) [Parameters=[@p='?' (DbType = Int32)], CommandType='Text', CommandTimeout='30']
SELECT TOP(@p) [o].[MessageId], [o].[CreatedAt], [o].[Error], [o].[EventType], [o].[Payload], [o].[PublishedAt], [o].[RetryCount], [o].[Status]
FROM [OutboxMessages] AS [o]
WHERE [o].[Status] = N'Pending'
ORDER BY [o].[CreatedAt]
[15:30:31 INF] Executed DbCommand (4ms) [Parameters=[@p='?' (DbType = Int32)], CommandType='Text', CommandTimeout='30']
SELECT TOP(@p) [o].[MessageId], [o].[CreatedAt], [o].[Error], [o].[EventType], [o].[Payload], [o].[PublishedAt], [o].[RetryCount], [o].[Status]
FROM [OutboxMessages] AS [o]
WHERE [o].[Status] = N'Pending'
ORDER BY [o].[CreatedAt]
