Using launch settings from src\Services\Order\SupplyChain.Order.API\Properties\launchSettings.json...
Building...
[12:28:20 INF] Executed DbCommand (29ms) [Parameters=[], CommandType='Text', CommandTimeout='30']
SELECT 1
[12:28:20 INF] Acquiring an exclusive lock for migration application. See https://aka.ms/efcore-docs-migrations-lock for more information if this takes too long.
[12:28:21 INF] Executed DbCommand (30ms) [Parameters=[], CommandType='Text', CommandTimeout='30']
DECLARE @result int;
EXEC @result = sp_getapplock @Resource = '__EFMigrationsLock', @LockOwner = 'Session', @LockMode = 'Exclusive';
SELECT @result
[12:28:21 INF] Executed DbCommand (2ms) [Parameters=[], CommandType='Text', CommandTimeout='30']
IF OBJECT_ID(N'[__EFMigrationsHistory]') IS NULL
BEGIN
    CREATE TABLE [__EFMigrationsHistory] (
        [MigrationId] nvarchar(150) NOT NULL,
        [ProductVersion] nvarchar(32) NOT NULL,
        CONSTRAINT [PK___EFMigrationsHistory] PRIMARY KEY ([MigrationId])
    );
END;
[12:28:21 INF] Executed DbCommand (1ms) [Parameters=[], CommandType='Text', CommandTimeout='30']
SELECT 1
[12:28:21 INF] Executed DbCommand (1ms) [Parameters=[], CommandType='Text', CommandTimeout='30']
SELECT OBJECT_ID(N'[__EFMigrationsHistory]');
[12:28:21 INF] Executed DbCommand (9ms) [Parameters=[], CommandType='Text', CommandTimeout='30']
SELECT [MigrationId], [ProductVersion]
FROM [__EFMigrationsHistory]
ORDER BY [MigrationId];
[12:28:21 INF] No migrations were applied. The database is already up to date.
[12:28:21 INF] Executed DbCommand (3ms) [Parameters=[], CommandType='Text', CommandTimeout='30']
DECLARE @result int;
EXEC @result = sp_releaseapplock @Resource = '__EFMigrationsLock', @LockOwner = 'Session';
SELECT @result
[12:28:21 INF] Start installing Hangfire SQL objects...
[12:28:22 INF] Hangfire SQL objects installed.
[12:28:22 INF] User profile is available. Using 'C:\Users\Srikaran\AppData\Local\ASP.NET\DataProtection-Keys' as key repository and Windows DPAPI to encrypt keys at rest.
[12:28:22 INF] Now listening on: http://localhost:5120
[12:28:22 INF] Starting Hangfire Server using job storage: 'SQL Server: ASUS-VIVOBOOK-1\SQLEXPRESS@OrderDB'
[12:28:22 INF] Using the following options for SQL Server job storage: Queue poll interval: 00:00:00.
[12:28:22 INF] Using the following options for Hangfire Server:
    Worker count: 20
    Listening queues: 'default'
    Shutdown timeout: 00:00:15
    Schedule polling interval: 00:00:15
[12:28:22 INF] Application started. Press Ctrl+C to shut down.
[12:28:22 INF] Hosting environment: Development
[12:28:22 INF] Content root path: D:\Early Sprint\EnterpriseB2BSupplyChain\EnterpriseB2BSupplyChain\src\Services\Order\SupplyChain.Order.API
[12:28:22 INF] Server asus-vivobook-1:23260:6a77b674 successfully announced in 16.3361 ms
[12:28:22 INF] Server asus-vivobook-1:23260:6a77b674 is starting the registered dispatchers: ServerWatchdog, ServerJobCancellationWatcher, SqlServerHeartbeatProcess, ExpirationManager, CountersAggregator, Worker, DelayedJobScheduler, RecurringJobScheduler...
[12:28:22 INF] Server asus-vivobook-1:23260:6a77b674 all the dispatchers started
[12:28:23 INF] Executed DbCommand (4ms) [Parameters=[@p='?' (DbType = Int32)], CommandType='Text', CommandTimeout='30']
SELECT TOP(@p) [o].[MessageId], [o].[CreatedAt], [o].[Error], [o].[EventType], [o].[Payload], [o].[PublishedAt], [o].[RetryCount], [o].[Status]
FROM [OutboxMessages] AS [o]
WHERE [o].[Status] = N'Pending'
ORDER BY [o].[CreatedAt]
[12:28:35 INF] Request starting HTTP/1.1 GET http://localhost:5120/health - null null
[12:28:35 INF] Executing endpoint 'Health checks'
[12:28:35 INF] Executed endpoint 'Health checks'
[12:28:35 INF] HTTP GET /health responded 200 in 34.2905 ms
[12:28:35 INF] Request finished HTTP/1.1 GET http://localhost:5120/health - 200 null text/plain 65.5462ms
