Using launch settings from src\Services\Payment\SupplyChain.Payment.API\Properties\launchSettings.json...
Building...
[12:27:59 INF] Executed DbCommand (56ms) [Parameters=[], CommandType='Text', CommandTimeout='30']
SELECT 1
[12:27:59 INF] Acquiring an exclusive lock for migration application. See https://aka.ms/efcore-docs-migrations-lock for more information if this takes too long.
[12:27:59 INF] Executed DbCommand (30ms) [Parameters=[], CommandType='Text', CommandTimeout='30']
DECLARE @result int;
EXEC @result = sp_getapplock @Resource = '__EFMigrationsLock', @LockOwner = 'Session', @LockMode = 'Exclusive';
SELECT @result
[12:27:59 INF] Executed DbCommand (3ms) [Parameters=[], CommandType='Text', CommandTimeout='30']
IF OBJECT_ID(N'[__EFMigrationsHistory]') IS NULL
BEGIN
    CREATE TABLE [__EFMigrationsHistory] (
        [MigrationId] nvarchar(150) NOT NULL,
        [ProductVersion] nvarchar(32) NOT NULL,
        CONSTRAINT [PK___EFMigrationsHistory] PRIMARY KEY ([MigrationId])
    );
END;
[12:27:59 INF] Executed DbCommand (1ms) [Parameters=[], CommandType='Text', CommandTimeout='30']
SELECT 1
[12:27:59 INF] Executed DbCommand (2ms) [Parameters=[], CommandType='Text', CommandTimeout='30']
SELECT OBJECT_ID(N'[__EFMigrationsHistory]');
[12:27:59 INF] Executed DbCommand (9ms) [Parameters=[], CommandType='Text', CommandTimeout='30']
SELECT [MigrationId], [ProductVersion]
FROM [__EFMigrationsHistory]
ORDER BY [MigrationId];
[12:27:59 INF] No migrations were applied. The database is already up to date.
[12:27:59 INF] Executed DbCommand (2ms) [Parameters=[], CommandType='Text', CommandTimeout='30']
DECLARE @result int;
EXEC @result = sp_releaseapplock @Resource = '__EFMigrationsLock', @LockOwner = 'Session';
SELECT @result
[12:27:59 INF] User profile is available. Using 'C:\Users\Srikaran\AppData\Local\ASP.NET\DataProtection-Keys' as key repository and Windows DPAPI to encrypt keys at rest.
[12:27:59 INF] Now listening on: http://localhost:5083
[12:27:59 INF] Application started. Press Ctrl+C to shut down.
[12:27:59 INF] Hosting environment: Development
[12:27:59 INF] Content root path: D:\Early Sprint\EnterpriseB2BSupplyChain\EnterpriseB2BSupplyChain\src\Services\Payment\SupplyChain.Payment.API
[12:28:13 INF] Request starting HTTP/1.1 GET http://localhost:5083/health - null null
[12:28:13 INF] Executing endpoint 'Health checks'
[12:28:13 INF] Executed endpoint 'Health checks'
[12:28:13 INF] HTTP GET /health responded 200 in 31.7644 ms
[12:28:13 INF] Request finished HTTP/1.1 GET http://localhost:5083/health - 200 null text/plain 58.2183ms
