Using launch settings from src\Services\Logistics\SupplyChain.Logistics.API\Properties\launchSettings.json...
Building...
[09:21:34 INF] Executed DbCommand (441ms) [Parameters=[], CommandType='Text', CommandTimeout='30']
SELECT 1
[09:21:34 INF] Acquiring an exclusive lock for migration application. See https://aka.ms/efcore-docs-migrations-lock for more information if this takes too long.
[09:21:35 INF] Executed DbCommand (741ms) [Parameters=[], CommandType='Text', CommandTimeout='30']
DECLARE @result int;
EXEC @result = sp_getapplock @Resource = '__EFMigrationsLock', @LockOwner = 'Session', @LockMode = 'Exclusive';
SELECT @result
[09:21:35 INF] Executed DbCommand (191ms) [Parameters=[], CommandType='Text', CommandTimeout='30']
IF OBJECT_ID(N'[__EFMigrationsHistory]') IS NULL
BEGIN
    CREATE TABLE [__EFMigrationsHistory] (
        [MigrationId] nvarchar(150) NOT NULL,
        [ProductVersion] nvarchar(32) NOT NULL,
        CONSTRAINT [PK___EFMigrationsHistory] PRIMARY KEY ([MigrationId])
    );
END;
[09:21:35 INF] Executed DbCommand (37ms) [Parameters=[], CommandType='Text', CommandTimeout='30']
SELECT 1
[09:21:35 INF] Executed DbCommand (90ms) [Parameters=[], CommandType='Text', CommandTimeout='30']
SELECT OBJECT_ID(N'[__EFMigrationsHistory]');
[09:21:37 INF] Executed DbCommand (1,590ms) [Parameters=[], CommandType='Text', CommandTimeout='30']
SELECT [MigrationId], [ProductVersion]
FROM [__EFMigrationsHistory]
ORDER BY [MigrationId];
[09:21:37 INF] No migrations were applied. The database is already up to date.
[09:21:37 INF] Executed DbCommand (7ms) [Parameters=[], CommandType='Text', CommandTimeout='30']
DECLARE @result int;
EXEC @result = sp_releaseapplock @Resource = '__EFMigrationsLock', @LockOwner = 'Session';
SELECT @result
[09:21:38 INF] Executed DbCommand (592ms) [Parameters=[], CommandType='Text', CommandTimeout='30']
SELECT CASE
    WHEN EXISTS (
        SELECT 1
        FROM [DeliveryAgents] AS [d]) THEN CAST(1 AS bit)
    ELSE CAST(0 AS bit)
END
[09:21:39 INF] Executed DbCommand (761ms) [Parameters=[], CommandType='Text', CommandTimeout='30']
SELECT [s].[ShipmentId], [s].[AgentId], [s].[CreatedAt], [s].[CustomerFeedback], [s].[CustomerRating], [s].[DeliveredAt], [s].[OrderId], [s].[PickedUpAt], [s].[SlaAtRiskNotified], [s].[SlaDeadlineUtc], [s].[Status], [s].[VehicleId]
FROM [Shipments] AS [s]
[09:21:40 INF] Executed DbCommand (47ms) [Parameters=[], CommandType='Text', CommandTimeout='30']
SELECT [t].[EventId], [t].[Latitude], [t].[Longitude], [t].[Notes], [t].[Place], [t].[RecordedAt], [t].[RecordedByAgentId], [t].[ShipmentId], [t].[Status]
FROM [TrackingEvents] AS [t]
[09:21:40 INF] Executed DbCommand (56ms) [Parameters=[], CommandType='Text', CommandTimeout='30']
SELECT [d].[AgentId], [d].[AverageRating], [d].[CreatedAt], [d].[CurrentOrderId], [d].[FullName], [d].[LicenseNumber], [d].[Phone], [d].[ServiceRegion], [d].[Status], [d].[TotalDeliveries], [d].[UserId]
FROM [DeliveryAgents] AS [d]
[09:21:40 INF] Executed DbCommand (216ms) [Parameters=[], CommandType='Text', CommandTimeout='30']
SELECT [v].[VehicleId], [v].[AssignedAgentId], [v].[CapacityKg], [v].[RegistrationNo], [v].[Status], [v].[VehicleType]
FROM [Vehicles] AS [v]
[09:21:45 INF] Executed DbCommand (4,215ms) [Parameters=[@p0='?' (DbType = Guid), @p1='?' (DbType = Guid), @p2='?' (DbType = Guid), @p3='?' (DbType = Guid), @p4='?' (DbType = Guid), @p5='?' (DbType = Guid), @p6='?' (DbType = Guid), @p7='?' (DbType = Guid), @p8='?' (DbType = Guid), @p9='?' (DbType = Guid), @p10='?' (DbType = Guid), @p11='?' (DbType = Guid), @p12='?' (DbType = Guid), @p13='?' (DbType = Guid), @p14='?' (DbType = Guid), @p15='?' (DbType = Guid), @p16='?' (DbType = Guid), @p17='?' (DbType = Guid), @p18='?' (DbType = Guid), @p19='?' (DbType = Guid), @p20='?' (DbType = Guid), @p21='?' (DbType = Guid), @p22='?' (DbType = Guid), @p23='?' (DbType = Guid), @p24='?' (DbType = Guid), @p25='?' (DbType = Guid), @p26='?' (DbType = Guid), @p27='?' (DbType = Guid), @p28='?' (DbType = Guid), @p29='?' (DbType = Guid), @p30='?' (DbType = Guid), @p31='?' (DbType = Guid), @p32='?' (DbType = Guid), @p33='?' (DbType = Guid), @p34='?' (DbType = Guid), @p35='?' (DbType = Guid), @p36='?' (DbType = Guid), @p37='?' (DbType = Guid), @p38='?' (DbType = Guid), @p39='?' (DbType = Guid), @p40='?' (DbType = Guid), @p41='?' (DbType = Guid)], CommandType='Text', CommandTimeout='30']
SET NOCOUNT ON;
DELETE FROM [DeliveryAgents]
OUTPUT 1
WHERE [AgentId] = @p0;
DELETE FROM [DeliveryAgents]
OUTPUT 1
WHERE [AgentId] = @p1;
DELETE FROM [DeliveryAgents]
OUTPUT 1
WHERE [AgentId] = @p2;
DELETE FROM [DeliveryAgents]
OUTPUT 1
WHERE [AgentId] = @p3;
DELETE FROM [DeliveryAgents]
OUTPUT 1
WHERE [AgentId] = @p4;
DELETE FROM [DeliveryAgents]
OUTPUT 1
WHERE [AgentId] = @p5;
DELETE FROM [DeliveryAgents]
OUTPUT 1
WHERE [AgentId] = @p6;
DELETE FROM [DeliveryAgents]
OUTPUT 1
WHERE [AgentId] = @p7;
DELETE FROM [DeliveryAgents]
OUTPUT 1
WHERE [AgentId] = @p8;
DELETE FROM [DeliveryAgents]
OUTPUT 1
WHERE [AgentId] = @p9;
DELETE FROM [DeliveryAgents]
OUTPUT 1
WHERE [AgentId] = @p10;
DELETE FROM [DeliveryAgents]
OUTPUT 1
WHERE [AgentId] = @p11;
DELETE FROM [DeliveryAgents]
OUTPUT 1
WHERE [AgentId] = @p12;
DELETE FROM [DeliveryAgents]
OUTPUT 1
WHERE [AgentId] = @p13;
DELETE FROM [DeliveryAgents]
OUTPUT 1
WHERE [AgentId] = @p14;
DELETE FROM [DeliveryAgents]
OUTPUT 1
WHERE [AgentId] = @p15;
DELETE FROM [DeliveryAgents]
OUTPUT 1
WHERE [AgentId] = @p16;
DELETE FROM [DeliveryAgents]
OUTPUT 1
WHERE [AgentId] = @p17;
DELETE FROM [DeliveryAgents]
OUTPUT 1
WHERE [AgentId] = @p18;
DELETE FROM [DeliveryAgents]
OUTPUT 1
WHERE [AgentId] = @p19;
DELETE FROM [DeliveryAgents]
OUTPUT 1
WHERE [AgentId] = @p20;
DELETE FROM [DeliveryAgents]
OUTPUT 1
WHERE [AgentId] = @p21;
DELETE FROM [DeliveryAgents]
OUTPUT 1
WHERE [AgentId] = @p22;
DELETE FROM [DeliveryAgents]
OUTPUT 1
WHERE [AgentId] = @p23;
DELETE FROM [DeliveryAgents]
OUTPUT 1
WHERE [AgentId] = @p24;
DELETE FROM [DeliveryAgents]
OUTPUT 1
WHERE [AgentId] = @p25;
DELETE FROM [DeliveryAgents]
OUTPUT 1
WHERE [AgentId] = @p26;
DELETE FROM [DeliveryAgents]
OUTPUT 1
WHERE [AgentId] = @p27;
DELETE FROM [DeliveryAgents]
OUTPUT 1
WHERE [AgentId] = @p28;
DELETE FROM [DeliveryAgents]
OUTPUT 1
WHERE [AgentId] = @p29;
DELETE FROM [DeliveryAgents]
OUTPUT 1
WHERE [AgentId] = @p30;
DELETE FROM [DeliveryAgents]
OUTPUT 1
WHERE [AgentId] = @p31;
DELETE FROM [DeliveryAgents]
OUTPUT 1
WHERE [AgentId] = @p32;
DELETE FROM [DeliveryAgents]
OUTPUT 1
WHERE [AgentId] = @p33;
DELETE FROM [DeliveryAgents]
OUTPUT 1
WHERE [AgentId] = @p34;
DELETE FROM [DeliveryAgents]
OUTPUT 1
WHERE [AgentId] = @p35;
DELETE FROM [DeliveryAgents]
OUTPUT 1
WHERE [AgentId] = @p36;
DELETE FROM [DeliveryAgents]
OUTPUT 1
WHERE [AgentId] = @p37;
DELETE FROM [DeliveryAgents]
OUTPUT 1
WHERE [AgentId] = @p38;
DELETE FROM [DeliveryAgents]
OUTPUT 1
WHERE [AgentId] = @p39;
DELETE FROM [DeliveryAgents]
OUTPUT 1
WHERE [AgentId] = @p40;
DELETE FROM [DeliveryAgents]
OUTPUT 1
WHERE [AgentId] = @p41;
[09:21:46 INF] Executed DbCommand (1,026ms) [Parameters=[@p0='?' (DbType = Guid), @p1='?' (DbType = Guid), @p2='?' (DbType = Guid), @p3='?' (DbType = Guid), @p4='?' (DbType = Guid), @p5='?' (DbType = Guid), @p6='?' (DbType = Guid), @p7='?' (DbType = Guid), @p8='?' (DbType = Guid), @p9='?' (DbType = Guid), @p10='?' (DbType = Guid), @p11='?' (DbType = Guid), @p12='?' (DbType = Guid), @p13='?' (DbType = Guid), @p14='?' (DbType = Guid), @p15='?' (DbType = Guid), @p16='?' (DbType = Guid), @p17='?' (DbType = Guid), @p18='?' (DbType = Guid), @p19='?' (DbType = Guid), @p20='?' (DbType = Guid), @p21='?' (DbType = Guid), @p22='?' (DbType = Guid), @p23='?' (DbType = Guid), @p24='?' (DbType = Guid), @p25='?' (DbType = Guid), @p26='?' (DbType = Guid), @p27='?' (DbType = Guid), @p28='?' (DbType = Guid), @p29='?' (DbType = Guid), @p30='?' (DbType = Guid), @p31='?' (DbType = Guid), @p32='?' (DbType = Guid), @p33='?' (DbType = Guid), @p34='?' (DbType = Guid), @p35='?' (DbType = Guid), @p36='?' (DbType = Guid), @p37='?' (DbType = Guid), @p38='?' (DbType = Guid), @p39='?' (DbType = Guid), @p40='?' (DbType = Guid), @p41='?' (DbType = Guid)], CommandType='Text', CommandTimeout='30']
SET NOCOUNT ON;
DELETE FROM [DeliveryAgents]
OUTPUT 1
WHERE [AgentId] = @p0;
DELETE FROM [DeliveryAgents]
OUTPUT 1
WHERE [AgentId] = @p1;
DELETE FROM [DeliveryAgents]
OUTPUT 1
WHERE [AgentId] = @p2;
DELETE FROM [DeliveryAgents]
OUTPUT 1
WHERE [AgentId] = @p3;
DELETE FROM [DeliveryAgents]
OUTPUT 1
WHERE [AgentId] = @p4;
DELETE FROM [DeliveryAgents]
OUTPUT 1
WHERE [AgentId] = @p5;
DELETE FROM [DeliveryAgents]
OUTPUT 1
WHERE [AgentId] = @p6;
DELETE FROM [DeliveryAgents]
OUTPUT 1
WHERE [AgentId] = @p7;
DELETE FROM [DeliveryAgents]
OUTPUT 1
WHERE [AgentId] = @p8;
DELETE FROM [DeliveryAgents]
OUTPUT 1
WHERE [AgentId] = @p9;
DELETE FROM [DeliveryAgents]
OUTPUT 1
WHERE [AgentId] = @p10;
DELETE FROM [DeliveryAgents]
OUTPUT 1
WHERE [AgentId] = @p11;
DELETE FROM [DeliveryAgents]
OUTPUT 1
WHERE [AgentId] = @p12;
DELETE FROM [DeliveryAgents]
OUTPUT 1
WHERE [AgentId] = @p13;
DELETE FROM [DeliveryAgents]
OUTPUT 1
WHERE [AgentId] = @p14;
DELETE FROM [DeliveryAgents]
OUTPUT 1
WHERE [AgentId] = @p15;
DELETE FROM [DeliveryAgents]
OUTPUT 1
WHERE [AgentId] = @p16;
DELETE FROM [DeliveryAgents]
OUTPUT 1
WHERE [AgentId] = @p17;
DELETE FROM [DeliveryAgents]
OUTPUT 1
WHERE [AgentId] = @p18;
DELETE FROM [DeliveryAgents]
OUTPUT 1
WHERE [AgentId] = @p19;
DELETE FROM [TrackingEvents]
OUTPUT 1
WHERE [EventId] = @p20;
DELETE FROM [Vehicles]
OUTPUT 1
WHERE [VehicleId] = @p21;
DELETE FROM [Vehicles]
OUTPUT 1
WHERE [VehicleId] = @p22;
DELETE FROM [Vehicles]
OUTPUT 1
WHERE [VehicleId] = @p23;
DELETE FROM [Vehicles]
OUTPUT 1
WHERE [VehicleId] = @p24;
DELETE FROM [Vehicles]
OUTPUT 1
WHERE [VehicleId] = @p25;
DELETE FROM [Vehicles]
OUTPUT 1
WHERE [VehicleId] = @p26;
DELETE FROM [Vehicles]
OUTPUT 1
WHERE [VehicleId] = @p27;
DELETE FROM [Vehicles]
OUTPUT 1
WHERE [VehicleId] = @p28;
DELETE FROM [Vehicles]
OUTPUT 1
WHERE [VehicleId] = @p29;
DELETE FROM [Vehicles]
OUTPUT 1
WHERE [VehicleId] = @p30;
DELETE FROM [Vehicles]
OUTPUT 1
WHERE [VehicleId] = @p31;
DELETE FROM [Vehicles]
OUTPUT 1
WHERE [VehicleId] = @p32;
DELETE FROM [Vehicles]
OUTPUT 1
WHERE [VehicleId] = @p33;
DELETE FROM [Vehicles]
OUTPUT 1
WHERE [VehicleId] = @p34;
DELETE FROM [Vehicles]
OUTPUT 1
WHERE [VehicleId] = @p35;
DELETE FROM [Vehicles]
OUTPUT 1
WHERE [VehicleId] = @p36;
DELETE FROM [Vehicles]
OUTPUT 1
WHERE [VehicleId] = @p37;
DELETE FROM [Vehicles]
OUTPUT 1
WHERE [VehicleId] = @p38;
DELETE FROM [Vehicles]
OUTPUT 1
WHERE [VehicleId] = @p39;
DELETE FROM [Vehicles]
OUTPUT 1
WHERE [VehicleId] = @p40;
DELETE FROM [Vehicles]
OUTPUT 1
WHERE [VehicleId] = @p41;
[09:21:47 INF] Executed DbCommand (1,412ms) [Parameters=[@p0='?' (DbType = Guid), @p1='?' (DbType = Guid), @p2='?' (DbType = Guid), @p3='?' (DbType = Guid), @p4='?' (DbType = Guid), @p5='?' (DbType = Guid), @p6='?' (DbType = Guid), @p7='?' (DbType = Guid), @p8='?' (DbType = Guid), @p9='?' (DbType = Guid), @p10='?' (DbType = Guid), @p11='?' (DbType = Guid), @p12='?' (DbType = Guid), @p13='?' (DbType = Guid), @p14='?' (DbType = Guid), @p15='?' (DbType = Guid), @p16='?' (DbType = Guid), @p17='?' (DbType = Guid), @p18='?' (DbType = Guid), @p19='?' (DbType = Guid), @p20='?' (DbType = Guid), @p21='?' (DbType = Guid), @p22='?' (DbType = Guid), @p23='?' (DbType = Guid), @p24='?' (DbType = Guid), @p25='?' (DbType = Guid), @p26='?' (DbType = Guid), @p27='?' (DbType = Guid), @p28='?' (DbType = Guid), @p29='?' (DbType = Guid), @p30='?' (DbType = Guid), @p31='?' (DbType = Guid), @p32='?' (DbType = Guid), @p33='?' (DbType = Guid), @p34='?' (DbType = Guid), @p35='?' (DbType = Guid), @p36='?' (DbType = Guid), @p37='?' (DbType = Guid), @p38='?' (DbType = Guid), @p39='?' (DbType = Guid), @p40='?' (DbType = Guid), @p41='?' (DbType = Guid)], CommandType='Text', CommandTimeout='30']
SET NOCOUNT ON;
DELETE FROM [Vehicles]
OUTPUT 1
WHERE [VehicleId] = @p0;
DELETE FROM [Vehicles]
OUTPUT 1
WHERE [VehicleId] = @p1;
DELETE FROM [Vehicles]
OUTPUT 1
WHERE [VehicleId] = @p2;
DELETE FROM [Vehicles]
OUTPUT 1
WHERE [VehicleId] = @p3;
DELETE FROM [Vehicles]
OUTPUT 1
WHERE [VehicleId] = @p4;
DELETE FROM [Vehicles]
OUTPUT 1
WHERE [VehicleId] = @p5;
DELETE FROM [Vehicles]
OUTPUT 1
WHERE [VehicleId] = @p6;
DELETE FROM [Vehicles]
OUTPUT 1
WHERE [VehicleId] = @p7;
DELETE FROM [Vehicles]
OUTPUT 1
WHERE [VehicleId] = @p8;
DELETE FROM [Vehicles]
OUTPUT 1
WHERE [VehicleId] = @p9;
DELETE FROM [Vehicles]
OUTPUT 1
WHERE [VehicleId] = @p10;
DELETE FROM [Vehicles]
OUTPUT 1
WHERE [VehicleId] = @p11;
DELETE FROM [Vehicles]
OUTPUT 1
WHERE [VehicleId] = @p12;
DELETE FROM [Vehicles]
OUTPUT 1
WHERE [VehicleId] = @p13;
DELETE FROM [Vehicles]
OUTPUT 1
WHERE [VehicleId] = @p14;
DELETE FROM [Vehicles]
OUTPUT 1
WHERE [VehicleId] = @p15;
DELETE FROM [Vehicles]
OUTPUT 1
WHERE [VehicleId] = @p16;
DELETE FROM [Vehicles]
OUTPUT 1
WHERE [VehicleId] = @p17;
DELETE FROM [Vehicles]
OUTPUT 1
WHERE [VehicleId] = @p18;
DELETE FROM [Vehicles]
OUTPUT 1
WHERE [VehicleId] = @p19;
DELETE FROM [Vehicles]
OUTPUT 1
WHERE [VehicleId] = @p20;
DELETE FROM [Vehicles]
OUTPUT 1
WHERE [VehicleId] = @p21;
DELETE FROM [Vehicles]
OUTPUT 1
WHERE [VehicleId] = @p22;
DELETE FROM [Vehicles]
OUTPUT 1
WHERE [VehicleId] = @p23;
DELETE FROM [Vehicles]
OUTPUT 1
WHERE [VehicleId] = @p24;
DELETE FROM [Vehicles]
OUTPUT 1
WHERE [VehicleId] = @p25;
DELETE FROM [Vehicles]
OUTPUT 1
WHERE [VehicleId] = @p26;
DELETE FROM [Vehicles]
OUTPUT 1
WHERE [VehicleId] = @p27;
DELETE FROM [Vehicles]
OUTPUT 1
WHERE [VehicleId] = @p28;
DELETE FROM [Vehicles]
OUTPUT 1
WHERE [VehicleId] = @p29;
DELETE FROM [Vehicles]
OUTPUT 1
WHERE [VehicleId] = @p30;
DELETE FROM [Vehicles]
OUTPUT 1
WHERE [VehicleId] = @p31;
DELETE FROM [Vehicles]
OUTPUT 1
WHERE [VehicleId] = @p32;
DELETE FROM [Vehicles]
OUTPUT 1
WHERE [VehicleId] = @p33;
DELETE FROM [Vehicles]
OUTPUT 1
WHERE [VehicleId] = @p34;
DELETE FROM [Vehicles]
OUTPUT 1
WHERE [VehicleId] = @p35;
DELETE FROM [Vehicles]
OUTPUT 1
WHERE [VehicleId] = @p36;
DELETE FROM [Vehicles]
OUTPUT 1
WHERE [VehicleId] = @p37;
DELETE FROM [Vehicles]
OUTPUT 1
WHERE [VehicleId] = @p38;
DELETE FROM [Vehicles]
OUTPUT 1
WHERE [VehicleId] = @p39;
DELETE FROM [Vehicles]
OUTPUT 1
WHERE [VehicleId] = @p40;
DELETE FROM [Shipments]
OUTPUT 1
WHERE [ShipmentId] = @p41;
[09:21:48 INF] Executed DbCommand (70ms) [Parameters=[@p0='?' (DbType = Guid), @p1='?' (DbType = Guid)], CommandType='Text', CommandTimeout='30']
SET NOCOUNT ON;
DELETE FROM [DeliveryAgents]
OUTPUT 1
WHERE [AgentId] = @p0;
DELETE FROM [Vehicles]
OUTPUT 1
WHERE [VehicleId] = @p1;
[09:21:48 INF] Executed DbCommand (348ms) [Parameters=[@p0='?' (DbType = Guid), @p1='?' (DbType = DateTime2), @p2='?' (DbType = Guid), @p3='?' (Size = 200), @p4='?' (Size = 50), @p5='?' (Size = 20), @p6='?' (Size = 100), @p7='?' (Size = 20), @p8='?' (DbType = Guid), @p9='?' (DbType = Guid), @p10='?' (DbType = DateTime2), @p11='?' (DbType = Guid), @p12='?' (Size = 200), @p13='?' (Size = 50), @p14='?' (Size = 20), @p15='?' (Size = 100), @p16='?' (Size = 20), @p17='?' (DbType = Guid), @p18='?' (DbType = Guid), @p19='?' (DbType = DateTime2), @p20='?' (DbType = Guid), @p21='?' (Size = 200), @p22='?' (Size = 50), @p23='?' (Size = 20), @p24='?' (Size = 100), @p25='?' (Size = 20), @p26='?' (DbType = Guid), @p27='?' (DbType = Guid), @p28='?' (DbType = DateTime2), @p29='?' (DbType = Guid), @p30='?' (Size = 200), @p31='?' (Size = 50), @p32='?' (Size = 20), @p33='?' (Size = 100), @p34='?' (Size = 20), @p35='?' (DbType = Guid), @p36='?' (DbType = Guid), @p37='?' (DbType = DateTime2), @p38='?' (DbType = Guid), @p39='?' (Size = 200), @p40='?' (Size = 50), @p41='?' (Size = 20), @p42='?' (Size = 100), @p43='?' (Size = 20), @p44='?' (DbType = Guid), @p45='?' (DbType = Guid), @p46='?' (DbType = DateTime2), @p47='?' (DbType = Guid), @p48='?' (Size = 200), @p49='?' (Size = 50), @p50='?' (Size = 20), @p51='?' (Size = 100), @p52='?' (Size = 20), @p53='?' (DbType = Guid), @p54='?' (DbType = Guid), @p55='?' (DbType = DateTime2), @p56='?' (DbType = Guid), @p57='?' (Size = 200), @p58='?' (Size = 50), @p59='?' (Size = 20), @p60='?' (Size = 100), @p61='?' (Size = 20), @p62='?' (DbType = Guid), @p63='?' (DbType = Guid), @p64='?' (DbType = DateTime2), @p65='?' (DbType = Guid), @p66='?' (Size = 200), @p67='?' (Size = 50), @p68='?' (Size = 20), @p69='?' (Size = 100), @p70='?' (Size = 20), @p71='?' (DbType = Guid), @p72='?' (DbType = Guid), @p73='?' (DbType = DateTime2), @p74='?' (DbType = Guid), @p75='?' (Size = 200), @p76='?' (Size = 50), @p77='?' (Size = 20), @p78='?' (Size = 100), @p79='?' (Size = 20), @p80='?' (DbType = Guid), @p81='?' (DbType = Guid), @p82='?' (DbType = DateTime2), @p83='?' (DbType = Guid), @p84='?' (Size = 200), @p85='?' (Size = 50), @p86='?' (Size = 20), @p87='?' (Size = 100), @p88='?' (Size = 20), @p89='?' (DbType = Guid), @p90='?' (DbType = Guid), @p91='?' (DbType = DateTime2), @p92='?' (DbType = Guid), @p93='?' (Size = 200), @p94='?' (Size = 50), @p95='?' (Size = 20), @p96='?' (Size = 100), @p97='?' (Size = 20), @p98='?' (DbType = Guid), @p99='?' (DbType = Guid), @p100='?' (DbType = DateTime2), @p101='?' (DbType = Guid), @p102='?' (Size = 200), @p103='?' (Size = 50), @p104='?' (Size = 20), @p105='?' (Size = 100), @p106='?' (Size = 20), @p107='?' (DbType = Guid), @p108='?' (DbType = Guid), @p109='?' (DbType = DateTime2), @p110='?' (DbType = Guid), @p111='?' (Size = 200), @p112='?' (Size = 50), @p113='?' (Size = 20), @p114='?' (Size = 100), @p115='?' (Size = 20), @p116='?' (DbType = Guid), @p117='?' (DbType = Guid), @p118='?' (DbType = DateTime2), @p119='?' (DbType = Guid), @p120='?' (Size = 200), @p121='?' (Size = 50), @p122='?' (Size = 20), @p123='?' (Size = 100), @p124='?' (Size = 20), @p125='?' (DbType = Guid), @p126='?' (DbType = Guid), @p127='?' (DbType = DateTime2), @p128='?' (DbType = Guid), @p129='?' (Size = 200), @p130='?' (Size = 50), @p131='?' (Size = 20), @p132='?' (Size = 100), @p133='?' (Size = 20), @p134='?' (DbType = Guid), @p135='?' (DbType = Guid), @p136='?' (DbType = DateTime2), @p137='?' (DbType = Guid), @p138='?' (Size = 200), @p139='?' (Size = 50), @p140='?' (Size = 20), @p141='?' (Size = 100), @p142='?' (Size = 20), @p143='?' (DbType = Guid), @p144='?' (DbType = Guid), @p145='?' (DbType = DateTime2), @p146='?' (DbType = Guid), @p147='?' (Size = 200), @p148='?' (Size = 50), @p149='?' (Size = 20), @p150='?' (Size = 100), @p151='?' (Size = 20), @p152='?' (DbType = Guid), @p153='?' (DbType = Guid), @p154='?' (DbType = DateTime2), @p155='?' (DbType = Guid), @p156='?' (Size = 200), @p157='?' (Size = 50), @p158='?' (Size = 20), @p159='?' (Size = 100), @p160='?' (Size = 20), @p161='?' (DbType = Guid), @p162='?' (DbType = Guid), @p163='?' (DbType = DateTime2), @p164='?' (DbType = Guid), @p165='?' (Size = 200), @p166='?' (Size = 50), @p167='?' (Size = 20), @p168='?' (Size = 100), @p169='?' (Size = 20), @p170='?' (DbType = Guid), @p171='?' (DbType = Guid), @p172='?' (DbType = DateTime2), @p173='?' (DbType = Guid), @p174='?' (Size = 200), @p175='?' (Size = 50), @p176='?' (Size = 20), @p177='?' (Size = 100), @p178='?' (Size = 20), @p179='?' (DbType = Guid), @p180='?' (DbType = Guid), @p181='?' (DbType = DateTime2), @p182='?' (DbType = Guid), @p183='?' (Size = 200), @p184='?' (Size = 50), @p185='?' (Size = 20), @p186='?' (Size = 100), @p187='?' (Size = 20), @p188='?' (DbType = Guid), @p189='?' (DbType = Guid), @p190='?' (DbType = DateTime2), @p191='?' (DbType = Guid), @p192='?' (Size = 200), @p193='?' (Size = 50), @p194='?' (Size = 20), @p195='?' (Size = 100), @p196='?' (Size = 20), @p197='?' (DbType = Guid), @p198='?' (DbType = Guid), @p199='?' (DbType = DateTime2), @p200='?' (DbType = Guid), @p201='?' (Size = 200), @p202='?' (Size = 50), @p203='?' (Size = 20), @p204='?' (Size = 100), @p205='?' (Size = 20), @p206='?' (DbType = Guid), @p207='?' (DbType = Guid), @p208='?' (DbType = DateTime2), @p209='?' (DbType = Guid), @p210='?' (Size = 200), @p211='?' (Size = 50), @p212='?' (Size = 20), @p213='?' (Size = 100), @p214='?' (Size = 20), @p215='?' (DbType = Guid), @p216='?' (DbType = Guid), @p217='?' (DbType = DateTime2), @p218='?' (DbType = Guid), @p219='?' (Size = 200), @p220='?' (Size = 50), @p221='?' (Size = 20), @p222='?' (Size = 100), @p223='?' (Size = 20), @p224='?' (DbType = Guid), @p225='?' (DbType = Guid), @p226='?' (DbType = DateTime2), @p227='?' (DbType = Guid), @p228='?' (Size = 200), @p229='?' (Size = 50), @p230='?' (Size = 20), @p231='?' (Size = 100), @p232='?' (Size = 20), @p233='?' (DbType = Guid), @p234='?' (DbType = Guid), @p235='?' (DbType = DateTime2), @p236='?' (DbType = Guid), @p237='?' (Size = 200), @p238='?' (Size = 50), @p239='?' (Size = 20), @p240='?' (Size = 100), @p241='?' (Size = 20), @p242='?' (DbType = Guid), @p243='?' (DbType = Guid), @p244='?' (DbType = DateTime2), @p245='?' (DbType = Guid), @p246='?' (Size = 200), @p247='?' (Size = 50), @p248='?' (Size = 20), @p249='?' (Size = 100), @p250='?' (Size = 20), @p251='?' (DbType = Guid), @p252='?' (DbType = Guid), @p253='?' (DbType = DateTime2), @p254='?' (DbType = Guid), @p255='?' (Size = 200), @p256='?' (Size = 50), @p257='?' (Size = 20), @p258='?' (Size = 100), @p259='?' (Size = 20), @p260='?' (DbType = Guid), @p261='?' (DbType = Guid), @p262='?' (DbType = DateTime2), @p263='?' (DbType = Guid), @p264='?' (Size = 200), @p265='?' (Size = 50), @p266='?' (Size = 20), @p267='?' (Size = 100), @p268='?' (Size = 20), @p269='?' (DbType = Guid), @p270='?' (DbType = Guid), @p271='?' (DbType = DateTime2), @p272='?' (DbType = Guid), @p273='?' (Size = 200), @p274='?' (Size = 50), @p275='?' (Size = 20), @p276='?' (Size = 100), @p277='?' (Size = 20), @p278='?' (DbType = Guid), @p279='?' (DbType = Guid), @p280='?' (DbType = DateTime2), @p281='?' (DbType = Guid), @p282='?' (Size = 200), @p283='?' (Size = 50), @p284='?' (Size = 20), @p285='?' (Size = 100), @p286='?' (Size = 20), @p287='?' (DbType = Guid), @p288='?' (DbType = Guid), @p289='?' (DbType = DateTime2), @p290='?' (DbType = Guid), @p291='?' (Size = 200), @p292='?' (Size = 50), @p293='?' (Size = 20), @p294='?' (Size = 100), @p295='?' (Size = 20), @p296='?' (DbType = Guid), @p297='?' (DbType = Guid), @p298='?' (DbType = DateTime2), @p299='?' (DbType = Guid), @p300='?' (Size = 200), @p301='?' (Size = 50), @p302='?' (Size = 20), @p303='?' (Size = 100), @p304='?' (Size = 20), @p305='?' (DbType = Guid), @p306='?' (DbType = Guid), @p307='?' (DbType = DateTime2), @p308='?' (DbType = Guid), @p309='?' (Size = 200), @p310='?' (Size = 50), @p311='?' (Size = 20), @p312='?' (Size = 100), @p313='?' (Size = 20), @p314='?' (DbType = Guid), @p315='?' (DbType = Guid), @p316='?' (DbType = DateTime2), @p317='?' (DbType = Guid), @p318='?' (Size = 200), @p319='?' (Size = 50), @p320='?' (Size = 20), @p321='?' (Size = 100), @p322='?' (Size = 20), @p323='?' (DbType = Guid), @p324='?' (DbType = Guid), @p325='?' (DbType = DateTime2), @p326='?' (DbType = Guid), @p327='?' (Size = 200), @p328='?' (Size = 50), @p329='?' (Size = 20), @p330='?' (Size = 100), @p331='?' (Size = 20), @p332='?' (DbType = Guid), @p333='?' (DbType = Guid), @p334='?' (DbType = DateTime2), @p335='?' (DbType = Guid), @p336='?' (Size = 200), @p337='?' (Size = 50), @p338='?' (Size = 20), @p339='?' (Size = 100), @p340='?' (Size = 20), @p341='?' (DbType = Guid), @p342='?' (DbType = Guid), @p343='?' (DbType = DateTime2), @p344='?' (DbType = Guid), @p345='?' (Size = 200), @p346='?' (Size = 50), @p347='?' (Size = 20), @p348='?' (Size = 100), @p349='?' (Size = 20), @p350='?' (DbType = Guid), @p351='?' (DbType = Guid), @p352='?' (DbType = DateTime2), @p353='?' (DbType = Guid), @p354='?' (Size = 200), @p355='?' (Size = 50), @p356='?' (Size = 20), @p357='?' (Size = 100), @p358='?' (Size = 20), @p359='?' (DbType = Guid), @p360='?' (DbType = Guid), @p361='?' (DbType = DateTime2), @p362='?' (DbType = Guid), @p363='?' (Size = 200), @p364='?' (Size = 50), @p365='?' (Size = 20), @p366='?' (Size = 100), @p367='?' (Size = 20), @p368='?' (DbType = Guid), @p369='?' (DbType = Guid), @p370='?' (DbType = DateTime2), @p371='?' (DbType = Guid), @p372='?' (Size = 200), @p373='?' (Size = 50), @p374='?' (Size = 20), @p375='?' (Size = 100), @p376='?' (Size = 20), @p377='?' (DbType = Guid)], CommandType='Text', CommandTimeout='30']
SET IMPLICIT_TRANSACTIONS OFF;
SET NOCOUNT ON;
MERGE [DeliveryAgents] USING (
VALUES (@p0, @p1, @p2, @p3, @p4, @p5, @p6, @p7, @p8, 0),
(@p9, @p10, @p11, @p12, @p13, @p14, @p15, @p16, @p17, 1),
(@p18, @p19, @p20, @p21, @p22, @p23, @p24, @p25, @p26, 2),
(@p27, @p28, @p29, @p30, @p31, @p32, @p33, @p34, @p35, 3),
(@p36, @p37, @p38, @p39, @p40, @p41, @p42, @p43, @p44, 4),
(@p45, @p46, @p47, @p48, @p49, @p50, @p51, @p52, @p53, 5),
(@p54, @p55, @p56, @p57, @p58, @p59, @p60, @p61, @p62, 6),
(@p63, @p64, @p65, @p66, @p67, @p68, @p69, @p70, @p71, 7),
(@p72, @p73, @p74, @p75, @p76, @p77, @p78, @p79, @p80, 8),
(@p81, @p82, @p83, @p84, @p85, @p86, @p87, @p88, @p89, 9),
(@p90, @p91, @p92, @p93, @p94, @p95, @p96, @p97, @p98, 10),
(@p99, @p100, @p101, @p102, @p103, @p104, @p105, @p106, @p107, 11),
(@p108, @p109, @p110, @p111, @p112, @p113, @p114, @p115, @p116, 12),
(@p117, @p118, @p119, @p120, @p121, @p122, @p123, @p124, @p125, 13),
(@p126, @p127, @p128, @p129, @p130, @p131, @p132, @p133, @p134, 14),
(@p135, @p136, @p137, @p138, @p139, @p140, @p141, @p142, @p143, 15),
(@p144, @p145, @p146, @p147, @p148, @p149, @p150, @p151, @p152, 16),
(@p153, @p154, @p155, @p156, @p157, @p158, @p159, @p160, @p161, 17),
(@p162, @p163, @p164, @p165, @p166, @p167, @p168, @p169, @p170, 18),
(@p171, @p172, @p173, @p174, @p175, @p176, @p177, @p178, @p179, 19),
(@p180, @p181, @p182, @p183, @p184, @p185, @p186, @p187, @p188, 20),
(@p189, @p190, @p191, @p192, @p193, @p194, @p195, @p196, @p197, 21),
(@p198, @p199, @p200, @p201, @p202, @p203, @p204, @p205, @p206, 22),
(@p207, @p208, @p209, @p210, @p211, @p212, @p213, @p214, @p215, 23),
(@p216, @p217, @p218, @p219, @p220, @p221, @p222, @p223, @p224, 24),
(@p225, @p226, @p227, @p228, @p229, @p230, @p231, @p232, @p233, 25),
(@p234, @p235, @p236, @p237, @p238, @p239, @p240, @p241, @p242, 26),
(@p243, @p244, @p245, @p246, @p247, @p248, @p249, @p250, @p251, 27),
(@p252, @p253, @p254, @p255, @p256, @p257, @p258, @p259, @p260, 28),
(@p261, @p262, @p263, @p264, @p265, @p266, @p267, @p268, @p269, 29),
(@p270, @p271, @p272, @p273, @p274, @p275, @p276, @p277, @p278, 30),
(@p279, @p280, @p281, @p282, @p283, @p284, @p285, @p286, @p287, 31),
(@p288, @p289, @p290, @p291, @p292, @p293, @p294, @p295, @p296, 32),
(@p297, @p298, @p299, @p300, @p301, @p302, @p303, @p304, @p305, 33),
(@p306, @p307, @p308, @p309, @p310, @p311, @p312, @p313, @p314, 34),
(@p315, @p316, @p317, @p318, @p319, @p320, @p321, @p322, @p323, 35),
(@p324, @p325, @p326, @p327, @p328, @p329, @p330, @p331, @p332, 36),
(@p333, @p334, @p335, @p336, @p337, @p338, @p339, @p340, @p341, 37),
(@p342, @p343, @p344, @p345, @p346, @p347, @p348, @p349, @p350, 38),
(@p351, @p352, @p353, @p354, @p355, @p356, @p357, @p358, @p359, 39),
(@p360, @p361, @p362, @p363, @p364, @p365, @p366, @p367, @p368, 40),
(@p369, @p370, @p371, @p372, @p373, @p374, @p375, @p376, @p377, 41)) AS i ([AgentId], [CreatedAt], [CurrentOrderId], [FullName], [LicenseNumber], [Phone], [ServiceRegion], [Status], [UserId], _Position) ON 1=0
WHEN NOT MATCHED THEN
INSERT ([AgentId], [CreatedAt], [CurrentOrderId], [FullName], [LicenseNumber], [Phone], [ServiceRegion], [Status], [UserId])
VALUES (i.[AgentId], i.[CreatedAt], i.[CurrentOrderId], i.[FullName], i.[LicenseNumber], i.[Phone], i.[ServiceRegion], i.[Status], i.[UserId])
OUTPUT INSERTED.[AverageRating], INSERTED.[TotalDeliveries], i._Position;
[09:21:48 INF] Executed DbCommand (116ms) [Parameters=[@p0='?' (DbType = Guid), @p1='?' (DbType = DateTime2), @p2='?' (DbType = Guid), @p3='?' (Size = 200), @p4='?' (Size = 50), @p5='?' (Size = 20), @p6='?' (Size = 100), @p7='?' (Size = 20), @p8='?' (DbType = Guid), @p9='?' (DbType = Guid), @p10='?' (DbType = DateTime2), @p11='?' (DbType = Guid), @p12='?' (Size = 200), @p13='?' (Size = 50), @p14='?' (Size = 20), @p15='?' (Size = 100), @p16='?' (Size = 20), @p17='?' (DbType = Guid), @p18='?' (DbType = Guid), @p19='?' (DbType = DateTime2), @p20='?' (DbType = Guid), @p21='?' (Size = 200), @p22='?' (Size = 50), @p23='?' (Size = 20), @p24='?' (Size = 100), @p25='?' (Size = 20), @p26='?' (DbType = Guid), @p27='?' (DbType = Guid), @p28='?' (DbType = DateTime2), @p29='?' (DbType = Guid), @p30='?' (Size = 200), @p31='?' (Size = 50), @p32='?' (Size = 20), @p33='?' (Size = 100), @p34='?' (Size = 20), @p35='?' (DbType = Guid), @p36='?' (DbType = Guid), @p37='?' (DbType = DateTime2), @p38='?' (DbType = Guid), @p39='?' (Size = 200), @p40='?' (Size = 50), @p41='?' (Size = 20), @p42='?' (Size = 100), @p43='?' (Size = 20), @p44='?' (DbType = Guid), @p45='?' (DbType = Guid), @p46='?' (DbType = DateTime2), @p47='?' (DbType = Guid), @p48='?' (Size = 200), @p49='?' (Size = 50), @p50='?' (Size = 20), @p51='?' (Size = 100), @p52='?' (Size = 20), @p53='?' (DbType = Guid), @p54='?' (DbType = Guid), @p55='?' (DbType = DateTime2), @p56='?' (DbType = Guid), @p57='?' (Size = 200), @p58='?' (Size = 50), @p59='?' (Size = 20), @p60='?' (Size = 100), @p61='?' (Size = 20), @p62='?' (DbType = Guid), @p63='?' (DbType = Guid), @p64='?' (DbType = DateTime2), @p65='?' (DbType = Guid), @p66='?' (Size = 200), @p67='?' (Size = 50), @p68='?' (Size = 20), @p69='?' (Size = 100), @p70='?' (Size = 20), @p71='?' (DbType = Guid), @p72='?' (DbType = Guid), @p73='?' (DbType = DateTime2), @p74='?' (DbType = Guid), @p75='?' (Size = 200), @p76='?' (Size = 50), @p77='?' (Size = 20), @p78='?' (Size = 100), @p79='?' (Size = 20), @p80='?' (DbType = Guid), @p81='?' (DbType = Guid), @p82='?' (DbType = DateTime2), @p83='?' (DbType = Guid), @p84='?' (Size = 200), @p85='?' (Size = 50), @p86='?' (Size = 20), @p87='?' (Size = 100), @p88='?' (Size = 20), @p89='?' (DbType = Guid), @p90='?' (DbType = Guid), @p91='?' (DbType = DateTime2), @p92='?' (DbType = Guid), @p93='?' (Size = 200), @p94='?' (Size = 50), @p95='?' (Size = 20), @p96='?' (Size = 100), @p97='?' (Size = 20), @p98='?' (DbType = Guid), @p99='?' (DbType = Guid), @p100='?' (DbType = DateTime2), @p101='?' (DbType = Guid), @p102='?' (Size = 200), @p103='?' (Size = 50), @p104='?' (Size = 20), @p105='?' (Size = 100), @p106='?' (Size = 20), @p107='?' (DbType = Guid), @p108='?' (DbType = Guid), @p109='?' (DbType = DateTime2), @p110='?' (DbType = Guid), @p111='?' (Size = 200), @p112='?' (Size = 50), @p113='?' (Size = 20), @p114='?' (Size = 100), @p115='?' (Size = 20), @p116='?' (DbType = Guid), @p117='?' (DbType = Guid), @p118='?' (DbType = DateTime2), @p119='?' (DbType = Guid), @p120='?' (Size = 200), @p121='?' (Size = 50), @p122='?' (Size = 20), @p123='?' (Size = 100), @p124='?' (Size = 20), @p125='?' (DbType = Guid), @p126='?' (DbType = Guid), @p127='?' (DbType = DateTime2), @p128='?' (DbType = Guid), @p129='?' (Size = 200), @p130='?' (Size = 50), @p131='?' (Size = 20), @p132='?' (Size = 100), @p133='?' (Size = 20), @p134='?' (DbType = Guid), @p135='?' (DbType = Guid), @p136='?' (DbType = DateTime2), @p137='?' (DbType = Guid), @p138='?' (Size = 200), @p139='?' (Size = 50), @p140='?' (Size = 20), @p141='?' (Size = 100), @p142='?' (Size = 20), @p143='?' (DbType = Guid), @p144='?' (DbType = Guid), @p145='?' (DbType = DateTime2), @p146='?' (DbType = Guid), @p147='?' (Size = 200), @p148='?' (Size = 50), @p149='?' (Size = 20), @p150='?' (Size = 100), @p151='?' (Size = 20), @p152='?' (DbType = Guid), @p153='?' (DbType = Guid), @p154='?' (DbType = DateTime2), @p155='?' (DbType = Guid), @p156='?' (Size = 200), @p157='?' (Size = 50), @p158='?' (Size = 20), @p159='?' (Size = 100), @p160='?' (Size = 20), @p161='?' (DbType = Guid), @p162='?' (DbType = Guid), @p163='?' (DbType = DateTime2), @p164='?' (DbType = Guid), @p165='?' (Size = 200), @p166='?' (Size = 50), @p167='?' (Size = 20), @p168='?' (Size = 100), @p169='?' (Size = 20), @p170='?' (DbType = Guid), @p171='?' (DbType = Guid), @p172='?' (DbType = DateTime2), @p173='?' (DbType = Guid), @p174='?' (Size = 200), @p175='?' (Size = 50), @p176='?' (Size = 20), @p177='?' (Size = 100), @p178='?' (Size = 20), @p179='?' (DbType = Guid), @p180='?' (DbType = Guid), @p181='?' (DbType = DateTime2), @p182='?' (DbType = Guid), @p183='?' (Size = 200), @p184='?' (Size = 50), @p185='?' (Size = 20), @p186='?' (Size = 100), @p187='?' (Size = 20), @p188='?' (DbType = Guid), @p189='?' (DbType = Guid), @p190='?' (DbType = Guid), @p191='?' (Precision = 10) (Scale = 2) (DbType = Decimal), @p192='?' (Size = 20), @p193='?' (Size = 20), @p194='?' (Size = 50), @p195='?' (DbType = Guid), @p196='?' (DbType = Guid), @p197='?' (Precision = 10) (Scale = 2) (DbType = Decimal), @p198='?' (Size = 20), @p199='?' (Size = 20), @p200='?' (Size = 50), @p201='?' (DbType = Guid), @p202='?' (DbType = Guid), @p203='?' (Precision = 10) (Scale = 2) (DbType = Decimal), @p204='?' (Size = 20), @p205='?' (Size = 20), @p206='?' (Size = 50), @p207='?' (DbType = Guid), @p208='?' (DbType = Guid), @p209='?' (Precision = 10) (Scale = 2) (DbType = Decimal), @p210='?' (Size = 20), @p211='?' (Size = 20), @p212='?' (Size = 50), @p213='?' (DbType = Guid), @p214='?' (DbType = Guid), @p215='?' (Precision = 10) (Scale = 2) (DbType = Decimal), @p216='?' (Size = 20), @p217='?' (Size = 20), @p218='?' (Size = 50), @p219='?' (DbType = Guid), @p220='?' (DbType = Guid), @p221='?' (Precision = 10) (Scale = 2) (DbType = Decimal), @p222='?' (Size = 20), @p223='?' (Size = 20), @p224='?' (Size = 50), @p225='?' (DbType = Guid), @p226='?' (DbType = Guid), @p227='?' (Precision = 10) (Scale = 2) (DbType = Decimal), @p228='?' (Size = 20), @p229='?' (Size = 20), @p230='?' (Size = 50), @p231='?' (DbType = Guid), @p232='?' (DbType = Guid), @p233='?' (Precision = 10) (Scale = 2) (DbType = Decimal), @p234='?' (Size = 20), @p235='?' (Size = 20), @p236='?' (Size = 50), @p237='?' (DbType = Guid), @p238='?' (DbType = Guid), @p239='?' (Precision = 10) (Scale = 2) (DbType = Decimal), @p240='?' (Size = 20), @p241='?' (Size = 20), @p242='?' (Size = 50), @p243='?' (DbType = Guid), @p244='?' (DbType = Guid), @p245='?' (Precision = 10) (Scale = 2) (DbType = Decimal), @p246='?' (Size = 20), @p247='?' (Size = 20), @p248='?' (Size = 50), @p249='?' (DbType = Guid), @p250='?' (DbType = Guid), @p251='?' (Precision = 10) (Scale = 2) (DbType = Decimal), @p252='?' (Size = 20), @p253='?' (Size = 20), @p254='?' (Size = 50), @p255='?' (DbType = Guid), @p256='?' (DbType = Guid), @p257='?' (Precision = 10) (Scale = 2) (DbType = Decimal), @p258='?' (Size = 20), @p259='?' (Size = 20), @p260='?' (Size = 50), @p261='?' (DbType = Guid), @p262='?' (DbType = Guid), @p263='?' (Precision = 10) (Scale = 2) (DbType = Decimal), @p264='?' (Size = 20), @p265='?' (Size = 20), @p266='?' (Size = 50), @p267='?' (DbType = Guid), @p268='?' (DbType = Guid), @p269='?' (Precision = 10) (Scale = 2) (DbType = Decimal), @p270='?' (Size = 20), @p271='?' (Size = 20), @p272='?' (Size = 50), @p273='?' (DbType = Guid), @p274='?' (DbType = Guid), @p275='?' (Precision = 10) (Scale = 2) (DbType = Decimal), @p276='?' (Size = 20), @p277='?' (Size = 20), @p278='?' (Size = 50), @p279='?' (DbType = Guid), @p280='?' (DbType = Guid), @p281='?' (Precision = 10) (Scale = 2) (DbType = Decimal), @p282='?' (Size = 20), @p283='?' (Size = 20), @p284='?' (Size = 50), @p285='?' (DbType = Guid), @p286='?' (DbType = Guid), @p287='?' (Precision = 10) (Scale = 2) (DbType = Decimal), @p288='?' (Size = 20), @p289='?' (Size = 20), @p290='?' (Size = 50), @p291='?' (DbType = Guid), @p292='?' (DbType = Guid), @p293='?' (Precision = 10) (Scale = 2) (DbType = Decimal), @p294='?' (Size = 20), @p295='?' (Size = 20), @p296='?' (Size = 50), @p297='?' (DbType = Guid), @p298='?' (DbType = Guid), @p299='?' (Precision = 10) (Scale = 2) (DbType = Decimal), @p300='?' (Size = 20), @p301='?' (Size = 20), @p302='?' (Size = 50), @p303='?' (DbType = Guid), @p304='?' (DbType = Guid), @p305='?' (Precision = 10) (Scale = 2) (DbType = Decimal), @p306='?' (Size = 20), @p307='?' (Size = 20), @p308='?' (Size = 50), @p309='?' (DbType = Guid), @p310='?' (DbType = Guid), @p311='?' (Precision = 10) (Scale = 2) (DbType = Decimal), @p312='?' (Size = 20), @p313='?' (Size = 20), @p314='?' (Size = 50)], CommandType='Text', CommandTimeout='30']
SET NOCOUNT ON;
MERGE [DeliveryAgents] USING (
VALUES (@p0, @p1, @p2, @p3, @p4, @p5, @p6, @p7, @p8, 0),
(@p9, @p10, @p11, @p12, @p13, @p14, @p15, @p16, @p17, 1),
(@p18, @p19, @p20, @p21, @p22, @p23, @p24, @p25, @p26, 2),
(@p27, @p28, @p29, @p30, @p31, @p32, @p33, @p34, @p35, 3),
(@p36, @p37, @p38, @p39, @p40, @p41, @p42, @p43, @p44, 4),
(@p45, @p46, @p47, @p48, @p49, @p50, @p51, @p52, @p53, 5),
(@p54, @p55, @p56, @p57, @p58, @p59, @p60, @p61, @p62, 6),
(@p63, @p64, @p65, @p66, @p67, @p68, @p69, @p70, @p71, 7),
(@p72, @p73, @p74, @p75, @p76, @p77, @p78, @p79, @p80, 8),
(@p81, @p82, @p83, @p84, @p85, @p86, @p87, @p88, @p89, 9),
(@p90, @p91, @p92, @p93, @p94, @p95, @p96, @p97, @p98, 10),
(@p99, @p100, @p101, @p102, @p103, @p104, @p105, @p106, @p107, 11),
(@p108, @p109, @p110, @p111, @p112, @p113, @p114, @p115, @p116, 12),
(@p117, @p118, @p119, @p120, @p121, @p122, @p123, @p124, @p125, 13),
(@p126, @p127, @p128, @p129, @p130, @p131, @p132, @p133, @p134, 14),
(@p135, @p136, @p137, @p138, @p139, @p140, @p141, @p142, @p143, 15),
(@p144, @p145, @p146, @p147, @p148, @p149, @p150, @p151, @p152, 16),
(@p153, @p154, @p155, @p156, @p157, @p158, @p159, @p160, @p161, 17),
(@p162, @p163, @p164, @p165, @p166, @p167, @p168, @p169, @p170, 18),
(@p171, @p172, @p173, @p174, @p175, @p176, @p177, @p178, @p179, 19),
(@p180, @p181, @p182, @p183, @p184, @p185, @p186, @p187, @p188, 20)) AS i ([AgentId], [CreatedAt], [CurrentOrderId], [FullName], [LicenseNumber], [Phone], [ServiceRegion], [Status], [UserId], _Position) ON 1=0
WHEN NOT MATCHED THEN
INSERT ([AgentId], [CreatedAt], [CurrentOrderId], [FullName], [LicenseNumber], [Phone], [ServiceRegion], [Status], [UserId])
VALUES (i.[AgentId], i.[CreatedAt], i.[CurrentOrderId], i.[FullName], i.[LicenseNumber], i.[Phone], i.[ServiceRegion], i.[Status], i.[UserId])
OUTPUT INSERTED.[AverageRating], INSERTED.[TotalDeliveries], i._Position;
INSERT INTO [Vehicles] ([VehicleId], [AssignedAgentId], [CapacityKg], [RegistrationNo], [Status], [VehicleType])
VALUES (@p189, @p190, @p191, @p192, @p193, @p194),
(@p195, @p196, @p197, @p198, @p199, @p200),
(@p201, @p202, @p203, @p204, @p205, @p206),
(@p207, @p208, @p209, @p210, @p211, @p212),
(@p213, @p214, @p215, @p216, @p217, @p218),
(@p219, @p220, @p221, @p222, @p223, @p224),
(@p225, @p226, @p227, @p228, @p229, @p230),
(@p231, @p232, @p233, @p234, @p235, @p236),
(@p237, @p238, @p239, @p240, @p241, @p242),
(@p243, @p244, @p245, @p246, @p247, @p248),
(@p249, @p250, @p251, @p252, @p253, @p254),
(@p255, @p256, @p257, @p258, @p259, @p260),
(@p261, @p262, @p263, @p264, @p265, @p266),
(@p267, @p268, @p269, @p270, @p271, @p272),
(@p273, @p274, @p275, @p276, @p277, @p278),
(@p279, @p280, @p281, @p282, @p283, @p284),
(@p285, @p286, @p287, @p288, @p289, @p290),
(@p291, @p292, @p293, @p294, @p295, @p296),
(@p297, @p298, @p299, @p300, @p301, @p302),
(@p303, @p304, @p305, @p306, @p307, @p308),
(@p309, @p310, @p311, @p312, @p313, @p314);
[09:21:48 INF] Executed DbCommand (96ms) [Parameters=[@p0='?' (DbType = Guid), @p1='?' (DbType = Guid), @p2='?' (Precision = 10) (Scale = 2) (DbType = Decimal), @p3='?' (Size = 20), @p4='?' (Size = 20), @p5='?' (Size = 50), @p6='?' (DbType = Guid), @p7='?' (DbType = Guid), @p8='?' (Precision = 10) (Scale = 2) (DbType = Decimal), @p9='?' (Size = 20), @p10='?' (Size = 20), @p11='?' (Size = 50), @p12='?' (DbType = Guid), @p13='?' (DbType = Guid), @p14='?' (Precision = 10) (Scale = 2) (DbType = Decimal), @p15='?' (Size = 20), @p16='?' (Size = 20), @p17='?' (Size = 50), @p18='?' (DbType = Guid), @p19='?' (DbType = Guid), @p20='?' (Precision = 10) (Scale = 2) (DbType = Decimal), @p21='?' (Size = 20), @p22='?' (Size = 20), @p23='?' (Size = 50), @p24='?' (DbType = Guid), @p25='?' (DbType = Guid), @p26='?' (Precision = 10) (Scale = 2) (DbType = Decimal), @p27='?' (Size = 20), @p28='?' (Size = 20), @p29='?' (Size = 50), @p30='?' (DbType = Guid), @p31='?' (DbType = Guid), @p32='?' (Precision = 10) (Scale = 2) (DbType = Decimal), @p33='?' (Size = 20), @p34='?' (Size = 20), @p35='?' (Size = 50), @p36='?' (DbType = Guid), @p37='?' (DbType = Guid), @p38='?' (Precision = 10) (Scale = 2) (DbType = Decimal), @p39='?' (Size = 20), @p40='?' (Size = 20), @p41='?' (Size = 50), @p42='?' (DbType = Guid), @p43='?' (DbType = Guid), @p44='?' (Precision = 10) (Scale = 2) (DbType = Decimal), @p45='?' (Size = 20), @p46='?' (Size = 20), @p47='?' (Size = 50), @p48='?' (DbType = Guid), @p49='?' (DbType = Guid), @p50='?' (Precision = 10) (Scale = 2) (DbType = Decimal), @p51='?' (Size = 20), @p52='?' (Size = 20), @p53='?' (Size = 50), @p54='?' (DbType = Guid), @p55='?' (DbType = Guid), @p56='?' (Precision = 10) (Scale = 2) (DbType = Decimal), @p57='?' (Size = 20), @p58='?' (Size = 20), @p59='?' (Size = 50), @p60='?' (DbType = Guid), @p61='?' (DbType = Guid), @p62='?' (Precision = 10) (Scale = 2) (DbType = Decimal), @p63='?' (Size = 20), @p64='?' (Size = 20), @p65='?' (Size = 50), @p66='?' (DbType = Guid), @p67='?' (DbType = Guid), @p68='?' (Precision = 10) (Scale = 2) (DbType = Decimal), @p69='?' (Size = 20), @p70='?' (Size = 20), @p71='?' (Size = 50), @p72='?' (DbType = Guid), @p73='?' (DbType = Guid), @p74='?' (Precision = 10) (Scale = 2) (DbType = Decimal), @p75='?' (Size = 20), @p76='?' (Size = 20), @p77='?' (Size = 50), @p78='?' (DbType = Guid), @p79='?' (DbType = Guid), @p80='?' (Precision = 10) (Scale = 2) (DbType = Decimal), @p81='?' (Size = 20), @p82='?' (Size = 20), @p83='?' (Size = 50), @p84='?' (DbType = Guid), @p85='?' (DbType = Guid), @p86='?' (Precision = 10) (Scale = 2) (DbType = Decimal), @p87='?' (Size = 20), @p88='?' (Size = 20), @p89='?' (Size = 50), @p90='?' (DbType = Guid), @p91='?' (DbType = Guid), @p92='?' (Precision = 10) (Scale = 2) (DbType = Decimal), @p93='?' (Size = 20), @p94='?' (Size = 20), @p95='?' (Size = 50), @p96='?' (DbType = Guid), @p97='?' (DbType = Guid), @p98='?' (Precision = 10) (Scale = 2) (DbType = Decimal), @p99='?' (Size = 20), @p100='?' (Size = 20), @p101='?' (Size = 50), @p102='?' (DbType = Guid), @p103='?' (DbType = Guid), @p104='?' (Precision = 10) (Scale = 2) (DbType = Decimal), @p105='?' (Size = 20), @p106='?' (Size = 20), @p107='?' (Size = 50), @p108='?' (DbType = Guid), @p109='?' (DbType = Guid), @p110='?' (Precision = 10) (Scale = 2) (DbType = Decimal), @p111='?' (Size = 20), @p112='?' (Size = 20), @p113='?' (Size = 50), @p114='?' (DbType = Guid), @p115='?' (DbType = Guid), @p116='?' (Precision = 10) (Scale = 2) (DbType = Decimal), @p117='?' (Size = 20), @p118='?' (Size = 20), @p119='?' (Size = 50), @p120='?' (DbType = Guid), @p121='?' (DbType = Guid), @p122='?' (Precision = 10) (Scale = 2) (DbType = Decimal), @p123='?' (Size = 20), @p124='?' (Size = 20), @p125='?' (Size = 50), @p126='?' (DbType = Guid), @p127='?' (DbType = Guid), @p128='?' (Precision = 10) (Scale = 2) (DbType = Decimal), @p129='?' (Size = 20), @p130='?' (Size = 20), @p131='?' (Size = 50), @p132='?' (DbType = Guid), @p133='?' (DbType = Guid), @p134='?' (Precision = 10) (Scale = 2) (DbType = Decimal), @p135='?' (Size = 20), @p136='?' (Size = 20), @p137='?' (Size = 50), @p138='?' (DbType = Guid), @p139='?' (DbType = Guid), @p140='?' (Precision = 10) (Scale = 2) (DbType = Decimal), @p141='?' (Size = 20), @p142='?' (Size = 20), @p143='?' (Size = 50), @p144='?' (DbType = Guid), @p145='?' (DbType = Guid), @p146='?' (Precision = 10) (Scale = 2) (DbType = Decimal), @p147='?' (Size = 20), @p148='?' (Size = 20), @p149='?' (Size = 50), @p150='?' (DbType = Guid), @p151='?' (DbType = Guid), @p152='?' (Precision = 10) (Scale = 2) (DbType = Decimal), @p153='?' (Size = 20), @p154='?' (Size = 20), @p155='?' (Size = 50), @p156='?' (DbType = Guid), @p157='?' (DbType = Guid), @p158='?' (Precision = 10) (Scale = 2) (DbType = Decimal), @p159='?' (Size = 20), @p160='?' (Size = 20), @p161='?' (Size = 50), @p162='?' (DbType = Guid), @p163='?' (DbType = Guid), @p164='?' (Precision = 10) (Scale = 2) (DbType = Decimal), @p165='?' (Size = 20), @p166='?' (Size = 20), @p167='?' (Size = 50), @p168='?' (DbType = Guid), @p169='?' (DbType = Guid), @p170='?' (Precision = 10) (Scale = 2) (DbType = Decimal), @p171='?' (Size = 20), @p172='?' (Size = 20), @p173='?' (Size = 50), @p174='?' (DbType = Guid), @p175='?' (DbType = Guid), @p176='?' (Precision = 10) (Scale = 2) (DbType = Decimal), @p177='?' (Size = 20), @p178='?' (Size = 20), @p179='?' (Size = 50), @p180='?' (DbType = Guid), @p181='?' (DbType = Guid), @p182='?' (Precision = 10) (Scale = 2) (DbType = Decimal), @p183='?' (Size = 20), @p184='?' (Size = 20), @p185='?' (Size = 50), @p186='?' (DbType = Guid), @p187='?' (DbType = Guid), @p188='?' (Precision = 10) (Scale = 2) (DbType = Decimal), @p189='?' (Size = 20), @p190='?' (Size = 20), @p191='?' (Size = 50), @p192='?' (DbType = Guid), @p193='?' (DbType = Guid), @p194='?' (Precision = 10) (Scale = 2) (DbType = Decimal), @p195='?' (Size = 20), @p196='?' (Size = 20), @p197='?' (Size = 50), @p198='?' (DbType = Guid), @p199='?' (DbType = Guid), @p200='?' (Precision = 10) (Scale = 2) (DbType = Decimal), @p201='?' (Size = 20), @p202='?' (Size = 20), @p203='?' (Size = 50), @p204='?' (DbType = Guid), @p205='?' (DbType = Guid), @p206='?' (Precision = 10) (Scale = 2) (DbType = Decimal), @p207='?' (Size = 20), @p208='?' (Size = 20), @p209='?' (Size = 50), @p210='?' (DbType = Guid), @p211='?' (DbType = Guid), @p212='?' (Precision = 10) (Scale = 2) (DbType = Decimal), @p213='?' (Size = 20), @p214='?' (Size = 20), @p215='?' (Size = 50), @p216='?' (DbType = Guid), @p217='?' (DbType = Guid), @p218='?' (Precision = 10) (Scale = 2) (DbType = Decimal), @p219='?' (Size = 20), @p220='?' (Size = 20), @p221='?' (Size = 50), @p222='?' (DbType = Guid), @p223='?' (DbType = Guid), @p224='?' (Precision = 10) (Scale = 2) (DbType = Decimal), @p225='?' (Size = 20), @p226='?' (Size = 20), @p227='?' (Size = 50), @p228='?' (DbType = Guid), @p229='?' (DbType = Guid), @p230='?' (Precision = 10) (Scale = 2) (DbType = Decimal), @p231='?' (Size = 20), @p232='?' (Size = 20), @p233='?' (Size = 50), @p234='?' (DbType = Guid), @p235='?' (DbType = Guid), @p236='?' (Precision = 10) (Scale = 2) (DbType = Decimal), @p237='?' (Size = 20), @p238='?' (Size = 20), @p239='?' (Size = 50), @p240='?' (DbType = Guid), @p241='?' (DbType = Guid), @p242='?' (Precision = 10) (Scale = 2) (DbType = Decimal), @p243='?' (Size = 20), @p244='?' (Size = 20), @p245='?' (Size = 50), @p246='?' (DbType = Guid), @p247='?' (DbType = Guid), @p248='?' (Precision = 10) (Scale = 2) (DbType = Decimal), @p249='?' (Size = 20), @p250='?' (Size = 20), @p251='?' (Size = 50)], CommandType='Text', CommandTimeout='30']
SET IMPLICIT_TRANSACTIONS OFF;
SET NOCOUNT ON;
INSERT INTO [Vehicles] ([VehicleId], [AssignedAgentId], [CapacityKg], [RegistrationNo], [Status], [VehicleType])
VALUES (@p0, @p1, @p2, @p3, @p4, @p5),
(@p6, @p7, @p8, @p9, @p10, @p11),
(@p12, @p13, @p14, @p15, @p16, @p17),
(@p18, @p19, @p20, @p21, @p22, @p23),
(@p24, @p25, @p26, @p27, @p28, @p29),
(@p30, @p31, @p32, @p33, @p34, @p35),
(@p36, @p37, @p38, @p39, @p40, @p41),
(@p42, @p43, @p44, @p45, @p46, @p47),
(@p48, @p49, @p50, @p51, @p52, @p53),
(@p54, @p55, @p56, @p57, @p58, @p59),
(@p60, @p61, @p62, @p63, @p64, @p65),
(@p66, @p67, @p68, @p69, @p70, @p71),
(@p72, @p73, @p74, @p75, @p76, @p77),
(@p78, @p79, @p80, @p81, @p82, @p83),
(@p84, @p85, @p86, @p87, @p88, @p89),
(@p90, @p91, @p92, @p93, @p94, @p95),
(@p96, @p97, @p98, @p99, @p100, @p101),
(@p102, @p103, @p104, @p105, @p106, @p107),
(@p108, @p109, @p110, @p111, @p112, @p113),
(@p114, @p115, @p116, @p117, @p118, @p119),
(@p120, @p121, @p122, @p123, @p124, @p125),
(@p126, @p127, @p128, @p129, @p130, @p131),
(@p132, @p133, @p134, @p135, @p136, @p137),
(@p138, @p139, @p140, @p141, @p142, @p143),
(@p144, @p145, @p146, @p147, @p148, @p149),
(@p150, @p151, @p152, @p153, @p154, @p155),
(@p156, @p157, @p158, @p159, @p160, @p161),
(@p162, @p163, @p164, @p165, @p166, @p167),
(@p168, @p169, @p170, @p171, @p172, @p173),
(@p174, @p175, @p176, @p177, @p178, @p179),
(@p180, @p181, @p182, @p183, @p184, @p185),
(@p186, @p187, @p188, @p189, @p190, @p191),
(@p192, @p193, @p194, @p195, @p196, @p197),
(@p198, @p199, @p200, @p201, @p202, @p203),
(@p204, @p205, @p206, @p207, @p208, @p209),
(@p210, @p211, @p212, @p213, @p214, @p215),
(@p216, @p217, @p218, @p219, @p220, @p221),
(@p222, @p223, @p224, @p225, @p226, @p227),
(@p228, @p229, @p230, @p231, @p232, @p233),
(@p234, @p235, @p236, @p237, @p238, @p239),
(@p240, @p241, @p242, @p243, @p244, @p245),
(@p246, @p247, @p248, @p249, @p250, @p251);
[09:21:48 INF] Start installing Hangfire SQL objects...
[09:21:51 INF] Hangfire SQL objects installed.
[09:21:52 INF] User profile is available. Using 'C:\Users\Srikaran\AppData\Local\ASP.NET\DataProtection-Keys' as key repository and Windows DPAPI to encrypt keys at rest.
[09:21:52 INF] Now listening on: http://localhost:5008
[09:21:52 INF] Starting Hangfire Server using job storage: 'SQL Server: .\SQLEXPRESS@LogisticsDB'
[09:21:52 INF] Using the following options for SQL Server job storage: Queue poll interval: 00:00:00.
[09:21:52 INF] Using the following options for Hangfire Server:
    Worker count: 20
    Listening queues: 'default'
    Shutdown timeout: 00:00:15
    Schedule polling interval: 00:00:15
[09:21:52 INF] Application started. Press Ctrl+C to shut down.
[09:21:52 INF] Hosting environment: Development
[09:21:52 INF] Content root path: D:\Early Sprint\EnterpriseB2BSupplyChain Backend\EnterpriseB2BSupplyChain\src\Services\Logistics\SupplyChain.Logistics.API
[09:21:52 INF] Server asus-vivobook-1:15916:4a16709f successfully announced in 43.9882 ms
[09:21:52 INF] Server asus-vivobook-1:15916:4a16709f is starting the registered dispatchers: ServerWatchdog, ServerJobCancellationWatcher, SqlServerHeartbeatProcess, ExpirationManager, CountersAggregator, Worker, DelayedJobScheduler, RecurringJobScheduler...
[09:21:52 INF] 1 servers were removed due to timeout
[09:21:52 INF] Server asus-vivobook-1:15916:4a16709f all the dispatchers started
[09:21:53 INF] Executed DbCommand (19ms) [Parameters=[], CommandType='Text', CommandTimeout='30']
SELECT [s].[ShipmentId], [s].[AgentId], [s].[CreatedAt], [s].[CustomerFeedback], [s].[CustomerRating], [s].[DeliveredAt], [s].[OrderId], [s].[PickedUpAt], [s].[SlaAtRiskNotified], [s].[SlaDeadlineUtc], [s].[Status], [s].[VehicleId]
FROM [Shipments] AS [s]
WHERE [s].[Status] NOT IN (N'Delivered', N'Failed') AND [s].[SlaAtRiskNotified] = CAST(0 AS bit)
[09:24:22 INF] Request starting HTTP/1.1 GET http://localhost:5008/api/logistics/agents/available - null null
[09:24:23 INF] Executing endpoint 'SupplyChain.Logistics.API.Controllers.LogisticsController.GetAvailableAgents (SupplyChain.Logistics.API)'
[09:24:23 INF] Route matched with {action = "GetAvailableAgents", controller = "Logistics"}. Executing controller action with signature System.Threading.Tasks.Task`1[Microsoft.AspNetCore.Mvc.IActionResult] GetAvailableAgents(System.String, System.Threading.CancellationToken) on controller SupplyChain.Logistics.API.Controllers.LogisticsController (SupplyChain.Logistics.API).
[09:24:23 WRN] You do not have a valid license key for the Lucky Penny software MediatR. This is allowed for development and testing scenarios. If you are running in production you are required to have a licensed version. Please visit https://luckypennysoftware.com to obtain a valid license.
[09:24:23 INF] Handling GetAvailableAgentsQuery
[09:24:24 INF] Executed DbCommand (76ms) [Parameters=[@status='?' (Size = 20)], CommandType='Text', CommandTimeout='30']
SELECT [d].[AgentId], [d].[AverageRating], [d].[CreatedAt], [d].[CurrentOrderId], [d].[FullName], [d].[LicenseNumber], [d].[Phone], [d].[ServiceRegion], [d].[Status], [d].[TotalDeliveries], [d].[UserId]
FROM [DeliveryAgents] AS [d]
WHERE [d].[Status] = @status
[09:24:24 INF] Handled GetAvailableAgentsQuery in 831ms
[09:24:24 INF] Executing OkObjectResult, writing value of type 'System.Collections.Generic.List`1[[SupplyChain.Logistics.Application.DTOs.AgentDto, SupplyChain.Logistics.Application, Version=1.0.0.0, Culture=neutral, PublicKeyToken=null]]'.
[09:24:24 INF] Executed action SupplyChain.Logistics.API.Controllers.LogisticsController.GetAvailableAgents (SupplyChain.Logistics.API) in 1204.5207ms
[09:24:24 INF] Executed endpoint 'SupplyChain.Logistics.API.Controllers.LogisticsController.GetAvailableAgents (SupplyChain.Logistics.API)'
[09:24:24 INF] HTTP GET /api/logistics/agents/available responded 200 in 2051.5989 ms
[09:24:24 INF] Request finished HTTP/1.1 GET http://localhost:5008/api/logistics/agents/available - 200 null application/json; charset=utf-8 2187.7913ms
[09:25:09 INF] Executed DbCommand (31ms) [Parameters=[], CommandType='Text', CommandTimeout='30']
SELECT [s].[ShipmentId], [s].[AgentId], [s].[CreatedAt], [s].[CustomerFeedback], [s].[CustomerRating], [s].[DeliveredAt], [s].[OrderId], [s].[PickedUpAt], [s].[SlaAtRiskNotified], [s].[SlaDeadlineUtc], [s].[Status], [s].[VehicleId]
FROM [Shipments] AS [s]
WHERE [s].[Status] NOT IN (N'Delivered', N'Failed') AND [s].[SlaAtRiskNotified] = CAST(0 AS bit)
[09:30:12 INF] Executed DbCommand (52ms) [Parameters=[], CommandType='Text', CommandTimeout='30']
SELECT [s].[ShipmentId], [s].[AgentId], [s].[CreatedAt], [s].[CustomerFeedback], [s].[CustomerRating], [s].[DeliveredAt], [s].[OrderId], [s].[PickedUpAt], [s].[SlaAtRiskNotified], [s].[SlaDeadlineUtc], [s].[Status], [s].[VehicleId]
FROM [Shipments] AS [s]
WHERE [s].[Status] NOT IN (N'Delivered', N'Failed') AND [s].[SlaAtRiskNotified] = CAST(0 AS bit)
[09:35:14 INF] Executed DbCommand (7ms) [Parameters=[], CommandType='Text', CommandTimeout='30']
SELECT [s].[ShipmentId], [s].[AgentId], [s].[CreatedAt], [s].[CustomerFeedback], [s].[CustomerRating], [s].[DeliveredAt], [s].[OrderId], [s].[PickedUpAt], [s].[SlaAtRiskNotified], [s].[SlaDeadlineUtc], [s].[Status], [s].[VehicleId]
FROM [Shipments] AS [s]
WHERE [s].[Status] NOT IN (N'Delivered', N'Failed') AND [s].[SlaAtRiskNotified] = CAST(0 AS bit)
[09:40:14 INF] Executed DbCommand (21ms) [Parameters=[], CommandType='Text', CommandTimeout='30']
SELECT [s].[ShipmentId], [s].[AgentId], [s].[CreatedAt], [s].[CustomerFeedback], [s].[CustomerRating], [s].[DeliveredAt], [s].[OrderId], [s].[PickedUpAt], [s].[SlaAtRiskNotified], [s].[SlaDeadlineUtc], [s].[Status], [s].[VehicleId]
FROM [Shipments] AS [s]
WHERE [s].[Status] NOT IN (N'Delivered', N'Failed') AND [s].[SlaAtRiskNotified] = CAST(0 AS bit)
[09:45:02 INF] Executed DbCommand (77ms) [Parameters=[], CommandType='Text', CommandTimeout='30']
SELECT [s].[ShipmentId], [s].[AgentId], [s].[CreatedAt], [s].[CustomerFeedback], [s].[CustomerRating], [s].[DeliveredAt], [s].[OrderId], [s].[PickedUpAt], [s].[SlaAtRiskNotified], [s].[SlaDeadlineUtc], [s].[Status], [s].[VehicleId]
FROM [Shipments] AS [s]
WHERE [s].[Status] NOT IN (N'Delivered', N'Failed') AND [s].[SlaAtRiskNotified] = CAST(0 AS bit)
[09:47:29 INF] Request starting HTTP/1.1 GET http://localhost:5008/api/logistics/tracking/ecd3155d-050c-43ed-99fc-ba715b715ffb - null null
[09:47:31 INF] Executing endpoint 'SupplyChain.Logistics.API.Controllers.LogisticsController.GetTracking (SupplyChain.Logistics.API)'
[09:47:31 INF] Route matched with {action = "GetTracking", controller = "Logistics"}. Executing controller action with signature System.Threading.Tasks.Task`1[Microsoft.AspNetCore.Mvc.IActionResult] GetTracking(System.Guid, System.Threading.CancellationToken) on controller SupplyChain.Logistics.API.Controllers.LogisticsController (SupplyChain.Logistics.API).
[09:47:32 INF] Handling GetTrackingQuery
[09:47:37 INF] Executed DbCommand (451ms) [Parameters=[@orderId='?' (DbType = Guid)], CommandType='Text', CommandTimeout='30']
SELECT [s0].[ShipmentId], [s0].[AgentId], [s0].[CreatedAt], [s0].[CustomerFeedback], [s0].[CustomerRating], [s0].[DeliveredAt], [s0].[OrderId], [s0].[PickedUpAt], [s0].[SlaAtRiskNotified], [s0].[SlaDeadlineUtc], [s0].[Status], [s0].[VehicleId], [s0].[AgentId0], [s0].[AverageRating], [s0].[CreatedAt0], [s0].[CurrentOrderId], [s0].[FullName], [s0].[LicenseNumber], [s0].[Phone], [s0].[ServiceRegion], [s0].[Status0], [s0].[TotalDeliveries], [s0].[UserId], [s0].[VehicleId0], [s0].[AssignedAgentId], [s0].[CapacityKg], [s0].[RegistrationNo], [s0].[Status1], [s0].[VehicleType], [t].[EventId], [t].[Latitude], [t].[Longitude], [t].[Notes], [t].[Place], [t].[RecordedAt], [t].[RecordedByAgentId], [t].[ShipmentId], [t].[Status]
FROM (
    SELECT TOP(1) [s].[ShipmentId], [s].[AgentId], [s].[CreatedAt], [s].[CustomerFeedback], [s].[CustomerRating], [s].[DeliveredAt], [s].[OrderId], [s].[PickedUpAt], [s].[SlaAtRiskNotified], [s].[SlaDeadlineUtc], [s].[Status], [s].[VehicleId], [d].[AgentId] AS [AgentId0], [d].[AverageRating], [d].[CreatedAt] AS [CreatedAt0], [d].[CurrentOrderId], [d].[FullName], [d].[LicenseNumber], [d].[Phone], [d].[ServiceRegion], [d].[Status] AS [Status0], [d].[TotalDeliveries], [d].[UserId], [v].[VehicleId] AS [VehicleId0], [v].[AssignedAgentId], [v].[CapacityKg], [v].[RegistrationNo], [v].[Status] AS [Status1], [v].[VehicleType]
    FROM [Shipments] AS [s]
    LEFT JOIN [DeliveryAgents] AS [d] ON [s].[AgentId] = [d].[AgentId]
    LEFT JOIN [Vehicles] AS [v] ON [s].[VehicleId] = [v].[VehicleId]
    WHERE [s].[OrderId] = @orderId
) AS [s0]
LEFT JOIN [TrackingEvents] AS [t] ON [s0].[ShipmentId] = [t].[ShipmentId]
ORDER BY [s0].[ShipmentId], [s0].[AgentId0], [s0].[VehicleId0]
[09:47:37 INF] Handled GetTrackingQuery in 4772ms
[09:47:37 INF] Executing StatusCodeResult, setting HTTP status code 204
[09:47:37 INF] Executed action SupplyChain.Logistics.API.Controllers.LogisticsController.GetTracking (SupplyChain.Logistics.API) in 5288.6561ms
[09:47:37 INF] Executed endpoint 'SupplyChain.Logistics.API.Controllers.LogisticsController.GetTracking (SupplyChain.Logistics.API)'
[09:47:37 INF] HTTP GET /api/logistics/tracking/ecd3155d-050c-43ed-99fc-ba715b715ffb responded 204 in 6412.0515 ms
[09:47:37 INF] Request finished HTTP/1.1 GET http://localhost:5008/api/logistics/tracking/ecd3155d-050c-43ed-99fc-ba715b715ffb - 204 null null 7871.5074ms
[09:50:02 INF] Executed DbCommand (20ms) [Parameters=[], CommandType='Text', CommandTimeout='30']
SELECT [s].[ShipmentId], [s].[AgentId], [s].[CreatedAt], [s].[CustomerFeedback], [s].[CustomerRating], [s].[DeliveredAt], [s].[OrderId], [s].[PickedUpAt], [s].[SlaAtRiskNotified], [s].[SlaDeadlineUtc], [s].[Status], [s].[VehicleId]
FROM [Shipments] AS [s]
WHERE [s].[Status] NOT IN (N'Delivered', N'Failed') AND [s].[SlaAtRiskNotified] = CAST(0 AS bit)
[09:55:04 INF] Executed DbCommand (16ms) [Parameters=[], CommandType='Text', CommandTimeout='30']
SELECT [s].[ShipmentId], [s].[AgentId], [s].[CreatedAt], [s].[CustomerFeedback], [s].[CustomerRating], [s].[DeliveredAt], [s].[OrderId], [s].[PickedUpAt], [s].[SlaAtRiskNotified], [s].[SlaDeadlineUtc], [s].[Status], [s].[VehicleId]
FROM [Shipments] AS [s]
WHERE [s].[Status] NOT IN (N'Delivered', N'Failed') AND [s].[SlaAtRiskNotified] = CAST(0 AS bit)
[10:00:14 INF] Executed DbCommand (368ms) [Parameters=[], CommandType='Text', CommandTimeout='30']
SELECT [s].[ShipmentId], [s].[AgentId], [s].[CreatedAt], [s].[CustomerFeedback], [s].[CustomerRating], [s].[DeliveredAt], [s].[OrderId], [s].[PickedUpAt], [s].[SlaAtRiskNotified], [s].[SlaDeadlineUtc], [s].[Status], [s].[VehicleId]
FROM [Shipments] AS [s]
WHERE [s].[Status] NOT IN (N'Delivered', N'Failed') AND [s].[SlaAtRiskNotified] = CAST(0 AS bit)
[10:01:07 INF] Request starting HTTP/1.1 GET http://localhost:5008/api/logistics/agents/available - null null
[10:01:07 INF] Executing endpoint 'SupplyChain.Logistics.API.Controllers.LogisticsController.GetAvailableAgents (SupplyChain.Logistics.API)'
[10:01:07 INF] Route matched with {action = "GetAvailableAgents", controller = "Logistics"}. Executing controller action with signature System.Threading.Tasks.Task`1[Microsoft.AspNetCore.Mvc.IActionResult] GetAvailableAgents(System.String, System.Threading.CancellationToken) on controller SupplyChain.Logistics.API.Controllers.LogisticsController (SupplyChain.Logistics.API).
[10:01:07 INF] Handling GetAvailableAgentsQuery
[10:01:07 INF] Executed DbCommand (28ms) [Parameters=[@status='?' (Size = 20)], CommandType='Text', CommandTimeout='30']
SELECT [d].[AgentId], [d].[AverageRating], [d].[CreatedAt], [d].[CurrentOrderId], [d].[FullName], [d].[LicenseNumber], [d].[Phone], [d].[ServiceRegion], [d].[Status], [d].[TotalDeliveries], [d].[UserId]
FROM [DeliveryAgents] AS [d]
WHERE [d].[Status] = @status
[10:01:08 INF] Handled GetAvailableAgentsQuery in 251ms
[10:01:08 INF] Executing OkObjectResult, writing value of type 'System.Collections.Generic.List`1[[SupplyChain.Logistics.Application.DTOs.AgentDto, SupplyChain.Logistics.Application, Version=1.0.0.0, Culture=neutral, PublicKeyToken=null]]'.
[10:01:08 INF] Executed action SupplyChain.Logistics.API.Controllers.LogisticsController.GetAvailableAgents (SupplyChain.Logistics.API) in 699.441ms
[10:01:08 INF] Executed endpoint 'SupplyChain.Logistics.API.Controllers.LogisticsController.GetAvailableAgents (SupplyChain.Logistics.API)'
[10:01:08 INF] HTTP GET /api/logistics/agents/available responded 200 in 945.8592 ms
[10:01:08 INF] Request finished HTTP/1.1 GET http://localhost:5008/api/logistics/agents/available - 200 null application/json; charset=utf-8 1016.4019ms
[10:03:43 INF] Request starting HTTP/1.1 GET http://localhost:5008/api/logistics/agents - null null
[10:03:45 INF] Executing endpoint 'SupplyChain.Logistics.API.Controllers.LogisticsController.GetAllAgents (SupplyChain.Logistics.API)'
[10:03:49 INF] Route matched with {action = "GetAllAgents", controller = "Logistics"}. Executing controller action with signature System.Threading.Tasks.Task`1[Microsoft.AspNetCore.Mvc.IActionResult] GetAllAgents(System.Threading.CancellationToken) on controller SupplyChain.Logistics.API.Controllers.LogisticsController (SupplyChain.Logistics.API).
[10:03:49 INF] Handling GetAllAgentsQuery
[10:03:50 INF] Executed DbCommand (331ms) [Parameters=[], CommandType='Text', CommandTimeout='30']
SELECT [d].[AgentId], [d].[AverageRating], [d].[CreatedAt], [d].[CurrentOrderId], [d].[FullName], [d].[LicenseNumber], [d].[Phone], [d].[ServiceRegion], [d].[Status], [d].[TotalDeliveries], [d].[UserId]
FROM [DeliveryAgents] AS [d]
ORDER BY [d].[ServiceRegion], [d].[FullName]
[10:03:50 INF] Handled GetAllAgentsQuery in 920ms
[10:03:50 INF] Executing OkObjectResult, writing value of type 'System.Collections.Generic.List`1[[SupplyChain.Logistics.Application.DTOs.AgentDto, SupplyChain.Logistics.Application, Version=1.0.0.0, Culture=neutral, PublicKeyToken=null]]'.
[10:03:50 INF] Executed action SupplyChain.Logistics.API.Controllers.LogisticsController.GetAllAgents (SupplyChain.Logistics.API) in 1076.9371ms
[10:03:50 INF] Executed endpoint 'SupplyChain.Logistics.API.Controllers.LogisticsController.GetAllAgents (SupplyChain.Logistics.API)'
[10:03:50 INF] HTTP GET /api/logistics/agents responded 200 in 6406.2569 ms
[10:03:50 INF] Request finished HTTP/1.1 GET http://localhost:5008/api/logistics/agents - 200 null application/json; charset=utf-8 6613.3558ms
[10:05:32 INF] Executed DbCommand (126ms) [Parameters=[], CommandType='Text', CommandTimeout='30']
SELECT [s].[ShipmentId], [s].[AgentId], [s].[CreatedAt], [s].[CustomerFeedback], [s].[CustomerRating], [s].[DeliveredAt], [s].[OrderId], [s].[PickedUpAt], [s].[SlaAtRiskNotified], [s].[SlaDeadlineUtc], [s].[Status], [s].[VehicleId]
FROM [Shipments] AS [s]
WHERE [s].[Status] NOT IN (N'Delivered', N'Failed') AND [s].[SlaAtRiskNotified] = CAST(0 AS bit)
[10:06:26 INF] Request starting HTTP/1.1 GET http://localhost:5008/api/logistics/vehicles - null null
[10:06:26 INF] Executing endpoint 'SupplyChain.Logistics.API.Controllers.LogisticsController.GetVehicles (SupplyChain.Logistics.API)'
[10:06:26 INF] Route matched with {action = "GetVehicles", controller = "Logistics"}. Executing controller action with signature System.Threading.Tasks.Task`1[Microsoft.AspNetCore.Mvc.IActionResult] GetVehicles(System.Threading.CancellationToken) on controller SupplyChain.Logistics.API.Controllers.LogisticsController (SupplyChain.Logistics.API).
[10:06:27 INF] Executed DbCommand (153ms) [Parameters=[], CommandType='Text', CommandTimeout='30']
SELECT [v].[VehicleId], [v].[AssignedAgentId], [v].[CapacityKg], [v].[RegistrationNo], [v].[Status], [v].[VehicleType]
FROM [Vehicles] AS [v]
ORDER BY [v].[RegistrationNo]
[10:06:27 INF] Executing OkObjectResult, writing value of type 'System.Linq.Enumerable+ListSelectIterator`2[[SupplyChain.Logistics.Domain.Entities.Vehicle, SupplyChain.Logistics.Domain, Version=1.0.0.0, Culture=neutral, PublicKeyToken=null],[<>f__AnonymousType6`6[[System.Guid, System.Private.CoreLib, Version=10.0.0.0, Culture=neutral, PublicKeyToken=7cec85d7bea7798e],[System.String, System.Private.CoreLib, Version=10.0.0.0, Culture=neutral, PublicKeyToken=7cec85d7bea7798e],[System.String, System.Private.CoreLib, Version=10.0.0.0, Culture=neutral, PublicKeyToken=7cec85d7bea7798e],[System.Nullable`1[[System.Decimal, System.Private.CoreLib, Version=10.0.0.0, Culture=neutral, PublicKeyToken=7cec85d7bea7798e]], System.Private.CoreLib, Version=10.0.0.0, Culture=neutral, PublicKeyToken=7cec85d7bea7798e],[System.String, System.Private.CoreLib, Version=10.0.0.0, Culture=neutral, PublicKeyToken=7cec85d7bea7798e],[System.Nullable`1[[System.Guid, System.Private.CoreLib, Version=10.0.0.0, Culture=neutral, PublicKeyToken=7cec85d7bea7798e]], System.Private.CoreLib, Version=10.0.0.0, Culture=neutral, PublicKeyToken=7cec85d7bea7798e]], SupplyChain.Logistics.API, Version=1.0.0.0, Culture=neutral, PublicKeyToken=null]]'.
[10:06:27 INF] Executed action SupplyChain.Logistics.API.Controllers.LogisticsController.GetVehicles (SupplyChain.Logistics.API) in 821.4255ms
[10:06:27 INF] Executed endpoint 'SupplyChain.Logistics.API.Controllers.LogisticsController.GetVehicles (SupplyChain.Logistics.API)'
[10:06:27 INF] HTTP GET /api/logistics/vehicles responded 200 in 1066.2920 ms
[10:06:27 INF] Request finished HTTP/1.1 GET http://localhost:5008/api/logistics/vehicles - 200 null application/json; charset=utf-8 1091.2998ms
[10:10:11 INF] Executed DbCommand (2,261ms) [Parameters=[], CommandType='Text', CommandTimeout='30']
SELECT [s].[ShipmentId], [s].[AgentId], [s].[CreatedAt], [s].[CustomerFeedback], [s].[CustomerRating], [s].[DeliveredAt], [s].[OrderId], [s].[PickedUpAt], [s].[SlaAtRiskNotified], [s].[SlaDeadlineUtc], [s].[Status], [s].[VehicleId]
FROM [Shipments] AS [s]
WHERE [s].[Status] NOT IN (N'Delivered', N'Failed') AND [s].[SlaAtRiskNotified] = CAST(0 AS bit)
[10:15:12 INF] Executed DbCommand (18ms) [Parameters=[], CommandType='Text', CommandTimeout='30']
SELECT [s].[ShipmentId], [s].[AgentId], [s].[CreatedAt], [s].[CustomerFeedback], [s].[CustomerRating], [s].[DeliveredAt], [s].[OrderId], [s].[PickedUpAt], [s].[SlaAtRiskNotified], [s].[SlaDeadlineUtc], [s].[Status], [s].[VehicleId]
FROM [Shipments] AS [s]
WHERE [s].[Status] NOT IN (N'Delivered', N'Failed') AND [s].[SlaAtRiskNotified] = CAST(0 AS bit)
[10:20:11 INF] Executed DbCommand (11ms) [Parameters=[], CommandType='Text', CommandTimeout='30']
SELECT [s].[ShipmentId], [s].[AgentId], [s].[CreatedAt], [s].[CustomerFeedback], [s].[CustomerRating], [s].[DeliveredAt], [s].[OrderId], [s].[PickedUpAt], [s].[SlaAtRiskNotified], [s].[SlaDeadlineUtc], [s].[Status], [s].[VehicleId]
FROM [Shipments] AS [s]
WHERE [s].[Status] NOT IN (N'Delivered', N'Failed') AND [s].[SlaAtRiskNotified] = CAST(0 AS bit)
