Using launch settings from src\Services\Identity\SupplyChain.Identity.API\Properties\launchSettings.json...
Building...
[09:21:34 INF] Executed DbCommand (235ms) [Parameters=[], CommandType='Text', CommandTimeout='30']
SELECT 1
[09:21:34 INF] Acquiring an exclusive lock for migration application. See https://aka.ms/efcore-docs-migrations-lock for more information if this takes too long.
[09:21:35 INF] Executed DbCommand (964ms) [Parameters=[], CommandType='Text', CommandTimeout='30']
DECLARE @result int;
EXEC @result = sp_getapplock @Resource = '__EFMigrationsLock', @LockOwner = 'Session', @LockMode = 'Exclusive';
SELECT @result
[09:21:35 INF] Executed DbCommand (49ms) [Parameters=[], CommandType='Text', CommandTimeout='30']
IF OBJECT_ID(N'[__EFMigrationsHistory]') IS NULL
BEGIN
    CREATE TABLE [__EFMigrationsHistory] (
        [MigrationId] nvarchar(150) NOT NULL,
        [ProductVersion] nvarchar(32) NOT NULL,
        CONSTRAINT [PK___EFMigrationsHistory] PRIMARY KEY ([MigrationId])
    );
END;
[09:21:35 INF] Executed DbCommand (17ms) [Parameters=[], CommandType='Text', CommandTimeout='30']
SELECT 1
[09:21:35 INF] Executed DbCommand (83ms) [Parameters=[], CommandType='Text', CommandTimeout='30']
SELECT OBJECT_ID(N'[__EFMigrationsHistory]');
[09:21:36 INF] Executed DbCommand (369ms) [Parameters=[], CommandType='Text', CommandTimeout='30']
SELECT [MigrationId], [ProductVersion]
FROM [__EFMigrationsHistory]
ORDER BY [MigrationId];
[09:21:36 INF] No migrations were applied. The database is already up to date.
[09:21:36 INF] Executed DbCommand (43ms) [Parameters=[], CommandType='Text', CommandTimeout='30']
DECLARE @result int;
EXEC @result = sp_releaseapplock @Resource = '__EFMigrationsLock', @LockOwner = 'Session';
SELECT @result
[09:21:37 INF] Executed DbCommand (536ms) [Parameters=[@email='?' (Size = 256)], CommandType='Text', CommandTimeout='30']
SELECT CASE
    WHEN EXISTS (
        SELECT 1
        FROM [Users] AS [u]
        WHERE [u].[Email] = @email) THEN CAST(1 AS bit)
    ELSE CAST(0 AS bit)
END
[09:21:38 INF] Executed DbCommand (86ms) [Parameters=[], CommandType='Text', CommandTimeout='30']
SELECT [u].[Email]
FROM [Users] AS [u]
WHERE [u].[Role] = N'DeliveryAgent'
[09:21:38 INF] User profile is available. Using 'C:\Users\Srikaran\AppData\Local\ASP.NET\DataProtection-Keys' as key repository and Windows DPAPI to encrypt keys at rest.
[09:21:39 WRN] The WebRootPath was not found: D:\Early Sprint\EnterpriseB2BSupplyChain Backend\EnterpriseB2BSupplyChain\src\Services\Identity\SupplyChain.Identity.API\wwwroot. Static files may be unavailable.
[09:21:39 INF] Now listening on: http://localhost:5002
[09:21:39 INF] Application started. Press Ctrl+C to shut down.
[09:21:39 INF] Hosting environment: Development
[09:21:39 INF] Content root path: D:\Early Sprint\EnterpriseB2BSupplyChain Backend\EnterpriseB2BSupplyChain\src\Services\Identity\SupplyChain.Identity.API
[09:24:17 INF] Request starting HTTP/1.1 POST http://localhost:5002/api/auth/login - application/json 65
[09:24:18 INF] CORS policy execution successful.
[09:24:18 INF] Executing endpoint 'SupplyChain.Identity.API.Controllers.AuthController.Login (SupplyChain.Identity.API)'
[09:24:18 INF] Route matched with {action = "Login", controller = "Auth"}. Executing controller action with signature System.Threading.Tasks.Task`1[Microsoft.AspNetCore.Mvc.IActionResult] Login(SupplyChain.Identity.Application.Commands.Login.LoginCommand, System.Threading.CancellationToken) on controller SupplyChain.Identity.API.Controllers.AuthController (SupplyChain.Identity.API).
[09:24:18 WRN] You do not have a valid license key for the Lucky Penny software MediatR. This is allowed for development and testing scenarios. If you are running in production you are required to have a licensed version. Please visit https://luckypennysoftware.com to obtain a valid license.
[09:24:18 INF] Handling LoginCommand
[09:24:20 INF] Executed DbCommand (252ms) [Parameters=[@ToLowerInvariant='?' (Size = 256)], CommandType='Text', CommandTimeout='30']
SELECT TOP(1) [u].[UserId], [u].[CreatedAt], [u].[Email], [u].[FullName], [u].[PasswordHash], [u].[PhoneNumber], [u].[ProfilePictureUrl], [u].[Role], [u].[Status], [u].[UpdatedAt], [d].[DealerProfileId], [d].[AddressLine1], [d].[ApprovedAt], [d].[ApprovedByAdminId], [d].[BusinessName], [d].[City], [d].[GstNumber], [d].[IsInterstate], [d].[PinCode], [d].[State], [d].[UserId]
FROM [Users] AS [u]
LEFT JOIN [DealerProfiles] AS [d] ON [u].[UserId] = [d].[UserId]
WHERE [u].[Email] = @ToLowerInvariant
[09:24:21 INF] Handled LoginCommand in 2918ms
[09:24:21 INF] Executing OkObjectResult, writing value of type 'SupplyChain.Identity.Application.DTOs.AuthResultDto'.
[09:24:21 INF] Executed action SupplyChain.Identity.API.Controllers.AuthController.Login (SupplyChain.Identity.API) in 3552.7448ms
[09:24:21 INF] Executed endpoint 'SupplyChain.Identity.API.Controllers.AuthController.Login (SupplyChain.Identity.API)'
[09:24:21 INF] HTTP POST /api/auth/login responded 200 in 3766.3395 ms
[09:24:21 INF] Request finished HTTP/1.1 POST http://localhost:5002/api/auth/login - 200 null application/json; charset=utf-8 4018.1111ms
[09:24:22 INF] Request starting HTTP/1.1 GET http://localhost:5002/api/admin/dealers - null null
[09:24:22 INF] Request starting HTTP/1.1 GET http://localhost:5002/api/super-admin/view-admins - null null
[09:24:22 INF] Executing endpoint 'SupplyChain.Identity.API.Controllers.SuperAdminController.ViewAdmins (SupplyChain.Identity.API)'
[09:24:22 INF] Executing endpoint 'SupplyChain.Identity.API.Controllers.AdminDealerController.GetDealers (SupplyChain.Identity.API)'
[09:24:22 INF] Route matched with {action = "GetDealers", controller = "AdminDealer"}. Executing controller action with signature System.Threading.Tasks.Task`1[Microsoft.AspNetCore.Mvc.IActionResult] GetDealers(System.String, System.Threading.CancellationToken) on controller SupplyChain.Identity.API.Controllers.AdminDealerController (SupplyChain.Identity.API).
[09:24:22 INF] Route matched with {action = "ViewAdmins", controller = "SuperAdmin"}. Executing controller action with signature System.Threading.Tasks.Task`1[Microsoft.AspNetCore.Mvc.IActionResult] ViewAdmins(System.Threading.CancellationToken) on controller SupplyChain.Identity.API.Controllers.SuperAdminController (SupplyChain.Identity.API).
[09:24:22 INF] Handling GetAdminListQuery
[09:24:22 INF] Handling GetDealerListQuery
[09:24:39 ERR] Error handling GetDealerListQuery after 16436ms
System.OperationCanceledException: The operation was canceled.
   at System.Threading.CancellationToken.ThrowOperationCanceledException()
   at System.Threading.CancellationToken.ThrowIfCancellationRequested()
   at Microsoft.EntityFrameworkCore.Storage.ExecutionStrategy.ExecuteImplementationAsync[TState,TResult](Func`4 operation, Func`4 verifySucceeded, TState state, CancellationToken cancellationToken)
   at Microsoft.EntityFrameworkCore.Storage.ExecutionStrategy.ExecuteAsync[TState,TResult](TState state, Func`4 operation, Func`4 verifySucceeded, CancellationToken cancellationToken)
   at Microsoft.EntityFrameworkCore.Query.Internal.SingleQueryingEnumerable`1.AsyncEnumerator.MoveNextAsync()
   at Microsoft.EntityFrameworkCore.EntityFrameworkQueryableExtensions.ToListAsync[TSource](IQueryable`1 source, CancellationToken cancellationToken)
   at Microsoft.EntityFrameworkCore.EntityFrameworkQueryableExtensions.ToListAsync[TSource](IQueryable`1 source, CancellationToken cancellationToken)
   at SupplyChain.Identity.Infrastructure.Persistence.Repositories.UserRepository.GetDealersByStatusAsync(Nullable`1 status, CancellationToken ct) in D:\Early Sprint\EnterpriseB2BSupplyChain Backend\EnterpriseB2BSupplyChain\src\Services\Identity\SupplyChain.Identity.Infrastructure\Persistence\Repositories\UserRepository.cs:line 57
   at SupplyChain.Identity.Application.Queries.GetDealerList.GetDealerListQueryHandler.Handle(GetDealerListQuery query, CancellationToken ct) in D:\Early Sprint\EnterpriseB2BSupplyChain Backend\EnterpriseB2BSupplyChain\src\Services\Identity\SupplyChain.Identity.Application\Queries\GetDealerList\GetDealerListQueryHandler.cs:line 27
   at SupplyChain.Identity.Application.Behaviors.ValidationBehavior`2.Handle(TRequest request, RequestHandlerDelegate`1 next, CancellationToken ct) in D:\Early Sprint\EnterpriseB2BSupplyChain Backend\EnterpriseB2BSupplyChain\src\Services\Identity\SupplyChain.Identity.Application\Behaviors\ValidationBehavior.cs:line 20
   at SupplyChain.Identity.Application.Behaviors.LoggingBehavior`2.Handle(TRequest request, RequestHandlerDelegate`1 next, CancellationToken ct) in D:\Early Sprint\EnterpriseB2BSupplyChain Backend\EnterpriseB2BSupplyChain\src\Services\Identity\SupplyChain.Identity.Application\Behaviors\LoggingBehavior.cs:line 25
[09:24:39 ERR] Error handling GetAdminListQuery after 16434ms
System.OperationCanceledException: The operation was canceled.
   at System.Threading.CancellationToken.ThrowOperationCanceledException()
   at System.Threading.CancellationToken.ThrowIfCancellationRequested()
   at Microsoft.EntityFrameworkCore.Storage.ExecutionStrategy.ExecuteImplementationAsync[TState,TResult](Func`4 operation, Func`4 verifySucceeded, TState state, CancellationToken cancellationToken)
   at Microsoft.EntityFrameworkCore.Storage.ExecutionStrategy.ExecuteAsync[TState,TResult](TState state, Func`4 operation, Func`4 verifySucceeded, CancellationToken cancellationToken)
   at Microsoft.EntityFrameworkCore.Query.Internal.SingleQueryingEnumerable`1.AsyncEnumerator.MoveNextAsync()
   at Microsoft.EntityFrameworkCore.EntityFrameworkQueryableExtensions.ToListAsync[TSource](IQueryable`1 source, CancellationToken cancellationToken)
   at Microsoft.EntityFrameworkCore.EntityFrameworkQueryableExtensions.ToListAsync[TSource](IQueryable`1 source, CancellationToken cancellationToken)
   at SupplyChain.Identity.Infrastructure.Persistence.Repositories.UserRepository.GetUsersByRoleAsync(UserRole role, CancellationToken ct) in D:\Early Sprint\EnterpriseB2BSupplyChain Backend\EnterpriseB2BSupplyChain\src\Services\Identity\SupplyChain.Identity.Infrastructure\Persistence\Repositories\UserRepository.cs:line 63
   at SupplyChain.Identity.Application.Queries.GetAdminList.GetAdminListQueryHandler.Handle(GetAdminListQuery query, CancellationToken ct) in D:\Early Sprint\EnterpriseB2BSupplyChain Backend\EnterpriseB2BSupplyChain\src\Services\Identity\SupplyChain.Identity.Application\Queries\GetAdminList\GetAdminListQueryHandler.cs:line 26
   at SupplyChain.Identity.Application.Behaviors.ValidationBehavior`2.Handle(TRequest request, RequestHandlerDelegate`1 next, CancellationToken ct) in D:\Early Sprint\EnterpriseB2BSupplyChain Backend\EnterpriseB2BSupplyChain\src\Services\Identity\SupplyChain.Identity.Application\Behaviors\ValidationBehavior.cs:line 20
   at SupplyChain.Identity.Application.Behaviors.LoggingBehavior`2.Handle(TRequest request, RequestHandlerDelegate`1 next, CancellationToken ct) in D:\Early Sprint\EnterpriseB2BSupplyChain Backend\EnterpriseB2BSupplyChain\src\Services\Identity\SupplyChain.Identity.Application\Behaviors\LoggingBehavior.cs:line 25
[09:24:39 INF] Executed action SupplyChain.Identity.API.Controllers.AdminDealerController.GetDealers (SupplyChain.Identity.API) in 16590.7168ms
[09:24:39 INF] Executed action SupplyChain.Identity.API.Controllers.SuperAdminController.ViewAdmins (SupplyChain.Identity.API) in 16590.0732ms
[09:24:39 INF] Executed endpoint 'SupplyChain.Identity.API.Controllers.AdminDealerController.GetDealers (SupplyChain.Identity.API)'
[09:24:39 INF] Executed endpoint 'SupplyChain.Identity.API.Controllers.SuperAdminController.ViewAdmins (SupplyChain.Identity.API)'
[09:24:39 ERR] Unhandled exception
System.OperationCanceledException: The operation was canceled.
   at System.Threading.CancellationToken.ThrowOperationCanceledException()
   at System.Threading.CancellationToken.ThrowIfCancellationRequested()
   at Microsoft.EntityFrameworkCore.Storage.ExecutionStrategy.ExecuteImplementationAsync[TState,TResult](Func`4 operation, Func`4 verifySucceeded, TState state, CancellationToken cancellationToken)
   at Microsoft.EntityFrameworkCore.Storage.ExecutionStrategy.ExecuteAsync[TState,TResult](TState state, Func`4 operation, Func`4 verifySucceeded, CancellationToken cancellationToken)
   at Microsoft.EntityFrameworkCore.Query.Internal.SingleQueryingEnumerable`1.AsyncEnumerator.MoveNextAsync()
   at Microsoft.EntityFrameworkCore.EntityFrameworkQueryableExtensions.ToListAsync[TSource](IQueryable`1 source, CancellationToken cancellationToken)
   at Microsoft.EntityFrameworkCore.EntityFrameworkQueryableExtensions.ToListAsync[TSource](IQueryable`1 source, CancellationToken cancellationToken)
   at SupplyChain.Identity.Infrastructure.Persistence.Repositories.UserRepository.GetUsersByRoleAsync(UserRole role, CancellationToken ct) in D:\Early Sprint\EnterpriseB2BSupplyChain Backend\EnterpriseB2BSupplyChain\src\Services\Identity\SupplyChain.Identity.Infrastructure\Persistence\Repositories\UserRepository.cs:line 63
   at SupplyChain.Identity.Application.Queries.GetAdminList.GetAdminListQueryHandler.Handle(GetAdminListQuery query, CancellationToken ct) in D:\Early Sprint\EnterpriseB2BSupplyChain Backend\EnterpriseB2BSupplyChain\src\Services\Identity\SupplyChain.Identity.Application\Queries\GetAdminList\GetAdminListQueryHandler.cs:line 26
   at SupplyChain.Identity.Application.Behaviors.ValidationBehavior`2.Handle(TRequest request, RequestHandlerDelegate`1 next, CancellationToken ct) in D:\Early Sprint\EnterpriseB2BSupplyChain Backend\EnterpriseB2BSupplyChain\src\Services\Identity\SupplyChain.Identity.Application\Behaviors\ValidationBehavior.cs:line 20
   at SupplyChain.Identity.Application.Behaviors.LoggingBehavior`2.Handle(TRequest request, RequestHandlerDelegate`1 next, CancellationToken ct) in D:\Early Sprint\EnterpriseB2BSupplyChain Backend\EnterpriseB2BSupplyChain\src\Services\Identity\SupplyChain.Identity.Application\Behaviors\LoggingBehavior.cs:line 25
   at SupplyChain.Identity.API.Controllers.SuperAdminController.ViewAdmins(CancellationToken ct) in D:\Early Sprint\EnterpriseB2BSupplyChain Backend\EnterpriseB2BSupplyChain\src\Services\Identity\SupplyChain.Identity.API\Controllers\SuperAdminController.cs:line 31
   at Microsoft.AspNetCore.Mvc.Infrastructure.ActionMethodExecutor.TaskOfIActionResultExecutor.Execute(ActionContext actionContext, IActionResultTypeMapper mapper, ObjectMethodExecutor executor, Object controller, Object[] arguments)
   at Microsoft.AspNetCore.Mvc.Infrastructure.ControllerActionInvoker.<InvokeActionMethodAsync>g__Awaited|12_0(ControllerActionInvoker invoker, ValueTask`1 actionResultValueTask)
   at Microsoft.AspNetCore.Mvc.Infrastructure.ControllerActionInvoker.<InvokeNextActionFilterAsync>g__Awaited|10_0(ControllerActionInvoker invoker, Task lastTask, State next, Scope scope, Object state, Boolean isCompleted)
   at Microsoft.AspNetCore.Mvc.Infrastructure.ControllerActionInvoker.Rethrow(ActionExecutedContextSealed context)
   at Microsoft.AspNetCore.Mvc.Infrastructure.ControllerActionInvoker.Next(State& next, Scope& scope, Object& state, Boolean& isCompleted)
   at Microsoft.AspNetCore.Mvc.Infrastructure.ControllerActionInvoker.<InvokeInnerFilterAsync>g__Awaited|13_0(ControllerActionInvoker invoker, Task lastTask, State next, Scope scope, Object state, Boolean isCompleted)
   at Microsoft.AspNetCore.Mvc.Infrastructure.ResourceInvoker.<InvokeFilterPipelineAsync>g__Awaited|20_0(ResourceInvoker invoker, Task lastTask, State next, Scope scope, Object state, Boolean isCompleted)
   at Microsoft.AspNetCore.Mvc.Infrastructure.ResourceInvoker.<InvokeAsync>g__Logged|17_1(ResourceInvoker invoker)
   at Microsoft.AspNetCore.Mvc.Infrastructure.ResourceInvoker.<InvokeAsync>g__Logged|17_1(ResourceInvoker invoker)
   at Microsoft.AspNetCore.Routing.EndpointMiddleware.<Invoke>g__AwaitRequestTask|7_0(Endpoint endpoint, Task requestTask, ILogger logger)
   at Microsoft.AspNetCore.Authorization.AuthorizationMiddleware.Invoke(HttpContext context)
   at Microsoft.AspNetCore.Authentication.AuthenticationMiddleware.Invoke(HttpContext context)
   at SupplyChain.Identity.API.Middleware.ExceptionHandlingMiddleware.Invoke(HttpContext context) in D:\Early Sprint\EnterpriseB2BSupplyChain Backend\EnterpriseB2BSupplyChain\src\Services\Identity\SupplyChain.Identity.API\Middleware\ExceptionHandlingMiddleware.cs:line 22
[09:24:39 ERR] Unhandled exception
System.OperationCanceledException: The operation was canceled.
   at System.Threading.CancellationToken.ThrowOperationCanceledException()
   at System.Threading.CancellationToken.ThrowIfCancellationRequested()
   at Microsoft.EntityFrameworkCore.Storage.ExecutionStrategy.ExecuteImplementationAsync[TState,TResult](Func`4 operation, Func`4 verifySucceeded, TState state, CancellationToken cancellationToken)
   at Microsoft.EntityFrameworkCore.Storage.ExecutionStrategy.ExecuteAsync[TState,TResult](TState state, Func`4 operation, Func`4 verifySucceeded, CancellationToken cancellationToken)
   at Microsoft.EntityFrameworkCore.Query.Internal.SingleQueryingEnumerable`1.AsyncEnumerator.MoveNextAsync()
   at Microsoft.EntityFrameworkCore.EntityFrameworkQueryableExtensions.ToListAsync[TSource](IQueryable`1 source, CancellationToken cancellationToken)
   at Microsoft.EntityFrameworkCore.EntityFrameworkQueryableExtensions.ToListAsync[TSource](IQueryable`1 source, CancellationToken cancellationToken)
   at SupplyChain.Identity.Infrastructure.Persistence.Repositories.UserRepository.GetDealersByStatusAsync(Nullable`1 status, CancellationToken ct) in D:\Early Sprint\EnterpriseB2BSupplyChain Backend\EnterpriseB2BSupplyChain\src\Services\Identity\SupplyChain.Identity.Infrastructure\Persistence\Repositories\UserRepository.cs:line 57
   at SupplyChain.Identity.Application.Queries.GetDealerList.GetDealerListQueryHandler.Handle(GetDealerListQuery query, CancellationToken ct) in D:\Early Sprint\EnterpriseB2BSupplyChain Backend\EnterpriseB2BSupplyChain\src\Services\Identity\SupplyChain.Identity.Application\Queries\GetDealerList\GetDealerListQueryHandler.cs:line 27
   at SupplyChain.Identity.Application.Behaviors.ValidationBehavior`2.Handle(TRequest request, RequestHandlerDelegate`1 next, CancellationToken ct) in D:\Early Sprint\EnterpriseB2BSupplyChain Backend\EnterpriseB2BSupplyChain\src\Services\Identity\SupplyChain.Identity.Application\Behaviors\ValidationBehavior.cs:line 20
   at SupplyChain.Identity.Application.Behaviors.LoggingBehavior`2.Handle(TRequest request, RequestHandlerDelegate`1 next, CancellationToken ct) in D:\Early Sprint\EnterpriseB2BSupplyChain Backend\EnterpriseB2BSupplyChain\src\Services\Identity\SupplyChain.Identity.Application\Behaviors\LoggingBehavior.cs:line 25
   at SupplyChain.Identity.API.Controllers.AdminDealerController.GetDealers(String status, CancellationToken ct) in D:\Early Sprint\EnterpriseB2BSupplyChain Backend\EnterpriseB2BSupplyChain\src\Services\Identity\SupplyChain.Identity.API\Controllers\AdminDealerController.cs:line 34
   at Microsoft.AspNetCore.Mvc.Infrastructure.ActionMethodExecutor.TaskOfIActionResultExecutor.Execute(ActionContext actionContext, IActionResultTypeMapper mapper, ObjectMethodExecutor executor, Object controller, Object[] arguments)
   at Microsoft.AspNetCore.Mvc.Infrastructure.ControllerActionInvoker.<InvokeActionMethodAsync>g__Awaited|12_0(ControllerActionInvoker invoker, ValueTask`1 actionResultValueTask)
   at Microsoft.AspNetCore.Mvc.Infrastructure.ControllerActionInvoker.<InvokeNextActionFilterAsync>g__Awaited|10_0(ControllerActionInvoker invoker, Task lastTask, State next, Scope scope, Object state, Boolean isCompleted)
   at Microsoft.AspNetCore.Mvc.Infrastructure.ControllerActionInvoker.Rethrow(ActionExecutedContextSealed context)
   at Microsoft.AspNetCore.Mvc.Infrastructure.ControllerActionInvoker.Next(State& next, Scope& scope, Object& state, Boolean& isCompleted)
   at Microsoft.AspNetCore.Mvc.Infrastructure.ControllerActionInvoker.<InvokeInnerFilterAsync>g__Awaited|13_0(ControllerActionInvoker invoker, Task lastTask, State next, Scope scope, Object state, Boolean isCompleted)
   at Microsoft.AspNetCore.Mvc.Infrastructure.ResourceInvoker.<InvokeFilterPipelineAsync>g__Awaited|20_0(ResourceInvoker invoker, Task lastTask, State next, Scope scope, Object state, Boolean isCompleted)
   at Microsoft.AspNetCore.Mvc.Infrastructure.ResourceInvoker.<InvokeAsync>g__Logged|17_1(ResourceInvoker invoker)
   at Microsoft.AspNetCore.Mvc.Infrastructure.ResourceInvoker.<InvokeAsync>g__Logged|17_1(ResourceInvoker invoker)
   at Microsoft.AspNetCore.Routing.EndpointMiddleware.<Invoke>g__AwaitRequestTask|7_0(Endpoint endpoint, Task requestTask, ILogger logger)
   at Microsoft.AspNetCore.Authorization.AuthorizationMiddleware.Invoke(HttpContext context)
   at Microsoft.AspNetCore.Authentication.AuthenticationMiddleware.Invoke(HttpContext context)
   at SupplyChain.Identity.API.Middleware.ExceptionHandlingMiddleware.Invoke(HttpContext context) in D:\Early Sprint\EnterpriseB2BSupplyChain Backend\EnterpriseB2BSupplyChain\src\Services\Identity\SupplyChain.Identity.API\Middleware\ExceptionHandlingMiddleware.cs:line 22
[09:24:39 ERR] HTTP GET /api/admin/dealers responded 500 in 17016.5773 ms
[09:24:39 ERR] HTTP GET /api/super-admin/view-admins responded 500 in 17020.6605 ms
[09:24:39 INF] Request finished HTTP/1.1 GET http://localhost:5002/api/admin/dealers - 500 null application/json 17042.8503ms
[09:24:39 INF] Request finished HTTP/1.1 GET http://localhost:5002/api/super-admin/view-admins - 500 null application/json 17036.0055ms
[09:25:07 INF] Request starting HTTP/1.1 GET http://localhost:5002/api/admin/dealers?status=Pending - null null
[09:25:07 INF] Request starting HTTP/1.1 GET http://localhost:5002/api/admin/dealers?status=Active - null null
[09:25:08 INF] Executing endpoint 'SupplyChain.Identity.API.Controllers.AdminDealerController.GetDealers (SupplyChain.Identity.API)'
[09:25:08 INF] Executing endpoint 'SupplyChain.Identity.API.Controllers.AdminDealerController.GetDealers (SupplyChain.Identity.API)'
[09:25:08 INF] Route matched with {action = "GetDealers", controller = "AdminDealer"}. Executing controller action with signature System.Threading.Tasks.Task`1[Microsoft.AspNetCore.Mvc.IActionResult] GetDealers(System.String, System.Threading.CancellationToken) on controller SupplyChain.Identity.API.Controllers.AdminDealerController (SupplyChain.Identity.API).
[09:25:08 INF] Route matched with {action = "GetDealers", controller = "AdminDealer"}. Executing controller action with signature System.Threading.Tasks.Task`1[Microsoft.AspNetCore.Mvc.IActionResult] GetDealers(System.String, System.Threading.CancellationToken) on controller SupplyChain.Identity.API.Controllers.AdminDealerController (SupplyChain.Identity.API).
[09:25:08 INF] Handling GetDealerListQuery
[09:25:08 INF] Handling GetDealerListQuery
[09:25:14 INF] Executed DbCommand (413ms) [Parameters=[@status_Value='?' (Size = 30)], CommandType='Text', CommandTimeout='30']
SELECT [u].[UserId], [u].[CreatedAt], [u].[Email], [u].[FullName], [u].[PasswordHash], [u].[PhoneNumber], [u].[ProfilePictureUrl], [u].[Role], [u].[Status], [u].[UpdatedAt], [d].[DealerProfileId], [d].[AddressLine1], [d].[ApprovedAt], [d].[ApprovedByAdminId], [d].[BusinessName], [d].[City], [d].[GstNumber], [d].[IsInterstate], [d].[PinCode], [d].[State], [d].[UserId]
FROM [Users] AS [u]
LEFT JOIN [DealerProfiles] AS [d] ON [u].[UserId] = [d].[UserId]
WHERE [u].[Role] = N'Dealer' AND [u].[Status] = @status_Value
ORDER BY [u].[CreatedAt] DESC
[09:25:15 INF] Executed DbCommand (53ms) [Parameters=[@status_Value='?' (Size = 30)], CommandType='Text', CommandTimeout='30']
SELECT [u].[UserId], [u].[CreatedAt], [u].[Email], [u].[FullName], [u].[PasswordHash], [u].[PhoneNumber], [u].[ProfilePictureUrl], [u].[Role], [u].[Status], [u].[UpdatedAt], [d].[DealerProfileId], [d].[AddressLine1], [d].[ApprovedAt], [d].[ApprovedByAdminId], [d].[BusinessName], [d].[City], [d].[GstNumber], [d].[IsInterstate], [d].[PinCode], [d].[State], [d].[UserId]
FROM [Users] AS [u]
LEFT JOIN [DealerProfiles] AS [d] ON [u].[UserId] = [d].[UserId]
WHERE [u].[Role] = N'Dealer' AND [u].[Status] = @status_Value
ORDER BY [u].[CreatedAt] DESC
[09:25:20 INF] Handled GetDealerListQuery in 12648ms
[09:25:20 INF] Executing OkObjectResult, writing value of type 'System.Collections.Generic.List`1[[SupplyChain.Identity.Application.DTOs.DealerListDto, SupplyChain.Identity.Application, Version=1.0.0.0, Culture=neutral, PublicKeyToken=null]]'.
[09:25:20 INF] Executed action SupplyChain.Identity.API.Controllers.AdminDealerController.GetDealers (SupplyChain.Identity.API) in 12749.8848ms
[09:25:20 INF] Executed endpoint 'SupplyChain.Identity.API.Controllers.AdminDealerController.GetDealers (SupplyChain.Identity.API)'
[09:25:20 INF] HTTP GET /api/admin/dealers responded 200 in 12869.9921 ms
[09:25:20 INF] Request finished HTTP/1.1 GET http://localhost:5002/api/admin/dealers?status=Pending - 200 null application/json; charset=utf-8 12875.3524ms
[09:25:21 INF] Handled GetDealerListQuery in 13665ms
[09:25:21 INF] Executing OkObjectResult, writing value of type 'System.Collections.Generic.List`1[[SupplyChain.Identity.Application.DTOs.DealerListDto, SupplyChain.Identity.Application, Version=1.0.0.0, Culture=neutral, PublicKeyToken=null]]'.
[09:25:21 INF] Executed action SupplyChain.Identity.API.Controllers.AdminDealerController.GetDealers (SupplyChain.Identity.API) in 13745.8581ms
[09:25:21 INF] Executed endpoint 'SupplyChain.Identity.API.Controllers.AdminDealerController.GetDealers (SupplyChain.Identity.API)'
[09:25:21 INF] HTTP GET /api/admin/dealers responded 200 in 13864.7443 ms
[09:25:21 INF] Request finished HTTP/1.1 GET http://localhost:5002/api/admin/dealers?status=Active - 200 null application/json; charset=utf-8 13866.1228ms
[09:26:08 INF] Request starting HTTP/1.1 POST http://localhost:5002/api/auth/login - application/json 56
[09:26:08 INF] CORS policy execution successful.
[09:26:08 INF] Executing endpoint 'SupplyChain.Identity.API.Controllers.AuthController.Login (SupplyChain.Identity.API)'
[09:26:08 INF] Route matched with {action = "Login", controller = "Auth"}. Executing controller action with signature System.Threading.Tasks.Task`1[Microsoft.AspNetCore.Mvc.IActionResult] Login(SupplyChain.Identity.Application.Commands.Login.LoginCommand, System.Threading.CancellationToken) on controller SupplyChain.Identity.API.Controllers.AuthController (SupplyChain.Identity.API).
[09:26:08 INF] Handling LoginCommand
[09:26:09 INF] Executed DbCommand (48ms) [Parameters=[@ToLowerInvariant='?' (Size = 256)], CommandType='Text', CommandTimeout='30']
SELECT TOP(1) [u].[UserId], [u].[CreatedAt], [u].[Email], [u].[FullName], [u].[PasswordHash], [u].[PhoneNumber], [u].[ProfilePictureUrl], [u].[Role], [u].[Status], [u].[UpdatedAt], [d].[DealerProfileId], [d].[AddressLine1], [d].[ApprovedAt], [d].[ApprovedByAdminId], [d].[BusinessName], [d].[City], [d].[GstNumber], [d].[IsInterstate], [d].[PinCode], [d].[State], [d].[UserId]
FROM [Users] AS [u]
LEFT JOIN [DealerProfiles] AS [d] ON [u].[UserId] = [d].[UserId]
WHERE [u].[Email] = @ToLowerInvariant
[09:26:11 INF] Executed DbCommand (55ms) [Parameters=[@p0='?' (DbType = Guid), @p1='?' (DbType = DateTime2), @p2='?' (Size = 256), @p3='?' (DbType = DateTime2), @p4='?' (DbType = Boolean), @p5='?' (Size = 500), @p6='?' (Size = 4000), @p7='?' (Size = 50)], CommandType='Text', CommandTimeout='30']
SET IMPLICIT_TRANSACTIONS OFF;
SET NOCOUNT ON;
INSERT INTO [OtpRecords] ([OtpId], [CreatedAt], [Email], [ExpiresAt], [IsUsed], [OtpHash], [PayloadJson], [Purpose])
VALUES (@p0, @p1, @p2, @p3, @p4, @p5, @p6, @p7);
[09:26:21 INF] Handled LoginCommand in 12944ms
[09:26:21 INF] Executing OkObjectResult, writing value of type 'SupplyChain.Identity.Application.DTOs.AuthResultDto'.
[09:26:21 INF] Executed action SupplyChain.Identity.API.Controllers.AuthController.Login (SupplyChain.Identity.API) in 13027.5207ms
[09:26:21 INF] Executed endpoint 'SupplyChain.Identity.API.Controllers.AuthController.Login (SupplyChain.Identity.API)'
[09:26:21 INF] HTTP POST /api/auth/login responded 200 in 13030.7574 ms
[09:26:21 INF] Request finished HTTP/1.1 POST http://localhost:5002/api/auth/login - 200 null application/json; charset=utf-8 13058.593ms
[09:26:51 INF] Request starting HTTP/1.1 POST http://localhost:5002/api/auth/login/verify-otp - application/json 49
[09:26:51 INF] CORS policy execution successful.
[09:26:51 INF] Executing endpoint 'SupplyChain.Identity.API.Controllers.AuthController.VerifyLoginOtp (SupplyChain.Identity.API)'
[09:26:51 INF] Route matched with {action = "VerifyLoginOtp", controller = "Auth"}. Executing controller action with signature System.Threading.Tasks.Task`1[Microsoft.AspNetCore.Mvc.IActionResult] VerifyLoginOtp(SupplyChain.Identity.Application.Commands.Login.VerifyDealerLoginOtpCommand, System.Threading.CancellationToken) on controller SupplyChain.Identity.API.Controllers.AuthController (SupplyChain.Identity.API).
[09:26:51 INF] Handling VerifyDealerLoginOtpCommand
[09:26:51 INF] Executed DbCommand (8ms) [Parameters=[@ToLowerInvariant='?' (Size = 256)], CommandType='Text', CommandTimeout='30']
SELECT TOP(1) [u].[UserId], [u].[CreatedAt], [u].[Email], [u].[FullName], [u].[PasswordHash], [u].[PhoneNumber], [u].[ProfilePictureUrl], [u].[Role], [u].[Status], [u].[UpdatedAt], [d].[DealerProfileId], [d].[AddressLine1], [d].[ApprovedAt], [d].[ApprovedByAdminId], [d].[BusinessName], [d].[City], [d].[GstNumber], [d].[IsInterstate], [d].[PinCode], [d].[State], [d].[UserId]
FROM [Users] AS [u]
LEFT JOIN [DealerProfiles] AS [d] ON [u].[UserId] = [d].[UserId]
WHERE [u].[Email] = @ToLowerInvariant
[09:26:51 INF] Executed DbCommand (6ms) [Parameters=[@ToLowerInvariant='?' (Size = 256), @purpose='?' (Size = 50)], CommandType='Text', CommandTimeout='30']
SELECT TOP(1) [o].[OtpId], [o].[CreatedAt], [o].[Email], [o].[ExpiresAt], [o].[IsUsed], [o].[OtpHash], [o].[PayloadJson], [o].[Purpose]
FROM [OtpRecords] AS [o]
WHERE [o].[Email] = @ToLowerInvariant AND [o].[Purpose] = @purpose AND [o].[IsUsed] = CAST(0 AS bit)
ORDER BY [o].[CreatedAt] DESC
[09:26:52 INF] Executed DbCommand (4ms) [Parameters=[@p1='?' (DbType = Guid), @p0='?' (DbType = Boolean)], CommandType='Text', CommandTimeout='30']
SET IMPLICIT_TRANSACTIONS OFF;
SET NOCOUNT ON;
UPDATE [OtpRecords] SET [IsUsed] = @p0
OUTPUT 1
WHERE [OtpId] = @p1;
[09:26:52 INF] Handled VerifyDealerLoginOtpCommand in 224ms
[09:26:52 INF] Executing OkObjectResult, writing value of type 'SupplyChain.Identity.Application.DTOs.AuthResultDto'.
[09:26:52 INF] Executed action SupplyChain.Identity.API.Controllers.AuthController.VerifyLoginOtp (SupplyChain.Identity.API) in 256.4063ms
[09:26:52 INF] Executed endpoint 'SupplyChain.Identity.API.Controllers.AuthController.VerifyLoginOtp (SupplyChain.Identity.API)'
[09:26:52 INF] HTTP POST /api/auth/login/verify-otp responded 200 in 272.0330 ms
[09:26:52 INF] Request finished HTTP/1.1 POST http://localhost:5002/api/auth/login/verify-otp - 200 null application/json; charset=utf-8 273.5119ms
[09:26:52 INF] Request starting HTTP/1.1 GET http://localhost:5002/api/shipping-addresses - null null
[09:26:52 INF] Executing endpoint 'SupplyChain.Identity.API.Controllers.ShippingAddressController.GetAddresses (SupplyChain.Identity.API)'
[09:26:52 INF] Route matched with {action = "GetAddresses", controller = "ShippingAddress"}. Executing controller action with signature System.Threading.Tasks.Task`1[Microsoft.AspNetCore.Mvc.IActionResult] GetAddresses(System.Threading.CancellationToken) on controller SupplyChain.Identity.API.Controllers.ShippingAddressController (SupplyChain.Identity.API).
[09:26:52 INF] Handling GetShippingAddressesQuery
[09:26:52 INF] Executed DbCommand (9ms) [Parameters=[@dealerId='?' (DbType = Guid)], CommandType='Text', CommandTimeout='30']
SELECT [s].[AddressId], [s].[AddressLine1], [s].[City], [s].[CreatedAt], [s].[DealerId], [s].[District], [s].[IsDefault], [s].[Label], [s].[PhoneNumber], [s].[PinCode], [s].[State]
FROM [ShippingAddresses] AS [s]
WHERE [s].[DealerId] = @dealerId
ORDER BY [s].[IsDefault] DESC, [s].[CreatedAt] DESC
[09:26:52 INF] Handled GetShippingAddressesQuery in 117ms
[09:26:52 INF] Executing OkObjectResult, writing value of type 'System.Collections.Generic.List`1[[SupplyChain.Identity.Application.DTOs.ShippingAddressDto, SupplyChain.Identity.Application, Version=1.0.0.0, Culture=neutral, PublicKeyToken=null]]'.
[09:26:52 INF] Executed action SupplyChain.Identity.API.Controllers.ShippingAddressController.GetAddresses (SupplyChain.Identity.API) in 137.5338ms
[09:26:52 INF] Executed endpoint 'SupplyChain.Identity.API.Controllers.ShippingAddressController.GetAddresses (SupplyChain.Identity.API)'
[09:26:52 INF] HTTP GET /api/shipping-addresses responded 200 in 161.3106 ms
[09:26:52 INF] Request finished HTTP/1.1 GET http://localhost:5002/api/shipping-addresses - 200 null application/json; charset=utf-8 162.5812ms
[09:30:40 INF] Request starting HTTP/1.1 GET http://localhost:5002/api/shipping-addresses - null null
[09:30:40 INF] Executing endpoint 'SupplyChain.Identity.API.Controllers.ShippingAddressController.GetAddresses (SupplyChain.Identity.API)'
[09:30:40 INF] Route matched with {action = "GetAddresses", controller = "ShippingAddress"}. Executing controller action with signature System.Threading.Tasks.Task`1[Microsoft.AspNetCore.Mvc.IActionResult] GetAddresses(System.Threading.CancellationToken) on controller SupplyChain.Identity.API.Controllers.ShippingAddressController (SupplyChain.Identity.API).
[09:30:40 INF] Handling GetShippingAddressesQuery
[09:30:41 INF] Executed DbCommand (167ms) [Parameters=[@dealerId='?' (DbType = Guid)], CommandType='Text', CommandTimeout='30']
SELECT [s].[AddressId], [s].[AddressLine1], [s].[City], [s].[CreatedAt], [s].[DealerId], [s].[District], [s].[IsDefault], [s].[Label], [s].[PhoneNumber], [s].[PinCode], [s].[State]
FROM [ShippingAddresses] AS [s]
WHERE [s].[DealerId] = @dealerId
ORDER BY [s].[IsDefault] DESC, [s].[CreatedAt] DESC
[09:30:41 INF] Handled GetShippingAddressesQuery in 260ms
[09:30:41 INF] Executing OkObjectResult, writing value of type 'System.Collections.Generic.List`1[[SupplyChain.Identity.Application.DTOs.ShippingAddressDto, SupplyChain.Identity.Application, Version=1.0.0.0, Culture=neutral, PublicKeyToken=null]]'.
[09:30:41 INF] Executed action SupplyChain.Identity.API.Controllers.ShippingAddressController.GetAddresses (SupplyChain.Identity.API) in 273.7523ms
[09:30:41 INF] Executed endpoint 'SupplyChain.Identity.API.Controllers.ShippingAddressController.GetAddresses (SupplyChain.Identity.API)'
[09:30:41 INF] HTTP GET /api/shipping-addresses responded 200 in 324.0420 ms
[09:30:41 INF] Request finished HTTP/1.1 GET http://localhost:5002/api/shipping-addresses - 200 null application/json; charset=utf-8 341.5489ms
[09:33:21 INF] Request starting HTTP/1.1 GET http://localhost:5002/api/shipping-addresses - null null
[09:33:21 INF] Executing endpoint 'SupplyChain.Identity.API.Controllers.ShippingAddressController.GetAddresses (SupplyChain.Identity.API)'
[09:33:21 INF] Route matched with {action = "GetAddresses", controller = "ShippingAddress"}. Executing controller action with signature System.Threading.Tasks.Task`1[Microsoft.AspNetCore.Mvc.IActionResult] GetAddresses(System.Threading.CancellationToken) on controller SupplyChain.Identity.API.Controllers.ShippingAddressController (SupplyChain.Identity.API).
[09:33:21 INF] Handling GetShippingAddressesQuery
[09:33:22 INF] Executed DbCommand (389ms) [Parameters=[@dealerId='?' (DbType = Guid)], CommandType='Text', CommandTimeout='30']
SELECT [s].[AddressId], [s].[AddressLine1], [s].[City], [s].[CreatedAt], [s].[DealerId], [s].[District], [s].[IsDefault], [s].[Label], [s].[PhoneNumber], [s].[PinCode], [s].[State]
FROM [ShippingAddresses] AS [s]
WHERE [s].[DealerId] = @dealerId
ORDER BY [s].[IsDefault] DESC, [s].[CreatedAt] DESC
[09:33:22 INF] Handled GetShippingAddressesQuery in 486ms
[09:33:22 INF] Executing OkObjectResult, writing value of type 'System.Collections.Generic.List`1[[SupplyChain.Identity.Application.DTOs.ShippingAddressDto, SupplyChain.Identity.Application, Version=1.0.0.0, Culture=neutral, PublicKeyToken=null]]'.
[09:33:22 INF] Executed action SupplyChain.Identity.API.Controllers.ShippingAddressController.GetAddresses (SupplyChain.Identity.API) in 497.8331ms
[09:33:22 INF] Executed endpoint 'SupplyChain.Identity.API.Controllers.ShippingAddressController.GetAddresses (SupplyChain.Identity.API)'
[09:33:22 INF] HTTP GET /api/shipping-addresses responded 200 in 524.7080 ms
[09:33:22 INF] Request finished HTTP/1.1 GET http://localhost:5002/api/shipping-addresses - 200 null application/json; charset=utf-8 526.4134ms
[09:38:45 INF] Request starting HTTP/1.1 POST http://localhost:5002/api/auth/login - application/json 56
[09:38:45 INF] CORS policy execution successful.
[09:38:45 INF] Executing endpoint 'SupplyChain.Identity.API.Controllers.AuthController.Login (SupplyChain.Identity.API)'
[09:38:46 INF] Route matched with {action = "Login", controller = "Auth"}. Executing controller action with signature System.Threading.Tasks.Task`1[Microsoft.AspNetCore.Mvc.IActionResult] Login(SupplyChain.Identity.Application.Commands.Login.LoginCommand, System.Threading.CancellationToken) on controller SupplyChain.Identity.API.Controllers.AuthController (SupplyChain.Identity.API).
[09:38:46 INF] Handling LoginCommand
[09:38:48 INF] Executed DbCommand (100ms) [Parameters=[@ToLowerInvariant='?' (Size = 256)], CommandType='Text', CommandTimeout='30']
SELECT TOP(1) [u].[UserId], [u].[CreatedAt], [u].[Email], [u].[FullName], [u].[PasswordHash], [u].[PhoneNumber], [u].[ProfilePictureUrl], [u].[Role], [u].[Status], [u].[UpdatedAt], [d].[DealerProfileId], [d].[AddressLine1], [d].[ApprovedAt], [d].[ApprovedByAdminId], [d].[BusinessName], [d].[City], [d].[GstNumber], [d].[IsInterstate], [d].[PinCode], [d].[State], [d].[UserId]
FROM [Users] AS [u]
LEFT JOIN [DealerProfiles] AS [d] ON [u].[UserId] = [d].[UserId]
WHERE [u].[Email] = @ToLowerInvariant
[09:38:49 INF] Executed DbCommand (33ms) [Parameters=[@p0='?' (DbType = Guid), @p1='?' (DbType = DateTime2), @p2='?' (Size = 256), @p3='?' (DbType = DateTime2), @p4='?' (DbType = Boolean), @p5='?' (Size = 500), @p6='?' (Size = 4000), @p7='?' (Size = 50)], CommandType='Text', CommandTimeout='30']
SET IMPLICIT_TRANSACTIONS OFF;
SET NOCOUNT ON;
INSERT INTO [OtpRecords] ([OtpId], [CreatedAt], [Email], [ExpiresAt], [IsUsed], [OtpHash], [PayloadJson], [Purpose])
VALUES (@p0, @p1, @p2, @p3, @p4, @p5, @p6, @p7);
[09:38:55 INF] Handled LoginCommand in 9074ms
[09:38:56 INF] Executing OkObjectResult, writing value of type 'SupplyChain.Identity.Application.DTOs.AuthResultDto'.
[09:38:56 INF] Executed action SupplyChain.Identity.API.Controllers.AuthController.Login (SupplyChain.Identity.API) in 10855.7492ms
[09:38:56 INF] Executed endpoint 'SupplyChain.Identity.API.Controllers.AuthController.Login (SupplyChain.Identity.API)'
[09:38:56 INF] HTTP POST /api/auth/login responded 200 in 11022.7471 ms
[09:38:56 INF] Request finished HTTP/1.1 POST http://localhost:5002/api/auth/login - 200 null application/json; charset=utf-8 11083.9133ms
[09:43:00 INF] Request starting HTTP/1.1 POST http://localhost:5002/api/auth/login/verify-otp - application/json 49
[09:43:00 INF] CORS policy execution successful.
[09:43:00 INF] Executing endpoint 'SupplyChain.Identity.API.Controllers.AuthController.VerifyLoginOtp (SupplyChain.Identity.API)'
[09:43:00 INF] Route matched with {action = "VerifyLoginOtp", controller = "Auth"}. Executing controller action with signature System.Threading.Tasks.Task`1[Microsoft.AspNetCore.Mvc.IActionResult] VerifyLoginOtp(SupplyChain.Identity.Application.Commands.Login.VerifyDealerLoginOtpCommand, System.Threading.CancellationToken) on controller SupplyChain.Identity.API.Controllers.AuthController (SupplyChain.Identity.API).
[09:43:00 INF] Handling VerifyDealerLoginOtpCommand
[09:43:00 INF] Executed DbCommand (96ms) [Parameters=[@ToLowerInvariant='?' (Size = 256)], CommandType='Text', CommandTimeout='30']
SELECT TOP(1) [u].[UserId], [u].[CreatedAt], [u].[Email], [u].[FullName], [u].[PasswordHash], [u].[PhoneNumber], [u].[ProfilePictureUrl], [u].[Role], [u].[Status], [u].[UpdatedAt], [d].[DealerProfileId], [d].[AddressLine1], [d].[ApprovedAt], [d].[ApprovedByAdminId], [d].[BusinessName], [d].[City], [d].[GstNumber], [d].[IsInterstate], [d].[PinCode], [d].[State], [d].[UserId]
FROM [Users] AS [u]
LEFT JOIN [DealerProfiles] AS [d] ON [u].[UserId] = [d].[UserId]
WHERE [u].[Email] = @ToLowerInvariant
[09:43:00 INF] Executed DbCommand (51ms) [Parameters=[@ToLowerInvariant='?' (Size = 256), @purpose='?' (Size = 50)], CommandType='Text', CommandTimeout='30']
SELECT TOP(1) [o].[OtpId], [o].[CreatedAt], [o].[Email], [o].[ExpiresAt], [o].[IsUsed], [o].[OtpHash], [o].[PayloadJson], [o].[Purpose]
FROM [OtpRecords] AS [o]
WHERE [o].[Email] = @ToLowerInvariant AND [o].[Purpose] = @purpose AND [o].[IsUsed] = CAST(0 AS bit)
ORDER BY [o].[CreatedAt] DESC
[09:43:01 INF] Executed DbCommand (47ms) [Parameters=[@p1='?' (DbType = Guid), @p0='?' (DbType = Boolean)], CommandType='Text', CommandTimeout='30']
SET IMPLICIT_TRANSACTIONS OFF;
SET NOCOUNT ON;
UPDATE [OtpRecords] SET [IsUsed] = @p0
OUTPUT 1
WHERE [OtpId] = @p1;
[09:43:01 INF] Handled VerifyDealerLoginOtpCommand in 866ms
[09:43:01 INF] Executing OkObjectResult, writing value of type 'SupplyChain.Identity.Application.DTOs.AuthResultDto'.
[09:43:01 INF] Executed action SupplyChain.Identity.API.Controllers.AuthController.VerifyLoginOtp (SupplyChain.Identity.API) in 1026.2907ms
[09:43:01 INF] Executed endpoint 'SupplyChain.Identity.API.Controllers.AuthController.VerifyLoginOtp (SupplyChain.Identity.API)'
[09:43:01 INF] HTTP POST /api/auth/login/verify-otp responded 200 in 1069.1016 ms
[09:43:01 INF] Request finished HTTP/1.1 POST http://localhost:5002/api/auth/login/verify-otp - 200 null application/json; charset=utf-8 1116.3367ms
[09:43:01 INF] Request starting HTTP/1.1 GET http://localhost:5002/api/shipping-addresses - null null
[09:43:01 INF] Executing endpoint 'SupplyChain.Identity.API.Controllers.ShippingAddressController.GetAddresses (SupplyChain.Identity.API)'
[09:43:01 INF] Route matched with {action = "GetAddresses", controller = "ShippingAddress"}. Executing controller action with signature System.Threading.Tasks.Task`1[Microsoft.AspNetCore.Mvc.IActionResult] GetAddresses(System.Threading.CancellationToken) on controller SupplyChain.Identity.API.Controllers.ShippingAddressController (SupplyChain.Identity.API).
[09:43:02 INF] Handling GetShippingAddressesQuery
[09:43:02 INF] Executed DbCommand (169ms) [Parameters=[@dealerId='?' (DbType = Guid)], CommandType='Text', CommandTimeout='30']
SELECT [s].[AddressId], [s].[AddressLine1], [s].[City], [s].[CreatedAt], [s].[DealerId], [s].[District], [s].[IsDefault], [s].[Label], [s].[PhoneNumber], [s].[PinCode], [s].[State]
FROM [ShippingAddresses] AS [s]
WHERE [s].[DealerId] = @dealerId
ORDER BY [s].[IsDefault] DESC, [s].[CreatedAt] DESC
[09:43:02 INF] Handled GetShippingAddressesQuery in 214ms
[09:43:02 INF] Executing OkObjectResult, writing value of type 'System.Collections.Generic.List`1[[SupplyChain.Identity.Application.DTOs.ShippingAddressDto, SupplyChain.Identity.Application, Version=1.0.0.0, Culture=neutral, PublicKeyToken=null]]'.
[09:43:02 INF] Executed action SupplyChain.Identity.API.Controllers.ShippingAddressController.GetAddresses (SupplyChain.Identity.API) in 235.6855ms
[09:43:02 INF] Executed endpoint 'SupplyChain.Identity.API.Controllers.ShippingAddressController.GetAddresses (SupplyChain.Identity.API)'
[09:43:02 INF] HTTP GET /api/shipping-addresses responded 200 in 275.3139 ms
[09:43:02 INF] Request finished HTTP/1.1 GET http://localhost:5002/api/shipping-addresses - 200 null application/json; charset=utf-8 278.8852ms
[09:44:21 INF] Request starting HTTP/1.1 GET http://localhost:5002/api/shipping-addresses/internal/dealer/216b67d0-f88b-43c7-b185-f1be21e1a0c2 - null null
[09:44:21 INF] Executing endpoint 'SupplyChain.Identity.API.Controllers.ShippingAddressController.GetAddressesByDealerIdInternal (SupplyChain.Identity.API)'
[09:44:21 INF] Route matched with {action = "GetAddressesByDealerIdInternal", controller = "ShippingAddress"}. Executing controller action with signature System.Threading.Tasks.Task`1[Microsoft.AspNetCore.Mvc.IActionResult] GetAddressesByDealerIdInternal(System.Guid, System.Threading.CancellationToken) on controller SupplyChain.Identity.API.Controllers.ShippingAddressController (SupplyChain.Identity.API).
[09:44:21 INF] Handling GetShippingAddressesQuery
[09:44:21 INF] Executed DbCommand (58ms) [Parameters=[@dealerId='?' (DbType = Guid)], CommandType='Text', CommandTimeout='30']
SELECT [s].[AddressId], [s].[AddressLine1], [s].[City], [s].[CreatedAt], [s].[DealerId], [s].[District], [s].[IsDefault], [s].[Label], [s].[PhoneNumber], [s].[PinCode], [s].[State]
FROM [ShippingAddresses] AS [s]
WHERE [s].[DealerId] = @dealerId
ORDER BY [s].[IsDefault] DESC, [s].[CreatedAt] DESC
[09:44:21 INF] Handled GetShippingAddressesQuery in 154ms
[09:44:21 INF] Executing OkObjectResult, writing value of type 'System.Collections.Generic.List`1[[SupplyChain.Identity.Application.DTOs.ShippingAddressDto, SupplyChain.Identity.Application, Version=1.0.0.0, Culture=neutral, PublicKeyToken=null]]'.
[09:44:21 INF] Executed action SupplyChain.Identity.API.Controllers.ShippingAddressController.GetAddressesByDealerIdInternal (SupplyChain.Identity.API) in 233.4189ms
[09:44:21 INF] Executed endpoint 'SupplyChain.Identity.API.Controllers.ShippingAddressController.GetAddressesByDealerIdInternal (SupplyChain.Identity.API)'
[09:44:21 INF] HTTP GET /api/shipping-addresses/internal/dealer/216b67d0-f88b-43c7-b185-f1be21e1a0c2 responded 200 in 519.2355 ms
[09:44:21 INF] Request finished HTTP/1.1 GET http://localhost:5002/api/shipping-addresses/internal/dealer/216b67d0-f88b-43c7-b185-f1be21e1a0c2 - 200 null application/json; charset=utf-8 562.44ms
[10:00:55 INF] Request starting HTTP/1.1 POST http://localhost:5002/api/auth/login - application/json 65
[10:00:55 INF] CORS policy execution successful.
[10:00:55 INF] Executing endpoint 'SupplyChain.Identity.API.Controllers.AuthController.Login (SupplyChain.Identity.API)'
[10:00:55 INF] Route matched with {action = "Login", controller = "Auth"}. Executing controller action with signature System.Threading.Tasks.Task`1[Microsoft.AspNetCore.Mvc.IActionResult] Login(SupplyChain.Identity.Application.Commands.Login.LoginCommand, System.Threading.CancellationToken) on controller SupplyChain.Identity.API.Controllers.AuthController (SupplyChain.Identity.API).
[10:00:56 INF] Handling LoginCommand
[10:01:06 INF] Executed DbCommand (238ms) [Parameters=[@ToLowerInvariant='?' (Size = 256)], CommandType='Text', CommandTimeout='30']
SELECT TOP(1) [u].[UserId], [u].[CreatedAt], [u].[Email], [u].[FullName], [u].[PasswordHash], [u].[PhoneNumber], [u].[ProfilePictureUrl], [u].[Role], [u].[Status], [u].[UpdatedAt], [d].[DealerProfileId], [d].[AddressLine1], [d].[ApprovedAt], [d].[ApprovedByAdminId], [d].[BusinessName], [d].[City], [d].[GstNumber], [d].[IsInterstate], [d].[PinCode], [d].[State], [d].[UserId]
FROM [Users] AS [u]
LEFT JOIN [DealerProfiles] AS [d] ON [u].[UserId] = [d].[UserId]
WHERE [u].[Email] = @ToLowerInvariant
[10:01:06 INF] Handled LoginCommand in 10438ms
[10:01:06 INF] Executing OkObjectResult, writing value of type 'SupplyChain.Identity.Application.DTOs.AuthResultDto'.
[10:01:06 INF] Executed action SupplyChain.Identity.API.Controllers.AuthController.Login (SupplyChain.Identity.API) in 10675.5214ms
[10:01:06 INF] Executed endpoint 'SupplyChain.Identity.API.Controllers.AuthController.Login (SupplyChain.Identity.API)'
[10:01:06 INF] HTTP POST /api/auth/login responded 200 in 10865.3174 ms
[10:01:06 INF] Request finished HTTP/1.1 POST http://localhost:5002/api/auth/login - 200 null application/json; charset=utf-8 10991.4534ms
[10:01:06 INF] Request starting HTTP/1.1 GET http://localhost:5002/api/super-admin/view-admins - null null
[10:01:07 INF] Executing endpoint 'SupplyChain.Identity.API.Controllers.SuperAdminController.ViewAdmins (SupplyChain.Identity.API)'
[10:01:07 INF] Route matched with {action = "ViewAdmins", controller = "SuperAdmin"}. Executing controller action with signature System.Threading.Tasks.Task`1[Microsoft.AspNetCore.Mvc.IActionResult] ViewAdmins(System.Threading.CancellationToken) on controller SupplyChain.Identity.API.Controllers.SuperAdminController (SupplyChain.Identity.API).
[10:01:07 INF] Request starting HTTP/1.1 GET http://localhost:5002/api/admin/dealers - null null
[10:01:07 INF] Executing endpoint 'SupplyChain.Identity.API.Controllers.AdminDealerController.GetDealers (SupplyChain.Identity.API)'
[10:01:07 INF] Route matched with {action = "GetDealers", controller = "AdminDealer"}. Executing controller action with signature System.Threading.Tasks.Task`1[Microsoft.AspNetCore.Mvc.IActionResult] GetDealers(System.String, System.Threading.CancellationToken) on controller SupplyChain.Identity.API.Controllers.AdminDealerController (SupplyChain.Identity.API).
[10:01:07 INF] Handling GetAdminListQuery
[10:01:07 INF] Handling GetDealerListQuery
[10:01:09 INF] Executed DbCommand (236ms) [Parameters=[], CommandType='Text', CommandTimeout='30']
SELECT [u].[UserId], [u].[CreatedAt], [u].[Email], [u].[FullName], [u].[PasswordHash], [u].[PhoneNumber], [u].[ProfilePictureUrl], [u].[Role], [u].[Status], [u].[UpdatedAt], [d].[DealerProfileId], [d].[AddressLine1], [d].[ApprovedAt], [d].[ApprovedByAdminId], [d].[BusinessName], [d].[City], [d].[GstNumber], [d].[IsInterstate], [d].[PinCode], [d].[State], [d].[UserId]
FROM [Users] AS [u]
LEFT JOIN [DealerProfiles] AS [d] ON [u].[UserId] = [d].[UserId]
WHERE [u].[Role] = N'Dealer'
ORDER BY [u].[CreatedAt] DESC
[10:01:09 INF] Handled GetDealerListQuery in 2426ms
[10:01:09 INF] Executing OkObjectResult, writing value of type 'System.Collections.Generic.List`1[[SupplyChain.Identity.Application.DTOs.DealerListDto, SupplyChain.Identity.Application, Version=1.0.0.0, Culture=neutral, PublicKeyToken=null]]'.
[10:01:09 INF] Executed action SupplyChain.Identity.API.Controllers.AdminDealerController.GetDealers (SupplyChain.Identity.API) in 2445.9361ms
[10:01:09 INF] Executed endpoint 'SupplyChain.Identity.API.Controllers.AdminDealerController.GetDealers (SupplyChain.Identity.API)'
[10:01:09 INF] HTTP GET /api/admin/dealers responded 200 in 2457.1460 ms
[10:01:09 INF] Request finished HTTP/1.1 GET http://localhost:5002/api/admin/dealers - 200 null application/json; charset=utf-8 2460.4931ms
[10:01:09 INF] Executed DbCommand (95ms) [Parameters=[@role='?' (Size = 50)], CommandType='Text', CommandTimeout='30']
SELECT [u].[UserId], [u].[CreatedAt], [u].[Email], [u].[FullName], [u].[PasswordHash], [u].[PhoneNumber], [u].[ProfilePictureUrl], [u].[Role], [u].[Status], [u].[UpdatedAt]
FROM [Users] AS [u]
WHERE [u].[Role] = @role
ORDER BY [u].[CreatedAt] DESC
[10:01:10 INF] Executed DbCommand (12ms) [Parameters=[@role='?' (Size = 50)], CommandType='Text', CommandTimeout='30']
SELECT [u].[UserId], [u].[CreatedAt], [u].[Email], [u].[FullName], [u].[PasswordHash], [u].[PhoneNumber], [u].[ProfilePictureUrl], [u].[Role], [u].[Status], [u].[UpdatedAt]
FROM [Users] AS [u]
WHERE [u].[Role] = @role
ORDER BY [u].[CreatedAt] DESC
[10:01:10 INF] Handled GetAdminListQuery in 3517ms
[10:01:10 INF] Executing OkObjectResult, writing value of type 'System.Collections.Generic.List`1[[SupplyChain.Identity.Application.DTOs.AdminListDto, SupplyChain.Identity.Application, Version=1.0.0.0, Culture=neutral, PublicKeyToken=null]]'.
[10:01:10 INF] Executed action SupplyChain.Identity.API.Controllers.SuperAdminController.ViewAdmins (SupplyChain.Identity.API) in 3588.8271ms
[10:01:10 INF] Executed endpoint 'SupplyChain.Identity.API.Controllers.SuperAdminController.ViewAdmins (SupplyChain.Identity.API)'
[10:01:10 INF] HTTP GET /api/super-admin/view-admins responded 200 in 3639.8292 ms
[10:01:10 INF] Request finished HTTP/1.1 GET http://localhost:5002/api/super-admin/view-admins - 200 null application/json; charset=utf-8 3653.4748ms
[10:01:32 INF] Request starting HTTP/1.1 GET http://localhost:5002/api/admin/dealers?status=Pending - null null
[10:01:32 INF] Executing endpoint 'SupplyChain.Identity.API.Controllers.AdminDealerController.GetDealers (SupplyChain.Identity.API)'
[10:01:32 INF] Route matched with {action = "GetDealers", controller = "AdminDealer"}. Executing controller action with signature System.Threading.Tasks.Task`1[Microsoft.AspNetCore.Mvc.IActionResult] GetDealers(System.String, System.Threading.CancellationToken) on controller SupplyChain.Identity.API.Controllers.AdminDealerController (SupplyChain.Identity.API).
[10:01:33 INF] Handling GetDealerListQuery
[10:01:33 INF] Request starting HTTP/1.1 GET http://localhost:5002/api/admin/dealers?status=Active - null null
[10:01:33 INF] Executing endpoint 'SupplyChain.Identity.API.Controllers.AdminDealerController.GetDealers (SupplyChain.Identity.API)'
[10:01:33 INF] Route matched with {action = "GetDealers", controller = "AdminDealer"}. Executing controller action with signature System.Threading.Tasks.Task`1[Microsoft.AspNetCore.Mvc.IActionResult] GetDealers(System.String, System.Threading.CancellationToken) on controller SupplyChain.Identity.API.Controllers.AdminDealerController (SupplyChain.Identity.API).
[10:01:33 INF] Handling GetDealerListQuery
[10:01:33 INF] Executed DbCommand (109ms) [Parameters=[@status_Value='?' (Size = 30)], CommandType='Text', CommandTimeout='30']
SELECT [u].[UserId], [u].[CreatedAt], [u].[Email], [u].[FullName], [u].[PasswordHash], [u].[PhoneNumber], [u].[ProfilePictureUrl], [u].[Role], [u].[Status], [u].[UpdatedAt], [d].[DealerProfileId], [d].[AddressLine1], [d].[ApprovedAt], [d].[ApprovedByAdminId], [d].[BusinessName], [d].[City], [d].[GstNumber], [d].[IsInterstate], [d].[PinCode], [d].[State], [d].[UserId]
FROM [Users] AS [u]
LEFT JOIN [DealerProfiles] AS [d] ON [u].[UserId] = [d].[UserId]
WHERE [u].[Role] = N'Dealer' AND [u].[Status] = @status_Value
ORDER BY [u].[CreatedAt] DESC
[10:01:33 INF] Executed DbCommand (98ms) [Parameters=[@status_Value='?' (Size = 30)], CommandType='Text', CommandTimeout='30']
SELECT [u].[UserId], [u].[CreatedAt], [u].[Email], [u].[FullName], [u].[PasswordHash], [u].[PhoneNumber], [u].[ProfilePictureUrl], [u].[Role], [u].[Status], [u].[UpdatedAt], [d].[DealerProfileId], [d].[AddressLine1], [d].[ApprovedAt], [d].[ApprovedByAdminId], [d].[BusinessName], [d].[City], [d].[GstNumber], [d].[IsInterstate], [d].[PinCode], [d].[State], [d].[UserId]
FROM [Users] AS [u]
LEFT JOIN [DealerProfiles] AS [d] ON [u].[UserId] = [d].[UserId]
WHERE [u].[Role] = N'Dealer' AND [u].[Status] = @status_Value
ORDER BY [u].[CreatedAt] DESC
[10:01:33 INF] Handled GetDealerListQuery in 182ms
[10:01:33 INF] Executing OkObjectResult, writing value of type 'System.Collections.Generic.List`1[[SupplyChain.Identity.Application.DTOs.DealerListDto, SupplyChain.Identity.Application, Version=1.0.0.0, Culture=neutral, PublicKeyToken=null]]'.
[10:01:33 INF] Executed action SupplyChain.Identity.API.Controllers.AdminDealerController.GetDealers (SupplyChain.Identity.API) in 201.7782ms
[10:01:33 INF] Executed endpoint 'SupplyChain.Identity.API.Controllers.AdminDealerController.GetDealers (SupplyChain.Identity.API)'
[10:01:33 INF] HTTP GET /api/admin/dealers responded 200 in 219.6314 ms
[10:01:33 INF] Request finished HTTP/1.1 GET http://localhost:5002/api/admin/dealers?status=Pending - 200 null application/json; charset=utf-8 229.2331ms
[10:01:33 INF] Handled GetDealerListQuery in 179ms
[10:01:33 INF] Executing OkObjectResult, writing value of type 'System.Collections.Generic.List`1[[SupplyChain.Identity.Application.DTOs.DealerListDto, SupplyChain.Identity.Application, Version=1.0.0.0, Culture=neutral, PublicKeyToken=null]]'.
[10:01:33 INF] Executed action SupplyChain.Identity.API.Controllers.AdminDealerController.GetDealers (SupplyChain.Identity.API) in 185.1752ms
[10:01:33 INF] Executed endpoint 'SupplyChain.Identity.API.Controllers.AdminDealerController.GetDealers (SupplyChain.Identity.API)'
[10:01:33 INF] HTTP GET /api/admin/dealers responded 200 in 195.8292 ms
[10:01:33 INF] Request finished HTTP/1.1 GET http://localhost:5002/api/admin/dealers?status=Active - 200 null application/json; charset=utf-8 197.8584ms
