Using launch settings from src\Services\Payment\SupplyChain.Payment.API\Properties\launchSettings.json...
Building...
[09:21:34 INF] Executed DbCommand (123ms) [Parameters=[], CommandType='Text', CommandTimeout='30']
SELECT 1
[09:21:34 INF] Acquiring an exclusive lock for migration application. See https://aka.ms/efcore-docs-migrations-lock for more information if this takes too long.
[09:21:35 INF] Executed DbCommand (922ms) [Parameters=[], CommandType='Text', CommandTimeout='30']
DECLARE @result int;
EXEC @result = sp_getapplock @Resource = '__EFMigrationsLock', @LockOwner = 'Session', @LockMode = 'Exclusive';
SELECT @result
[09:21:35 INF] Executed DbCommand (47ms) [Parameters=[], CommandType='Text', CommandTimeout='30']
IF OBJECT_ID(N'[__EFMigrationsHistory]') IS NULL
BEGIN
    CREATE TABLE [__EFMigrationsHistory] (
        [MigrationId] nvarchar(150) NOT NULL,
        [ProductVersion] nvarchar(32) NOT NULL,
        CONSTRAINT [PK___EFMigrationsHistory] PRIMARY KEY ([MigrationId])
    );
END;
[09:21:35 INF] Executed DbCommand (22ms) [Parameters=[], CommandType='Text', CommandTimeout='30']
SELECT 1
[09:21:35 INF] Executed DbCommand (63ms) [Parameters=[], CommandType='Text', CommandTimeout='30']
SELECT OBJECT_ID(N'[__EFMigrationsHistory]');
[09:21:36 INF] Executed DbCommand (493ms) [Parameters=[], CommandType='Text', CommandTimeout='30']
SELECT [MigrationId], [ProductVersion]
FROM [__EFMigrationsHistory]
ORDER BY [MigrationId];
[09:21:36 INF] No migrations were applied. The database is already up to date.
[09:21:36 INF] Executed DbCommand (49ms) [Parameters=[], CommandType='Text', CommandTimeout='30']
DECLARE @result int;
EXEC @result = sp_releaseapplock @Resource = '__EFMigrationsLock', @LockOwner = 'Session';
SELECT @result
[09:21:36 INF] User profile is available. Using 'C:\Users\Srikaran\AppData\Local\ASP.NET\DataProtection-Keys' as key repository and Windows DPAPI to encrypt keys at rest.
[09:21:36 INF] Now listening on: http://localhost:5010
[09:21:36 INF] Application started. Press Ctrl+C to shut down.
[09:21:36 INF] Hosting environment: Development
[09:21:36 INF] Content root path: D:\Early Sprint\EnterpriseB2BSupplyChain Backend\EnterpriseB2BSupplyChain\src\Services\Payment\SupplyChain.Payment.API
[09:44:24 INF] Request starting HTTP/1.1 GET http://localhost:5010/api/payment/dealers/216b67d0-f88b-43c7-b185-f1be21e1a0c2/credit-check?amount=5268 - null null
[09:44:25 INF] Authorization failed. These requirements were not met:
DenyAnonymousAuthorizationRequirement: Requires an authenticated user.
RolesAuthorizationRequirement:User.IsInRole must be true for one of the following roles: (Admin|SuperAdmin|Dealer)
[09:44:25 INF] AuthenticationScheme: Bearer was challenged.
[09:44:25 INF] HTTP GET /api/payment/dealers/216b67d0-f88b-43c7-b185-f1be21e1a0c2/credit-check responded 401 in 608.1495 ms
[09:44:25 INF] Request finished HTTP/1.1 GET http://localhost:5010/api/payment/dealers/216b67d0-f88b-43c7-b185-f1be21e1a0c2/credit-check?amount=5268 - 401 0 null 1811.4245ms
[09:44:33 INF] Request starting HTTP/1.1 POST http://localhost:5010/api/payment/razorpay/create-order - application/json 69
[09:44:33 INF] CORS policy execution successful.
[09:44:34 INF] Executing endpoint 'SupplyChain.Payment.API.Controllers.RazorpayController.CreateOrder (SupplyChain.Payment.API)'
[09:44:34 INF] Route matched with {action = "CreateOrder", controller = "Razorpay"}. Executing controller action with signature System.Threading.Tasks.Task`1[Microsoft.AspNetCore.Mvc.IActionResult] CreateOrder(SupplyChain.Payment.API.Controllers.CreateRazorpayOrderRequest, System.Threading.CancellationToken) on controller SupplyChain.Payment.API.Controllers.RazorpayController (SupplyChain.Payment.API).
[09:44:34 WRN] You do not have a valid license key for the Lucky Penny software MediatR. This is allowed for development and testing scenarios. If you are running in production you are required to have a licensed version. Please visit https://luckypennysoftware.com to obtain a valid license.
[09:44:35 INF] Handling CreateRazorpayOrderCommand
[09:44:45 INF] Handled CreateRazorpayOrderCommand in 9986ms
[09:44:45 INF] Executing OkObjectResult, writing value of type '<>f__AnonymousType4`1[[System.String, System.Private.CoreLib, Version=10.0.0.0, Culture=neutral, PublicKeyToken=7cec85d7bea7798e]]'.
[09:44:45 INF] Executed action SupplyChain.Payment.API.Controllers.RazorpayController.CreateOrder (SupplyChain.Payment.API) in 10781.5041ms
[09:44:45 INF] Executed endpoint 'SupplyChain.Payment.API.Controllers.RazorpayController.CreateOrder (SupplyChain.Payment.API)'
[09:44:45 INF] HTTP POST /api/payment/razorpay/create-order responded 200 in 12209.2950 ms
[09:44:45 INF] Request finished HTTP/1.1 POST http://localhost:5010/api/payment/razorpay/create-order - 200 null application/json; charset=utf-8 12247.7145ms
[09:47:21 INF] Request starting HTTP/1.1 POST http://localhost:5010/api/payment/razorpay/confirm - application/json 170
[09:47:21 INF] CORS policy execution successful.
[09:47:23 INF] Executing endpoint 'SupplyChain.Payment.API.Controllers.RazorpayController.ConfirmPayment (SupplyChain.Payment.API)'
[09:47:24 INF] Route matched with {action = "ConfirmPayment", controller = "Razorpay"}. Executing controller action with signature System.Threading.Tasks.Task`1[Microsoft.AspNetCore.Mvc.IActionResult] ConfirmPayment(SupplyChain.Payment.API.Controllers.ConfirmRazorpayPaymentRequest, System.Threading.CancellationToken) on controller SupplyChain.Payment.API.Controllers.RazorpayController (SupplyChain.Payment.API).
[09:47:24 INF] Handling ConfirmRazorpayPaymentCommand
[09:47:24 INF] Handled ConfirmRazorpayPaymentCommand in 76ms
[09:47:24 INF] Executing OkObjectResult, writing value of type '<>f__AnonymousType1`1[[System.String, System.Private.CoreLib, Version=10.0.0.0, Culture=neutral, PublicKeyToken=7cec85d7bea7798e]]'.
[09:47:24 INF] Executed action SupplyChain.Payment.API.Controllers.RazorpayController.ConfirmPayment (SupplyChain.Payment.API) in 338.503ms
[09:47:24 INF] Executed endpoint 'SupplyChain.Payment.API.Controllers.RazorpayController.ConfirmPayment (SupplyChain.Payment.API)'
[09:47:24 INF] HTTP POST /api/payment/razorpay/confirm responded 200 in 3062.6829 ms
[09:47:24 INF] Request finished HTTP/1.1 POST http://localhost:5010/api/payment/razorpay/confirm - 200 null application/json; charset=utf-8 3475.0476ms
