Using launch settings from src\Services\Order\SupplyChain.Order.API\Properties\launchSettings.json...
Building...
[15:02:22 INF] Executed DbCommand (221ms) [Parameters=[], CommandType='Text', CommandTimeout='30']
SELECT 1
[15:02:22 INF] Acquiring an exclusive lock for migration application. See https://aka.ms/efcore-docs-migrations-lock for more information if this takes too long.
[15:02:22 INF] Executed DbCommand (100ms) [Parameters=[], CommandType='Text', CommandTimeout='30']
DECLARE @result int;
EXEC @result = sp_getapplock @Resource = '__EFMigrationsLock', @LockOwner = 'Session', @LockMode = 'Exclusive';
SELECT @result
[15:02:22 INF] Executed DbCommand (16ms) [Parameters=[], CommandType='Text', CommandTimeout='30']
IF OBJECT_ID(N'[__EFMigrationsHistory]') IS NULL
BEGIN
    CREATE TABLE [__EFMigrationsHistory] (
        [MigrationId] nvarchar(150) NOT NULL,
        [ProductVersion] nvarchar(32) NOT NULL,
        CONSTRAINT [PK___EFMigrationsHistory] PRIMARY KEY ([MigrationId])
    );
END;
[15:02:22 INF] Executed DbCommand (2ms) [Parameters=[], CommandType='Text', CommandTimeout='30']
SELECT 1
[15:02:22 INF] Executed DbCommand (3ms) [Parameters=[], CommandType='Text', CommandTimeout='30']
SELECT OBJECT_ID(N'[__EFMigrationsHistory]');
[15:02:22 INF] Executed DbCommand (80ms) [Parameters=[], CommandType='Text', CommandTimeout='30']
SELECT [MigrationId], [ProductVersion]
FROM [__EFMigrationsHistory]
ORDER BY [MigrationId];
[15:02:22 INF] No migrations were applied. The database is already up to date.
[15:02:22 INF] Executed DbCommand (37ms) [Parameters=[], CommandType='Text', CommandTimeout='30']
DECLARE @result int;
EXEC @result = sp_releaseapplock @Resource = '__EFMigrationsLock', @LockOwner = 'Session';
SELECT @result
[15:02:23 INF] Start installing Hangfire SQL objects...
[15:02:25 INF] Hangfire SQL objects installed.
[15:02:27 INF] User profile is available. Using 'C:\Users\Srikaran\AppData\Local\ASP.NET\DataProtection-Keys' as key repository and Windows DPAPI to encrypt keys at rest.
[15:02:28 INF] Now listening on: http://localhost:5006
[15:02:28 INF] Starting Hangfire Server using job storage: 'SQL Server: ASUS-VIVOBOOK-1\SQLEXPRESS@OrderDB'
[15:02:28 INF] Using the following options for SQL Server job storage: Queue poll interval: 00:00:00.
[15:02:28 INF] Using the following options for Hangfire Server:
    Worker count: 20
    Listening queues: 'default'
    Shutdown timeout: 00:00:15
    Schedule polling interval: 00:00:15
[15:02:28 INF] Application started. Press Ctrl+C to shut down.
[15:02:28 INF] Hosting environment: Development
[15:02:28 INF] Content root path: D:\Early Sprint\EnterpriseB2BSupplyChain\EnterpriseB2BSupplyChain\src\Services\Order\SupplyChain.Order.API
[15:02:28 INF] Server asus-vivobook-1:20544:6fbbb11c successfully announced in 86.222 ms
[15:02:28 INF] Server asus-vivobook-1:20544:6fbbb11c is starting the registered dispatchers: ServerWatchdog, ServerJobCancellationWatcher, SqlServerHeartbeatProcess, ExpirationManager, CountersAggregator, Worker, DelayedJobScheduler, RecurringJobScheduler...
[15:02:28 INF] 2 servers were removed due to timeout
[15:02:28 INF] Server asus-vivobook-1:20544:6fbbb11c all the dispatchers started
[15:02:32 INF] Executed DbCommand (11ms) [Parameters=[@p='?' (DbType = Int32)], CommandType='Text', CommandTimeout='30']
SELECT TOP(@p) [o].[MessageId], [o].[CreatedAt], [o].[Error], [o].[EventType], [o].[Payload], [o].[PublishedAt], [o].[RetryCount], [o].[Status]
FROM [OutboxMessages] AS [o]
WHERE [o].[Status] = N'Pending'
ORDER BY [o].[CreatedAt]
[15:02:33 INF] Executed DbCommand (7ms) [Parameters=[@p='?' (DbType = Int32)], CommandType='Text', CommandTimeout='30']
SELECT TOP(@p) [o].[MessageId], [o].[CreatedAt], [o].[Error], [o].[EventType], [o].[Payload], [o].[PublishedAt], [o].[RetryCount], [o].[Status]
FROM [OutboxMessages] AS [o]
WHERE [o].[Status] = N'Pending'
ORDER BY [o].[CreatedAt]
