Using launch settings from src\Services\Logistics\SupplyChain.Logistics.API\Properties\launchSettings.json...
Building...
[15:02:23 INF] Executed DbCommand (187ms) [Parameters=[], CommandType='Text', CommandTimeout='30']
SELECT 1
[15:02:23 INF] Acquiring an exclusive lock for migration application. See https://aka.ms/efcore-docs-migrations-lock for more information if this takes too long.
[15:02:23 INF] Executed DbCommand (131ms) [Parameters=[], CommandType='Text', CommandTimeout='30']
DECLARE @result int;
EXEC @result = sp_getapplock @Resource = '__EFMigrationsLock', @LockOwner = 'Session', @LockMode = 'Exclusive';
SELECT @result
[15:02:24 INF] Executed DbCommand (6ms) [Parameters=[], CommandType='Text', CommandTimeout='30']
IF OBJECT_ID(N'[__EFMigrationsHistory]') IS NULL
BEGIN
    CREATE TABLE [__EFMigrationsHistory] (
        [MigrationId] nvarchar(150) NOT NULL,
        [ProductVersion] nvarchar(32) NOT NULL,
        CONSTRAINT [PK___EFMigrationsHistory] PRIMARY KEY ([MigrationId])
    );
END;
[15:02:24 INF] Executed DbCommand (2ms) [Parameters=[], CommandType='Text', CommandTimeout='30']
SELECT 1
[15:02:24 INF] Executed DbCommand (2ms) [Parameters=[], CommandType='Text', CommandTimeout='30']
SELECT OBJECT_ID(N'[__EFMigrationsHistory]');
[15:02:24 INF] Executed DbCommand (23ms) [Parameters=[], CommandType='Text', CommandTimeout='30']
SELECT [MigrationId], [ProductVersion]
FROM [__EFMigrationsHistory]
ORDER BY [MigrationId];
[15:02:24 INF] No migrations were applied. The database is already up to date.
[15:02:24 INF] Executed DbCommand (9ms) [Parameters=[], CommandType='Text', CommandTimeout='30']
DECLARE @result int;
EXEC @result = sp_releaseapplock @Resource = '__EFMigrationsLock', @LockOwner = 'Session';
SELECT @result
[15:02:25 INF] Start installing Hangfire SQL objects...
[15:02:26 INF] Hangfire SQL objects installed.
[15:02:28 INF] User profile is available. Using 'C:\Users\Srikaran\AppData\Local\ASP.NET\DataProtection-Keys' as key repository and Windows DPAPI to encrypt keys at rest.
[15:02:29 INF] Now listening on: http://localhost:5008
[15:02:29 INF] Starting Hangfire Server using job storage: 'SQL Server: ASUS-VIVOBOOK-1\SQLEXPRESS@LogisticsDB'
[15:02:29 INF] Using the following options for SQL Server job storage: Queue poll interval: 00:00:00.
[15:02:29 INF] Using the following options for Hangfire Server:
    Worker count: 20
    Listening queues: 'default'
    Shutdown timeout: 00:00:15
    Schedule polling interval: 00:00:15
[15:02:29 INF] Application started. Press Ctrl+C to shut down.
[15:02:29 INF] Hosting environment: Development
[15:02:29 INF] Content root path: D:\Early Sprint\EnterpriseB2BSupplyChain\EnterpriseB2BSupplyChain\src\Services\Logistics\SupplyChain.Logistics.API
[15:02:29 INF] Server asus-vivobook-1:21660:c8ef9799 successfully announced in 64.2935 ms
[15:02:29 INF] Server asus-vivobook-1:21660:c8ef9799 is starting the registered dispatchers: ServerWatchdog, ServerJobCancellationWatcher, SqlServerHeartbeatProcess, ExpirationManager, CountersAggregator, Worker, DelayedJobScheduler, RecurringJobScheduler...
[15:02:29 INF] 2 servers were removed due to timeout
[15:02:29 INF] Server asus-vivobook-1:21660:c8ef9799 all the dispatchers started
[15:02:33 INF] Executed DbCommand (8ms) [Parameters=[], CommandType='Text', CommandTimeout='30']
SELECT [s].[ShipmentId], [s].[AgentId], [s].[CreatedAt], [s].[DeliveredAt], [s].[OrderId], [s].[PickedUpAt], [s].[SlaAtRiskNotified], [s].[SlaDeadlineUtc], [s].[Status], [s].[VehicleId]
FROM [Shipments] AS [s]
WHERE [s].[Status] NOT IN (N'Delivered', N'Failed') AND [s].[SlaAtRiskNotified] = CAST(0 AS bit)
