Using launch settings from src\Services\Notification\SupplyChain.Notification.API\Properties\launchSettings.json...
Building...
[15:02:21 INF] Executed DbCommand (196ms) [Parameters=[], CommandType='Text', CommandTimeout='30']
SELECT 1
[15:02:22 INF] Acquiring an exclusive lock for migration application. See https://aka.ms/efcore-docs-migrations-lock for more information if this takes too long.
[15:02:22 INF] Executed DbCommand (148ms) [Parameters=[], CommandType='Text', CommandTimeout='30']
DECLARE @result int;
EXEC @result = sp_getapplock @Resource = '__EFMigrationsLock', @LockOwner = 'Session', @LockMode = 'Exclusive';
SELECT @result
[15:02:22 INF] Executed DbCommand (14ms) [Parameters=[], CommandType='Text', CommandTimeout='30']
IF OBJECT_ID(N'[__EFMigrationsHistory]') IS NULL
BEGIN
    CREATE TABLE [__EFMigrationsHistory] (
        [MigrationId] nvarchar(150) NOT NULL,
        [ProductVersion] nvarchar(32) NOT NULL,
        CONSTRAINT [PK___EFMigrationsHistory] PRIMARY KEY ([MigrationId])
    );
END;
[15:02:22 INF] Executed DbCommand (1ms) [Parameters=[], CommandType='Text', CommandTimeout='30']
SELECT 1
[15:02:22 INF] Executed DbCommand (3ms) [Parameters=[], CommandType='Text', CommandTimeout='30']
SELECT OBJECT_ID(N'[__EFMigrationsHistory]');
[15:02:22 INF] Executed DbCommand (93ms) [Parameters=[], CommandType='Text', CommandTimeout='30']
SELECT [MigrationId], [ProductVersion]
FROM [__EFMigrationsHistory]
ORDER BY [MigrationId];
[15:02:22 INF] No migrations were applied. The database is already up to date.
[15:02:22 INF] Executed DbCommand (16ms) [Parameters=[], CommandType='Text', CommandTimeout='30']
DECLARE @result int;
EXEC @result = sp_releaseapplock @Resource = '__EFMigrationsLock', @LockOwner = 'Session';
SELECT @result
[15:02:24 INF] Executed DbCommand (30ms) [Parameters=[], CommandType='Text', CommandTimeout='30']
SELECT CASE
    WHEN EXISTS (
        SELECT 1
        FROM [EmailTemplates] AS [e]) THEN CAST(1 AS bit)
    ELSE CAST(0 AS bit)
END
[15:02:25 INF] Executed DbCommand (264ms) [Parameters=[@p0='?' (DbType = Guid), @p1='?' (Size = 100), @p2='?' (Size = 4000), @p3='?' (DbType = Boolean), @p4='?' (Size = 300), @p5='?' (DbType = DateTime2), @p6='?' (DbType = Guid), @p7='?' (Size = 100), @p8='?' (Size = 4000), @p9='?' (DbType = Boolean), @p10='?' (Size = 300), @p11='?' (DbType = DateTime2), @p12='?' (DbType = Guid), @p13='?' (Size = 100), @p14='?' (Size = 4000), @p15='?' (DbType = Boolean), @p16='?' (Size = 300), @p17='?' (DbType = DateTime2), @p18='?' (DbType = Guid), @p19='?' (Size = 100), @p20='?' (Size = 4000), @p21='?' (DbType = Boolean), @p22='?' (Size = 300), @p23='?' (DbType = DateTime2), @p24='?' (DbType = Guid), @p25='?' (Size = 100), @p26='?' (Size = 4000), @p27='?' (DbType = Boolean), @p28='?' (Size = 300), @p29='?' (DbType = DateTime2), @p30='?' (DbType = Guid), @p31='?' (Size = 100), @p32='?' (Size = 4000), @p33='?' (DbType = Boolean), @p34='?' (Size = 300), @p35='?' (DbType = DateTime2), @p36='?' (DbType = Guid), @p37='?' (Size = 100), @p38='?' (Size = 4000), @p39='?' (DbType = Boolean), @p40='?' (Size = 300), @p41='?' (DbType = DateTime2), @p42='?' (DbType = Guid), @p43='?' (Size = 100), @p44='?' (Size = 4000), @p45='?' (DbType = Boolean), @p46='?' (Size = 300), @p47='?' (DbType = DateTime2), @p48='?' (DbType = Guid), @p49='?' (Size = 100), @p50='?' (Size = 4000), @p51='?' (DbType = Boolean), @p52='?' (Size = 300), @p53='?' (DbType = DateTime2), @p54='?' (DbType = Guid), @p55='?' (Size = 100), @p56='?' (Size = 4000), @p57='?' (DbType = Boolean), @p58='?' (Size = 300), @p59='?' (DbType = DateTime2), @p60='?' (DbType = Guid), @p61='?' (Size = 100), @p62='?' (Size = 4000), @p63='?' (DbType = Boolean), @p64='?' (Size = 300), @p65='?' (DbType = DateTime2), @p66='?' (DbType = Guid), @p67='?' (Size = 100), @p68='?' (Size = 4000), @p69='?' (DbType = Boolean), @p70='?' (Size = 300), @p71='?' (DbType = DateTime2)], CommandType='Text', CommandTimeout='30']
SET IMPLICIT_TRANSACTIONS OFF;
SET NOCOUNT ON;
INSERT INTO [EmailTemplates] ([TemplateId], [EventType], [HtmlBody], [IsActive], [Subject], [UpdatedAt])
VALUES (@p0, @p1, @p2, @p3, @p4, @p5),
(@p6, @p7, @p8, @p9, @p10, @p11),
(@p12, @p13, @p14, @p15, @p16, @p17),
(@p18, @p19, @p20, @p21, @p22, @p23),
(@p24, @p25, @p26, @p27, @p28, @p29),
(@p30, @p31, @p32, @p33, @p34, @p35),
(@p36, @p37, @p38, @p39, @p40, @p41),
(@p42, @p43, @p44, @p45, @p46, @p47),
(@p48, @p49, @p50, @p51, @p52, @p53),
(@p54, @p55, @p56, @p57, @p58, @p59),
(@p60, @p61, @p62, @p63, @p64, @p65),
(@p66, @p67, @p68, @p69, @p70, @p71);
[15:02:25 INF] User profile is available. Using 'C:\Users\Srikaran\AppData\Local\ASP.NET\DataProtection-Keys' as key repository and Windows DPAPI to encrypt keys at rest.
[15:02:26 INF] Now listening on: http://localhost:5012
[15:02:26 INF] Application started. Press Ctrl+C to shut down.
[15:02:26 INF] Hosting environment: Development
[15:02:26 INF] Content root path: D:\Early Sprint\EnterpriseB2BSupplyChain\EnterpriseB2BSupplyChain\src\Services\Notification\SupplyChain.Notification.API
[15:02:28 INF] Notification consumer started. Queue: notification.email.queue
