node.exe : [1m[31m[31mX [41;31m
[[41;97mERROR[41;31m][0m 
[1mNG6001: The class 
'VerifyOtpComponent' is listed in 
the declarations of the NgModule 
'AuthModule', but is not a 
directive, a component, or a pipe. 
Either remove it from the 
NgModule's declarations, or add an 
appropriate Angular decorator.[0m 
[1m[35m[plugin 
angular-compiler][0m
At C:\nvm4w\nodejs\npx.ps1:16 
char:5
+     & "$basedir/node$exe"  "$base
dir/node_modules/npm/bin/npx-cli.js
" ...
+     ~~~~~~~~~~~~~~~~~~~~~~~~~~~~~
~~~~~~~~~~~~~~~~~~~~~~~~~~~~~~~~~~~
~
    + CategoryInfo          : 
NotSp    ecified: 
([1m[31m[31mX...r-c    
ompiler][0m:String) [], Remote    
Exception
    + FullyQualifiedErrorId : 
Nativ    eCommandError
 

    src/app/features/auth/auth.modu
le.ts:37:4:
[37m      37 Γöé     
[32mVerifyOtpComponent[37m,
         Γò╡     
[32m~~~~~~~~~~~~~~~~~~[0m

  'VerifyOtpComponent' is declared 
here.

    src/app/features/auth/pages/ver
ify-otp/verify-otp.component.ts:110
:13:
[37m      110 Γöé export class 
[32mVerifyOtpComponent[37m 
implements OnInit, OnDestroy {
          Γò╡              
[32m~~~~~~~~~~~~~~~~~~[0m


[31mX [41;31m[[41;97mERROR[41;3
1m][0m [1mNG2003: No suitable 
injection token for parameter 
'cdr' of class 
'VerifyOtpComponent'.
  Consider using the @Inject 
decorator to specify an injection 
token.[0m [1m[35m[plugin 
angular-compiler][0m

    src/app/features/auth/pages/ver
ify-otp/verify-otp.component.ts:126
:12:
[37m      126 Γöé     private 
[32mcdr[37m: import('@angular/cor
e').ChangeDetectorRef
          Γò╡             
[32m~~~[0m

  This type is not supported as 
injection token.

    src/app/features/auth/pages/ver
ify-otp/verify-otp.component.ts:126
:17:
[37m      126 Γöé     private 
cdr: [32mimport('@angular/core').C
hangeDetectorRef[37m
          Γò╡                  [32
m~~~~~~~~~~~~~~~~~~~~~~~~~~~~~~~~~~
~~~~~~~[0m


[31mX [41;31m[[41;97mERROR[41;3
1m][0m [1mTS2339: Property 
'profilePicture' does not exist on 
type '{ login: () => string; 
loginVerifyOtp: () => string; 
register: () => string; 
registerVerifyOtp: () => string; 
forgotPassword: () => string; 
forgotPasswordReset: () => string; 
resetPassword: () => string; 
}'.[0m [1m[35m[plugin 
angular-compiler][0m

    src/app/features/dealer/pages/p
rofile/profile.component.ts:248:66:
[37m      248 Γöé ...ring}>(API_EN
DPOINTS.auth.[32mprofilePicture[3
7m(), formData).subscribe({
          Γò╡                      
        [32m~~~~~~~~~~~~~~[0m


[31mX [41;31m[[41;97mERROR[41;3
1m][0m [1mNG8001: 'app-hul-card' 
is not a known element:
1. If 'app-hul-card' is an Angular 
component, then verify that it is 
part of this module.
2. If 'app-hul-card' is a Web 
Component then add 
'CUSTOM_ELEMENTS_SCHEMA' to the 
'@NgModule.schemas' of this 
component to suppress this 
message.[0m [1m[35m[plugin 
angular-compiler][0m

    src/app/features/dealer/pages/r
eturns/returns.component.html:6:2:
[37m      6 Γöé   
[32m<app-hul-card>[37m
        Γò╡   
[32m~~~~~~~~~~~~~~[0m

  Error occurs in the template of 
component ReturnsComponent.

    src/app/features/dealer/pages/r
eturns/returns.component.ts:7:15:
[37m      7 Γöé   templateUrl: [3
2m'./returns.component.html'[37m
        Γò╡                
[32m~~~~~~~~~~~~~~~~~~~~~~~~~~[0m


[31mX [41;31m[[41;97mERROR[41;3
1m][0m [1mNG8001: 
'app-hul-skeleton' is not a known 
element:
1. If 'app-hul-skeleton' is an 
Angular component, then verify 
that it is part of this module.
2. If 'app-hul-skeleton' is a Web 
Component then add 
'CUSTOM_ELEMENTS_SCHEMA' to the 
'@NgModule.schemas' of this 
component to suppress this 
message.[0m [1m[35m[plugin 
angular-compiler][0m

    src/app/features/dealer/pages/r
eturns/returns.component.html:9:6:
[37m      9 Γöé       
[32m<app-hul-skeleton 
*ngIf="loading" type="list" 
[count]="3">[37m</a...
        Γò╡       [32m~~~~~~~~~~~~
~~~~~~~~~~~~~~~~~~~~~~~~~~~~~~~~~~~
~~~~~~~~~~~[0m

  Error occurs in the template of 
component ReturnsComponent.

    src/app/features/dealer/pages/r
eturns/returns.component.ts:7:15:
[37m      7 Γöé   templateUrl: [3
2m'./returns.component.html'[37m
        Γò╡                
[32m~~~~~~~~~~~~~~~~~~~~~~~~~~[0m


[31mX [41;31m[[41;97mERROR[41;3
1m][0m [1mNG8002: Can't bind to 
'count' since it isn't a known 
property of 'app-hul-skeleton'.
1. If 'app-hul-skeleton' is an 
Angular component and it has 
'count' input, then verify that it 
is part of this module.
2. If 'app-hul-skeleton' is a Web 
Component then add 
'CUSTOM_ELEMENTS_SCHEMA' to the 
'@NgModule.schemas' of this 
component to suppress this message.
3. To allow any property add 
'NO_ERRORS_SCHEMA' to the 
'@NgModule.schemas' of this 
component.[0m [1m[35m[plugin 
angular-compiler][0m

    src/app/features/dealer/pages/r
eturns/returns.component.html:9:52:
[37m      9 Γöé ...keleton 
*ngIf="loading" type="list" [32m[c
ount]="3"[37m></app-hul-skeleton>
        Γò╡                        
                
[32m~~~~~~~~~~~[0m

  Error occurs in the template of 
component ReturnsComponent.

    src/app/features/dealer/pages/r
eturns/returns.component.ts:7:15:
[37m      7 Γöé   templateUrl: [3
2m'./returns.component.html'[37m
        Γò╡                
[32m~~~~~~~~~~~~~~~~~~~~~~~~~~[0m

[39m[22m
